#
# A fatal error has been detected by the Java Runtime Environment:
#
#  SIGSEGV (0xb) at pc=0x000000326fa14d70, pid=6325, tid=140082427758352
#
# JRE version: 6.0_17-b17
# Java VM: OpenJDK 64-Bit Server VM (14.0-b16 mixed mode linux-amd64 )
# Derivative: IcedTea6 1.7.4
# Distribution: Custom build (Thu Jul 29 16:49:18 EDT 2010)
# Problematic frame:
# C  [ld-linux-x86-64.so.2+0x14d70]
#
# If you would like to submit a bug report, please include
# instructions how to reproduce the bug and visit:
#   http://icedtea.classpath.org/bugzilla
# The crash happened outside the Java Virtual Machine in native code.
# See problematic frame for where to report the bug.
#

---------------  T H R E A D  ---------------

Current thread (0x00007f6774008000):  JavaThread "main" [_thread_in_native, id=6326, stack(0x00007f677b488000,0x00007f677b589000)]

siginfo:si_signo=SIGSEGV: si_errno=0, si_code=128 (), si_addr=0x0000000000000000

Registers:
RAX=0x0000000000000001, RBX=0x00007f67740b4b60, RCX=0x000000007fdafbbf, RDX=0x00000000bfebfbff
RSP=0x00007f677b585ff8, RBP=0x00007f677b586140, RSI=0x0000000000000000, RDI=0x0000000000000058
R8 =0x0000000000000000, R9 =0x0000000000000000, R10=0x00007f677b585f70, R11=0x00007f67740b4b60
R12=0x00007f677b586168, R13=0x00007f677412ad70, R14=0x0000000000000000, R15=0x0000000000000000
RIP=0x000000326fa14d70, EFL=0x0000000000010202, CSGSFS=0x0000000000000033, ERR=0x0000000000000000
  TRAPNO=0x000000000000000d

Top of Stack: (sp=0x00007f677b585ff8)
0x00007f677b585ff8:   000000326fa0aaea 0000000000000000
0x00007f677b586008:   0000000000000000 00007f6700000005
0x00007f677b586018:   0000000000000000 0000000000000001
0x00007f677b586028:   00007f677412ad70 0000000000000000
0x00007f677b586038:   00007f6700000000 0000000000000000
0x00007f677b586048:   0000000000000058 0000000000000004
0x00007f677b586058:   00007f677412b0c8 0000000000000013
0x00007f677b586068:   00007f6778d8f660 00007f670000000a
0x00007f677b586078:   0000000174008448 00007f6774008000
0x00007f677b586088:   00007f6778d82db9 0000000000000000
0x00007f677b586098:   00007f6774008448 00007f677b586110
0x00007f677b5860a8:   00007f677ba9c75f 00007f6774008000
0x00007f677b5860b8:   00007f6700000000 00007f677b5862d8
0x00007f677b5860c8:   00007f677b586290 00007f6774005ea0
0x00007f677b5860d8:   000000032c940b18 0000000000000000
0x00007f677b5860e8:   00007f6774007770 00007f6778fdf548
0x00007f677b5860f8:   00007f67740b4b60 00007f6774008000
0x00007f677b586108:   00000000ffffffff 00007f677b586170
0x00007f677b586118:   0000000000000005 00000000002468e0
0x00007f677b586128:   0000000000000000 00007f677b586290
0x00007f677b586138:   00007f6774008000 00007f6778d81000
0x00007f677b586148:   000000326fa0dee0 00007f6700000005
0x00007f677b586158:   0000000000000000 00007f6774160bb0
0x00007f677b586168:   00007f6778d81b48 00007f6774008000
0x00007f677b586178:   00007f6774160bb0 00007f677b586210
0x00007f677b586188:   00007f67740081b8 000000000000001c
0x00007f677b586198:   000000326fa147b5 0000000000000000
0x00007f677b5861a8:   6f6e6f4d20736e61 00007f677bfcc430
0x00007f677b5861b8:   00007f675dcbc7f4 00007f6774160bb0
0x00007f677b5861c8:   657571696c624f20 0000000000000025
0x00007f677b5861d8:   00007f677412ad70 0000000000000043
0x00007f677b5861e8:   00007f6778d8f6cb 00007f672ceb58c0 

Instructions: (pc=0x000000326fa14d70)
0x000000326fa14d60:   10 75 02 f7 d8 89 05 0d b2 20 00 83 f8 00 78 51
0x000000326fa14d70:   64 c5 fd 7f 04 25 80 00 00 00 64 c5 fd 7f 0c 25 

Stack: [0x00007f677b488000,0x00007f677b589000],  sp=0x00007f677b585ff8,  free space=1015k
Native frames: (J=compiled Java code, j=interpreted, Vv=VM code, C=native code)
C  [ld-linux-x86-64.so.2+0x14d70]

Java frames: (J=compiled Java code, j=interpreted, Vv=VM code)
j  sun.font.NativeFont.fontExists([B)Z+0
j  sun.font.NativeFont.fontExists(Ljava/lang/String;)Z+19
j  sun.awt.X11GraphicsEnvironment.getX11FontName(Ljava/lang/String;)Ljava/lang/String;+10
j  sun.awt.X11GraphicsEnvironment.getFileNameFromPlatformName(Ljava/lang/String;)Ljava/lang/String;+321
j  sun.java2d.SunGraphicsEnvironment.initCompositeFonts(Lsun/awt/FontConfiguration;Ljava/util/concurrent/ConcurrentHashMap;)V+32
j  sun.java2d.SunGraphicsEnvironment.access$600(Lsun/java2d/SunGraphicsEnvironment;Lsun/awt/FontConfiguration;Ljava/util/concurrent/ConcurrentHashMap;)V+3
j  sun.java2d.SunGraphicsEnvironment$2.run()Ljava/lang/Object;+769
v  ~StubRoutines::call_stub
j  java.security.AccessController.doPrivileged(Ljava/security/PrivilegedAction;)Ljava/lang/Object;+0
j  sun.java2d.SunGraphicsEnvironment.<init>()V+44
j  sun.awt.X11GraphicsEnvironment.<init>()V+1
v  ~StubRoutines::call_stub
j  sun.reflect.NativeConstructorAccessorImpl.newInstance0(Ljava/lang/reflect/Constructor;[Ljava/lang/Object;)Ljava/lang/Object;+0
j  sun.reflect.NativeConstructorAccessorImpl.newInstance([Ljava/lang/Object;)Ljava/lang/Object;+72
j  sun.reflect.DelegatingConstructorAccessorImpl.newInstance([Ljava/lang/Object;)Ljava/lang/Object;+5
j  java.lang.reflect.Constructor.newInstance([Ljava/lang/Object;)Ljava/lang/Object;+92
j  java.lang.Class.newInstance0()Ljava/lang/Object;+118
j  java.lang.Class.newInstance()Ljava/lang/Object;+15
j  java.awt.GraphicsEnvironment.getLocalGraphicsEnvironment()Ljava/awt/GraphicsEnvironment;+27
j  java.awt.Window.init(Ljava/awt/GraphicsConfiguration;)V+48
j  java.awt.Window.<init>()V+87
j  java.awt.Frame.<init>(Ljava/lang/String;)V+1
j  java.awt.Frame.<init>()V+3
j  javax.swing.JFrame.<init>()V+1
j  aboutus.<init>()V+1
j  aboutus.main([Ljava/lang/String;)V+4
v  ~StubRoutines::call_stub

---------------  P R O C E S S  ---------------

Java Threads: ( => current thread )
  0x00007f6774137000 JavaThread "Java2D Disposer" daemon [_thread_blocked, id=6339, stack(0x00007f6778c80000,0x00007f6778d81000)]
  0x00007f677409e800 JavaThread "Low Memory Detector" daemon [_thread_blocked, id=6337, stack(0x00007f6779609000,0x00007f677970a000)]
  0x00007f677409b800 JavaThread "CompilerThread1" daemon [_thread_in_native, id=6336, stack(0x00007f677970a000,0x00007f677980b000)]
  0x00007f6774099800 JavaThread "CompilerThread0" daemon [_thread_in_native, id=6335, stack(0x00007f677980b000,0x00007f677990c000)]
  0x00007f6774097800 JavaThread "Signal Dispatcher" daemon [_thread_blocked, id=6334, stack(0x00007f677990c000,0x00007f6779a0d000)]
  0x00007f6774076800 JavaThread "Finalizer" daemon [_thread_blocked, id=6333, stack(0x00007f6779a0d000,0x00007f6779b0e000)]
  0x00007f6774074800 JavaThread "Reference Handler" daemon [_thread_blocked, id=6332, stack(0x00007f6779b0e000,0x00007f6779c0f000)]
=>0x00007f6774008000 JavaThread "main" [_thread_in_native, id=6326, stack(0x00007f677b488000,0x00007f677b589000)]

Other Threads:
  0x00007f677406f800 VMThread [stack: 0x00007f6779c0f000,0x00007f6779d10000] [id=6331]
  0x00007f67740a1000 WatcherThread [stack: 0x00007f6779508000,0x00007f6779609000] [id=6338]

VM state:not at safepoint (normal execution)

VM Mutex/Monitor currently owned by a thread: None

Heap
 PSYoungGen      total 17344K, used 2112K [0x00007f675dab0000, 0x00007f675ee00000, 0x00007f6771000000)
  eden space 14912K, 14% used [0x00007f675dab0000,0x00007f675dcc0160,0x00007f675e940000)
  from space 2432K, 0% used [0x00007f675eba0000,0x00007f675eba0000,0x00007f675ee00000)
  to   space 2432K, 0% used [0x00007f675e940000,0x00007f675e940000,0x00007f675eba0000)
 PSOldGen        total 39552K, used 0K [0x00007f6737000000, 0x00007f67396a0000, 0x00007f675dab0000)
  object space 39552K, 0% used [0x00007f6737000000,0x00007f6737000000,0x00007f67396a0000)
 PSPermGen       total 21248K, used 6877K [0x00007f672c800000, 0x00007f672dcc0000, 0x00007f6737000000)
  object space 21248K, 32% used [0x00007f672c800000,0x00007f672ceb74f0,0x00007f672dcc0000)

Dynamic libraries:
00400000-00408000 r-xp 00000000 fd:00 3016223                            /usr/lib/jvm/java-1.6.0-openjdk-1.6.0.0.x86_64/jre/bin/java
00608000-00609000 rw-p 00008000 fd:00 3016223                            /usr/lib/jvm/java-1.6.0-openjdk-1.6.0.0.x86_64/jre/bin/java
0195b000-0197c000 rw-p 00000000 00:00 0                                  [heap]
326fa00000-326fa1e000 r-xp 00000000 fd:00 1446247                        /lib64/ld-2.12.so
326fc1e000-326fc1f000 r--p 0001e000 fd:00 1446247                        /lib64/ld-2.12.so
326fc1f000-326fc20000 rw-p 0001f000 fd:00 1446247                        /lib64/ld-2.12.so
326fc20000-326fc21000 rw-p 00000000 00:00 0 
326fe00000-326fe04000 r-xp 00000000 fd:00 3016202                        /usr/lib/jvm/java-1.6.0-openjdk-1.6.0.0.x86_64/jre/lib/amd64/jli/libjli.so
326fe04000-3270003000 ---p 00004000 fd:00 3016202                        /usr/lib/jvm/java-1.6.0-openjdk-1.6.0.0.x86_64/jre/lib/amd64/jli/libjli.so
3270003000-3270004000 rw-p 00003000 fd:00 3016202                        /usr/lib/jvm/java-1.6.0-openjdk-1.6.0.0.x86_64/jre/lib/amd64/jli/libjli.so
3270200000-3270375000 r-xp 00000000 fd:00 1446248                        /lib64/libc-2.12.so
3270375000-3270575000 ---p 00175000 fd:00 1446248                        /lib64/libc-2.12.so
3270575000-3270579000 r--p 00175000 fd:00 1446248                        /lib64/libc-2.12.so
3270579000-327057a000 rw-p 00179000 fd:00 1446248                        /lib64/libc-2.12.so
327057a000-327057f000 rw-p 00000000 00:00 0 
3270600000-3270602000 r-xp 00000000 fd:00 1446252                        /lib64/libdl-2.12.so
3270602000-3270802000 ---p 00002000 fd:00 1446252                        /lib64/libdl-2.12.so
3270802000-3270803000 r--p 00002000 fd:00 1446252                        /lib64/libdl-2.12.so
3270803000-3270804000 rw-p 00003000 fd:00 1446252                        /lib64/libdl-2.12.so
3270a00000-3270a17000 r-xp 00000000 fd:00 1446251                        /lib64/libpthread-2.12.so
3270a17000-3270c17000 ---p 00017000 fd:00 1446251                        /lib64/libpthread-2.12.so
3270c17000-3270c18000 r--p 00017000 fd:00 1446251                        /lib64/libpthread-2.12.so
3270c18000-3270c19000 rw-p 00018000 fd:00 1446251                        /lib64/libpthread-2.12.so
3270c19000-3270c1d000 rw-p 00000000 00:00 0 
3270e00000-3270e83000 r-xp 00000000 fd:00 1446249                        /lib64/libm-2.12.so
3270e83000-3271082000 ---p 00083000 fd:00 1446249                        /lib64/libm-2.12.so
3271082000-3271083000 r--p 00082000 fd:00 1446249                        /lib64/libm-2.12.so
3271083000-3271084000 rw-p 00083000 fd:00 1446249                        /lib64/libm-2.12.so
3271200000-3271215000 r-xp 00000000 fd:00 1446253                        /lib64/libz.so.1.2.3
3271215000-3271414000 ---p 00015000 fd:00 1446253                        /lib64/libz.so.1.2.3
3271414000-3271415000 rw-p 00014000 fd:00 1446253                        /lib64/libz.so.1.2.3
3271600000-3271607000 r-xp 00000000 fd:00 1446262                        /lib64/librt-2.12.so
3271607000-3271806000 ---p 00007000 fd:00 1446262                        /lib64/librt-2.12.so
3271806000-3271807000 r--p 00006000 fd:00 1446262                        /lib64/librt-2.12.so
3271807000-3271808000 rw-p 00007000 fd:00 1446262                        /lib64/librt-2.12.so
3272600000-3272602000 r-xp 00000000 fd:00 2531264                        /usr/lib64/libXau.so.6.0.0
3272602000-3272802000 ---p 00002000 fd:00 2531264                        /usr/lib64/libXau.so.6.0.0
3272802000-3272803000 rw-p 00002000 fd:00 2531264                        /usr/lib64/libXau.so.6.0.0
3272a00000-3272b39000 r-xp 00000000 fd:00 2531266                        /usr/lib64/libX11.so.6.3.0
3272b39000-3272d39000 ---p 00139000 fd:00 2531266                        /usr/lib64/libX11.so.6.3.0
3272d39000-3272d3f000 rw-p 00139000 fd:00 2531266                        /usr/lib64/libX11.so.6.3.0
3272e00000-3272e1b000 r-xp 00000000 fd:00 2531265                        /usr/lib64/libxcb.so.1.1.0
3272e1b000-327301a000 ---p 0001b000 fd:00 2531265                        /usr/lib64/libxcb.so.1.1.0
327301a000-327301b000 rw-p 0001a000 fd:00 2531265                        /usr/lib64/libxcb.so.1.1.0
3273600000-3273611000 r-xp 00000000 fd:00 2531267                        /usr/lib64/libXext.so.6.4.0
3273611000-3273811000 ---p 00011000 fd:00 2531267                        /usr/lib64/libXext.so.6.4.0
3273811000-3273812000 rw-p 00011000 fd:00 2531267                        /usr/lib64/libXext.so.6.4.0
3273e00000-3273e97000 r-xp 00000000 fd:00 2531274                        /usr/lib64/libfreetype.so.6.3.22
3273e97000-3274096000 ---p 00097000 fd:00 2531274                        /usr/lib64/libfreetype.so.6.3.22
3274096000-327409c000 rw-p 00096000 fd:00 2531274                        /usr/lib64/libfreetype.so.6.3.22
3274e00000-3274e09000 r-xp 00000000 fd:00 2531269                        /usr/lib64/libXrender.so.1.3.0
3274e09000-3275009000 ---p 00009000 fd:00 2531269                        /usr/lib64/libXrender.so.1.3.0
3275009000-327500a000 rw-p 00009000 fd:00 2531269                        /usr/lib64/libXrender.so.1.3.0
3275200000-327520f000 r-xp 00000000 fd:00 2531268                        /usr/lib64/libXi.so.6.1.0
327520f000-327540e000 ---p 0000f000 fd:00 2531268                        /usr/lib64/libXi.so.6.1.0
327540e000-327540f000 rw-p 0000e000 fd:00 2531268                        /usr/lib64/libXi.so.6.1.0
3276600000-3276616000 r-xp 00000000 fd:00 1446263                        /lib64/libgcc_s-4.4.4-20100726.so.1
3276616000-3276815000 ---p 00016000 fd:00 1446263                        /lib64/libgcc_s-4.4.4-20100726.so.1
3276815000-3276816000 rw-p 00015000 fd:00 1446263                        /lib64/libgcc_s-4.4.4-20100726.so.1
327ea00000-327ea05000 r-xp 00000000 fd:00 2531298                        /usr/lib64/libXtst.so.6.1.0
327ea05000-327ec05000 ---p 00005000 fd:00 2531298                        /usr/lib64/libXtst.so.6.1.0
327ec05000-327ec06000 rw-p 00005000 fd:00 2531298                        /usr/lib64/libXtst.so.6.1.0
3281400000-3281416000 r-xp 00000000 fd:00 1442092                        /lib64/libnsl-2.12.so
3281416000-3281615000 ---p 00016000 fd:00 1442092                        /lib64/libnsl-2.12.so
3281615000-3281616000 r--p 00015000 fd:00 1442092                        /lib64/libnsl-2.12.so
3281616000-3281617000 rw-p 00016000 fd:00 1442092                        /lib64/libnsl-2.12.so
3281617000-3281619000 rw-p 00000000 00:00 0 
7f66e4000000-7f66e4021000 rw-p 00000000 00:00 0 
7f66e4021000-7f66e8000000 ---p 00000000 00:00 0 
7f66ec000000-7f66ec021000 rw-p 00000000 00:00 0 
7f66ec021000-7f66f0000000 ---p 00000000 00:00 0 
7f66f0000000-7f66f0021000 rw-p 00000000 00:00 0 
7f66f0021000-7f66f4000000 ---p 00000000 00:00 0 
7f66f4000000-7f66f41e3000 rw-p 00000000 00:00 0 
7f66f41e3000-7f66f8000000 ---p 00000000 00:00 0 
7f66f8000000-7f66f837e000 rw-p 00000000 00:00 0 
7f66f837e000-7f66fc000000 ---p 00000000 00:00 0 
7f66fc000000-7f66fc021000 rw-p 00000000 00:00 0 
7f66fc021000-7f6700000000 ---p 00000000 00:00 0 
7f670216f000-7f6708000000 r--p 00000000 fd:00 2491177                    /usr/lib/locale/locale-archive
7f6708000000-7f6708021000 rw-p 00000000 00:00 0 
7f6708021000-7f670c000000 ---p 00000000 00:00 0 
7f670c000000-7f670c021000 rw-p 00000000 00:00 0 
7f670c021000-7f6710000000 ---p 00000000 00:00 0 
7f6710000000-7f6710021000 rw-p 00000000 00:00 0 
7f6710021000-7f6714000000 ---p 00000000 00:00 0 
7f6714000000-7f6714021000 rw-p 00000000 00:00 0 
7f6714021000-7f6718000000 ---p 00000000 00:00 0 
7f6718000000-7f6718021000 rw-p 00000000 00:00 0 
7f6718021000-7f671c000000 ---p 00000000 00:00 0 
7f6720000000-7f6720021000 rw-p 00000000 00:00 0 
7f6720021000-7f6724000000 ---p 00000000 00:00 0 
7f6728000000-7f6728021000 rw-p 00000000 00:00 0 
7f6728021000-7f672c000000 ---p 00000000 00:00 0 
7f672c800000-7f672dcc0000 rwxp 00000000 00:00 0 
7f672dcc0000-7f6737000000 rwxp 00000000 00:00 0 
7f6737000000-7f67396a0000 rwxp 00000000 00:00 0 
7f67396a0000-7f675dab0000 rwxp 00000000 00:00 0 
7f675dab0000-7f675ee00000 rwxp 00000000 00:00 0 
7f675ee00000-7f6771000000 rwxp 00000000 00:00 0 
7f6771000000-7f6771270000 rwxp 00000000 00:00 0 
7f6771270000-7f6774000000 rwxp 00000000 00:00 0 
7f6774000000-7f67741b7000 rw-p 00000000 00:00 0 
7f67741b7000-7f6778000000 ---p 00000000 00:00 0 
7f67787c4000-7f67787c8000 r--s 00000000 fd:00 3028706                    /var/cache/fontconfig/87f5e051180a7a75f16eb6fe7dbd3749-le64.cache-3
7f67787c8000-7f67787d1000 r--s 00000000 fd:00 3019427                    /var/cache/fontconfig/b79f3aaa7d385a141ab53ec885cc22a8-le64.cache-3
7f67787d1000-7f67787d4000 r--s 00000000 fd:00 3043402                    /var/cache/fontconfig/0b1bcc92b4d25cc154d77dafe3bceaa0-le64.cache-3
7f67787d4000-7f67787d6000 r--s 00000000 fd:00 3043249                    /var/cache/fontconfig/2e1514a9fdd499050989183bb65136db-le64.cache-3
7f67787d6000-7f67787d9000 r--s 00000000 fd:00 3043248                    /var/cache/fontconfig/5c755b2f27115486aa6359c84dd3cbda-le64.cache-3
7f67787d9000-7f67787da000 r--s 00000000 fd:00 3043409                    /var/cache/fontconfig/b966c23d19cce9e9a98d55765cf2a0c7-le64.cache-3
7f67787da000-7f67787dc000 r--s 00000000 fd:00 3043250                    /var/cache/fontconfig/3f821257dd33660ba7bbb45c32deb84c-le64.cache-3
7f67787dc000-7f67787de000 r--s 00000000 fd:00 3043415                    /var/cache/fontconfig/830f035fa84a65ce80e050178dbb630d-le64.cache-3
7f67787de000-7f67787df000 r--s 00000000 fd:00 3043251                    /var/cache/fontconfig/81a173283b451552b599cfaafd6236bd-le64.cache-3
7f67787df000-7f67787e0000 r--s 00000000 fd:00 3043412                    /var/cache/fontconfig/ac68f755438cc3dc5a526084839fc7ca-le64.cache-3
7f67787e0000-7f67787e1000 r--s 00000000 fd:00 3043358                    /var/cache/fontconfig/6cfc7d49b27ba7d3eb71ab86e04def2c-le64.cache-3
7f67787e1000-7f67787e2000 r--s 00000000 fd:00 3043417                    /var/cache/fontconfig/46d51d90fe9d963f6f4186edb936a931-le64.cache-3
7f67787e2000-7f67787e3000 r--s 00000000 fd:00 3043416                    /var/cache/fontconfig/b887eea8f1b96e1d899b44ed6681fc27-le64.cache-3
7f67787e3000-7f67787e4000 r--s 00000000 fd:00 3043414                    /var/cache/fontconfig/860639f272b8b4b3094f9e399e41bccd-le64.cache-3
7f67787e4000-7f67787e5000 r--s 00000000 fd:00 3043413                    /var/cache/fontconfig/211368abcb0ff835c229ff05c9ec01dc-le64.cache-3
7f67787e5000-7f67787e6000 r--s 00000000 fd:00 3043418                    /var/cache/fontconfig/c46020d7221988a13df853d2b46304fc-le64.cache-3
7f67787e6000-7f67787e7000 r--s 00000000 fd:00 3043407                    /var/cache/fontconfig/df893b4576ad6107f9397134092c4059-le64.cache-3
7f67787e7000-7f67787e8000 r--s 00000000 fd:00 3043411                    /var/cache/fontconfig/900402270e15d763a6e008bb2d4c7686-le64.cache-3
7f67787e8000-7f67787e9000 r--s 00000000 fd:00 3043406                    /var/cache/fontconfig/47f48679023f44a4d1e44699a69464f6-le64.cache-3
7f67787e9000-7f67787ea000 r--s 00000000 fd:00 3043404                    /var/cache/fontconfig/2881ed3fd21ca306ddad6f9b0dd3189f-le64.cache-3
7f67787ea000-7f67787eb000 r--s 00000000 fd:00 3043400                    /var/cache/fontconfig/3c3fb04d32a5211b073874b125d29701-le64.cache-3
7f67787eb000-7f67787ec000 r--s 00000000 fd:00 3043405                    /var/cache/fontconfig/e61abf8156cc476151baa07d67337cae-le64.cache-3
7f67787ec000-7f67787f0000 r--s 00000000 fd:00 3043410                    /var/cache/fontconfig/b67b32625a2bb51b023d3814a918f351-le64.cache-3
7f67787f0000-7f67787f1000 r--s 00000000 fd:00 3043408                    /var/cache/fontconfig/991510d2da7f7b2bf8468002aae90060-le64.cache-3
7f67787f1000-7f67787f3000 r--s 00000000 fd:00 3043252                    /var/cache/fontconfig/d3379abda271c4acd2ad0c01f565d0b0-le64.cache-3
7f67787f3000-7f67787f4000 r--s 00000000 fd:00 3043401                    /var/cache/fontconfig/b4d0b56f766d89640448751fcd18ec1e-le64.cache-3
7f67787f4000-7f67787fe000 r--s 00000000 fd:00 3043403                    /var/cache/fontconfig/12b26b760a24f8b4feb03ad48a333a72-le64.cache-3
7f67787fe000-7f6778810000 r--s 00000000 fd:00 3032374                    /var/cache/fontconfig/74717c444f6fd72454fa9c9c0ee01ca7-le64.cache-3
7f6778810000-7f6778817000 r--s 00000000 fd:00 3028709                    /var/cache/fontconfig/928306c3ad40271d946e41014a49fc28-le64.cache-3
7f6778817000-7f677881e000 r--s 00000000 fd:00 3028708                    /var/cache/fontconfig/fa1582dab13e7e8e44e5a9424d309f0e-le64.cache-3
7f677881e000-7f6778823000 r--s 00000000 fd:00 3043420                    /var/cache/fontconfig/18db0204b1f108dd01663673626fcd3d-le64.cache-3
7f6778823000-7f6778824000 r--s 00000000 fd:00 3043399                    /var/cache/fontconfig/1248881498ac025e45c3042f6afe9284-le64.cache-3
7f6778824000-7f6778825000 r--s 00000000 fd:00 3043365                    /var/cache/fontconfig/d04038e664b0033ae700a78c51f179d3-le64.cache-3
7f6778825000-7f6778828000 r--s 00000000 fd:00 3043364                    /var/cache/fontconfig/beeeeb3dfe132a8a0633a017c99ce0c0-le64.cache-3
7f6778828000-7f6778830000 r-xp 00000000 fd:00 3033001                    /usr/lib/jvm/java-1.6.0-openjdk-1.6.0.0.x86_64/jre/lib/amd64/libnio.so
7f6778830000-7f6778a2f000 ---p 00008000 fd:00 3033001                    /usr/lib/jvm/java-1.6.0-openjdk-1.6.0.0.x86_64/jre/lib/amd64/libnio.so
7f6778a2f000-7f6778a30000 rw-p 00007000 fd:00 3033001                    /usr/lib/jvm/java-1.6.0-openjdk-1.6.0.0.x86_64/jre/lib/amd64/libnio.so
7f6778a30000-7f6778a44000 r-xp 00000000 fd:00 3033000                    /usr/lib/jvm/java-1.6.0-openjdk-1.6.0.0.x86_64/jre/lib/amd64/libnet.so
7f6778a44000-7f6778c44000 ---p 00014000 fd:00 3033000                    /usr/lib/jvm/java-1.6.0-openjdk-1.6.0.0.x86_64/jre/lib/amd64/libnet.so
7f6778c44000-7f6778c45000 rw-p 00014000 fd:00 3033000                    /usr/lib/jvm/java-1.6.0-openjdk-1.6.0.0.x86_64/jre/lib/amd64/libnet.so
7f6778c45000-7f6778c49000 r--s 00000000 fd:00 3028706                    /var/cache/fontconfig/87f5e051180a7a75f16eb6fe7dbd3749-le64.cache-3
7f6778c49000-7f6778c52000 r--s 00000000 fd:00 3019427                    /var/cache/fontconfig/b79f3aaa7d385a141ab53ec885cc22a8-le64.cache-3
7f6778c52000-7f6778c55000 r--s 00000000 fd:00 3043402                    /var/cache/fontconfig/0b1bcc92b4d25cc154d77dafe3bceaa0-le64.cache-3
7f6778c55000-7f6778c57000 r--s 00000000 fd:00 3043249                    /var/cache/fontconfig/2e1514a9fdd499050989183bb65136db-le64.cache-3
7f6778c57000-7f6778c5a000 r--s 00000000 fd:00 3043248                    /var/cache/fontconfig/5c755b2f27115486aa6359c84dd3cbda-le64.cache-3
7f6778c5a000-7f6778c5b000 r--s 00000000 fd:00 3043409                    /var/cache/fontconfig/b966c23d19cce9e9a98d55765cf2a0c7-le64.cache-3
7f6778c5b000-7f6778c5d000 r--s 00000000 fd:00 3043250                    /var/cache/fontconfig/3f821257dd33660ba7bbb45c32deb84c-le64.cache-3
7f6778c5d000-7f6778c5f000 r--s 00000000 fd:00 3043415                    /var/cache/fontconfig/830f035fa84a65ce80e050178dbb630d-le64.cache-3
7f6778c5f000-7f6778c60000 r--s 00000000 fd:00 3043251                    /var/cache/fontconfig/81a173283b451552b599cfaafd6236bd-le64.cache-3
7f6778c60000-7f6778c61000 r--s 00000000 fd:00 3043412                    /var/cache/fontconfig/ac68f755438cc3dc5a526084839fc7ca-le64.cache-3
7f6778c61000-7f6778c62000 r--s 00000000 fd:00 3043358                    /var/cache/fontconfig/6cfc7d49b27ba7d3eb71ab86e04def2c-le64.cache-3
7f6778c62000-7f6778c63000 r--s 00000000 fd:00 3043417                    /var/cache/fontconfig/46d51d90fe9d963f6f4186edb936a931-le64.cache-3
7f6778c63000-7f6778c64000 r--s 00000000 fd:00 3043416                    /var/cache/fontconfig/b887eea8f1b96e1d899b44ed6681fc27-le64.cache-3
7f6778c64000-7f6778c6e000 r--s 00000000 fd:00 3043403                    /var/cache/fontconfig/12b26b760a24f8b4feb03ad48a333a72-le64.cache-3
7f6778c6e000-7f6778c80000 r--s 00000000 fd:00 3032374                    /var/cache/fontconfig/74717c444f6fd72454fa9c9c0ee01ca7-le64.cache-3
7f6778c80000-7f6778c83000 ---p 00000000 00:00 0 
7f6778c83000-7f6778d81000 rw-p 00000000 00:00 0 
7f6778d81000-7f6778dc5000 r-xp 00000000 fd:00 3032982                    /usr/lib/jvm/java-1.6.0-openjdk-1.6.0.0.x86_64/jre/lib/amd64/libfontmanager.so
7f6778dc5000-7f6778fc5000 ---p 00044000 fd:00 3032982                    /usr/lib/jvm/java-1.6.0-openjdk-1.6.0.0.x86_64/jre/lib/amd64/libfontmanager.so
7f6778fc5000-7f6778fc8000 rw-p 00044000 fd:00 3032982                    /usr/lib/jvm/java-1.6.0-openjdk-1.6.0.0.x86_64/jre/lib/amd64/libfontmanager.so
7f6778fc8000-7f6778fdb000 rw-p 00000000 00:00 0 
7f6778fdb000-7f6779026000 r-xp 00000000 fd:00 3033017                    /usr/lib/jvm/java-1.6.0-openjdk-1.6.0.0.x86_64/jre/lib/amd64/xawt/libmawt.so
7f6779026000-7f6779225000 ---p 0004b000 fd:00 3033017                    /usr/lib/jvm/java-1.6.0-openjdk-1.6.0.0.x86_64/jre/lib/amd64/xawt/libmawt.so
7f6779225000-7f6779229000 rw-p 0004a000 fd:00 3033017                    /usr/lib/jvm/java-1.6.0-openjdk-1.6.0.0.x86_64/jre/lib/amd64/xawt/libmawt.so
7f6779229000-7f677922a000 rw-p 00000000 00:00 0 
7f677922a000-7f67792cc000 r-xp 00000000 fd:00 3032980                    /usr/lib/jvm/java-1.6.0-openjdk-1.6.0.0.x86_64/jre/lib/amd64/libawt.so
7f67792cc000-7f67794cc000 ---p 000a2000 fd:00 3032980                    /usr/lib/jvm/java-1.6.0-openjdk-1.6.0.0.x86_64/jre/lib/amd64/libawt.so
7f67794cc000-7f67794d7000 rw-p 000a2000 fd:00 3032980                    /usr/lib/jvm/java-1.6.0-openjdk-1.6.0.0.x86_64/jre/lib/amd64/libawt.so
7f67794d7000-7f67794fc000 rw-p 00000000 00:00 0 
7f67794fc000-7f67794ff000 r--s 0000f000 fd:00 3033035                    /usr/lib/jvm/java-1.6.0-openjdk-1.6.0.0.x86_64/jre/lib/ext/pulse-java.jar
7f67794ff000-7f6779508000 r--s 00065000 fd:00 3033032                    /usr/lib/jvm/java-1.6.0-openjdk-1.6.0.0.x86_64/jre/lib/ext/gnome-java-bridge.jar
7f6779508000-7f6779509000 ---p 00000000 00:00 0 
7f6779509000-7f6779609000 rw-p 00000000 00:00 0 
7f6779609000-7f677960c000 ---p 00000000 00:00 0 
7f677960c000-7f677970a000 rw-p 00000000 00:00 0 
7f677970a000-7f677970d000 ---p 00000000 00:00 0 
7f677970d000-7f677980b000 rw-p 00000000 00:00 0 
7f677980b000-7f677980e000 ---p 00000000 00:00 0 
7f677980e000-7f677990c000 rw-p 00000000 00:00 0 
7f677990c000-7f677990f000 ---p 00000000 00:00 0 
7f677990f000-7f6779a0d000 rw-p 00000000 00:00 0 
7f6779a0d000-7f6779a10000 ---p 00000000 00:00 0 
7f6779a10000-7f6779b0e000 rw-p 00000000 00:00 0 
7f6779b0e000-7f6779b11000 ---p 00000000 00:00 0 
7f6779b11000-7f6779c0f000 rw-p 00000000 00:00 0 
7f6779c0f000-7f6779c10000 ---p 00000000 00:00 0 
7f6779c10000-7f6779de8000 rw-p 00000000 00:00 0 
7f6779de8000-7f6779f7e000 r--s 03906000 fd:00 3033077                    /usr/lib/jvm/java-1.6.0-openjdk-1.6.0.0.x86_64/jre/lib/rt.jar
7f6779f7e000-7f6779f7f000 ---p 00000000 00:00 0 
7f6779f7f000-7f677a07f000 rw-p 00000000 00:00 0 
7f677a07f000-7f677a080000 ---p 00000000 00:00 0 
7f677a080000-7f677a180000 rw-p 00000000 00:00 0 
7f677a180000-7f677a181000 ---p 00000000 00:00 0 
7f677a181000-7f677a281000 rw-p 00000000 00:00 0 
7f677a281000-7f677a282000 ---p 00000000 00:00 0 
7f677a282000-7f677a382000 rw-p 00000000 00:00 0 
7f677a382000-7f677a38d000 rwxp 00000000 00:00 0 
7f677a38d000-7f677a3d6000 rwxp 00000000 00:00 0 
7f677a3d6000-7f677a3ea000 rwxp 00000000 00:00 0 
7f677a3ea000-7f677a50c000 rwxp 00000000 00:00 0 
7f677a50c000-7f677a517000 rwxp 00000000 00:00 0 
7f677a517000-7f677a560000 rwxp 00000000 00:00 0 
7f677a560000-7f677a574000 rwxp 00000000 00:00 0 
7f677a574000-7f677a695000 rwxp 00000000 00:00 0 
7f677a695000-7f677a69f000 rwxp 00000000 00:00 0 
7f677a69f000-7f677a730000 rwxp 00000000 00:00 0 
7f677a730000-7f677a73b000 rwxp 00000000 00:00 0 
7f677a73b000-7f677a7f1000 rwxp 00000000 00:00 0 
7f677a7f1000-7f677a7f8000 r-xp 00000000 fd:00 3033009                    /usr/lib/jvm/java-1.6.0-openjdk-1.6.0.0.x86_64/jre/lib/amd64/libzip.so
7f677a7f8000-7f677a9f7000 ---p 00007000 fd:00 3033009                    /usr/lib/jvm/java-1.6.0-openjdk-1.6.0.0.x86_64/jre/lib/amd64/libzip.so
7f677a9f7000-7f677a9f8000 rw-p 00006000 fd:00 3033009                    /usr/lib/jvm/java-1.6.0-openjdk-1.6.0.0.x86_64/jre/lib/amd64/libzip.so
7f677a9f8000-7f677aa02000 r-xp 00000000 fd:00 1441826                    /lib64/libnss_nis-2.12.so
7f677aa02000-7f677ac01000 ---p 0000a000 fd:00 1441826                    /lib64/libnss_nis-2.12.so
7f677ac01000-7f677ac02000 r--p 00009000 fd:00 1441826                    /lib64/libnss_nis-2.12.so
7f677ac02000-7f677ac03000 rw-p 0000a000 fd:00 1441826                    /lib64/libnss_nis-2.12.so
7f677ac03000-7f677ac0f000 r-xp 00000000 fd:00 1441822                    /lib64/libnss_files-2.12.so
7f677ac0f000-7f677ae0e000 ---p 0000c000 fd:00 1441822                    /lib64/libnss_files-2.12.so
7f677ae0e000-7f677ae0f000 r--p 0000b000 fd:00 1441822                    /lib64/libnss_files-2.12.so
7f677ae0f000-7f677ae10000 rw-p 0000c000 fd:00 1441822                    /lib64/libnss_files-2.12.so
7f677ae10000-7f677ae11000 r--s 00000000 fd:00 3043414                    /var/cache/fontconfig/860639f272b8b4b3094f9e399e41bccd-le64.cache-3
7f677ae11000-7f677ae12000 r--s 00000000 fd:00 3043413                    /var/cache/fontconfig/211368abcb0ff835c229ff05c9ec01dc-le64.cache-3
7f677ae12000-7f677ae13000 r--s 00000000 fd:00 3043418                    /var/cache/fontconfig/c46020d7221988a13df853d2b46304fc-le64.cache-3
7f677ae13000-7f677ae14000 r--s 00000000 fd:00 3043407                    /var/cache/fontconfig/df893b4576ad6107f9397134092c4059-le64.cache-3
7f677ae14000-7f677ae15000 r--s 00000000 fd:00 3043411                    /var/cache/fontconfig/900402270e15d763a6e008bb2d4c7686-le64.cache-3
7f677ae15000-7f677ae16000 r--s 00000000 fd:00 3043406                    /var/cache/fontconfig/47f48679023f44a4d1e44699a69464f6-le64.cache-3
7f677ae16000-7f677ae17000 r--s 00000000 fd:00 3043404                    /var/cache/fontconfig/2881ed3fd21ca306ddad6f9b0dd3189f-le64.cache-3
7f677ae17000-7f677ae18000 r--s 00000000 fd:00 3043400                    /var/cache/fontconfig/3c3fb04d32a5211b073874b125d29701-le64.cache-3
7f677ae18000-7f677ae19000 r--s 00000000 fd:00 3043405                    /var/cache/fontconfig/e61abf8156cc476151baa07d67337cae-le64.cache-3
7f677ae19000-7f677ae41000 rw-p 00000000 00:00 0 
7f677ae41000-7f677ae49000 r-xp 00000000 fd:00 3033011                    /usr/lib/jvm/java-1.6.0-openjdk-1.6.0.0.x86_64/jre/lib/amd64/native_threads/libhpi.so
7f677ae49000-7f677b048000 ---p 00008000 fd:00 3033011                    /usr/lib/jvm/java-1.6.0-openjdk-1.6.0.0.x86_64/jre/lib/amd64/native_threads/libhpi.so
7f677b048000-7f677b049000 rw-p 00007000 fd:00 3033011                    /usr/lib/jvm/java-1.6.0-openjdk-1.6.0.0.x86_64/jre/lib/amd64/native_threads/libhpi.so
7f677b049000-7f677b04a000 rw-p 00000000 00:00 0 
7f677b04a000-7f677b075000 r-xp 00000000 fd:00 3032989                    /usr/lib/jvm/java-1.6.0-openjdk-1.6.0.0.x86_64/jre/lib/amd64/libjava.so
7f677b075000-7f677b275000 ---p 0002b000 fd:00 3032989                    /usr/lib/jvm/java-1.6.0-openjdk-1.6.0.0.x86_64/jre/lib/amd64/libjava.so
7f677b275000-7f677b279000 rw-p 0002b000 fd:00 3032989                    /usr/lib/jvm/java-1.6.0-openjdk-1.6.0.0.x86_64/jre/lib/amd64/libjava.so
7f677b279000-7f677b287000 r-xp 00000000 fd:00 3033008                    /usr/lib/jvm/java-1.6.0-openjdk-1.6.0.0.x86_64/jre/lib/amd64/libverify.so
7f677b287000-7f677b486000 ---p 0000e000 fd:00 3033008                    /usr/lib/jvm/java-1.6.0-openjdk-1.6.0.0.x86_64/jre/lib/amd64/libverify.so
7f677b486000-7f677b488000 rw-p 0000d000 fd:00 3033008                    /usr/lib/jvm/java-1.6.0-openjdk-1.6.0.0.x86_64/jre/lib/amd64/libverify.so
7f677b488000-7f677b48b000 ---p 00000000 00:00 0 
7f677b48b000-7f677b589000 rw-p 00000000 00:00 0 
7f677b589000-7f677bd35000 r-xp 00000000 fd:00 3033015                    /usr/lib/jvm/java-1.6.0-openjdk-1.6.0.0.x86_64/jre/lib/amd64/server/libjvm.so
7f677bd35000-7f677bf35000 ---p 007ac000 fd:00 3033015                    /usr/lib/jvm/java-1.6.0-openjdk-1.6.0.0.x86_64/jre/lib/amd64/server/libjvm.so
7f677bf35000-7f677bfc3000 rw-p 007ac000 fd:00 3033015                    /usr/lib/jvm/java-1.6.0-openjdk-1.6.0.0.x86_64/jre/lib/amd64/server/libjvm.so
7f677bfc3000-7f677c004000 rw-p 00000000 00:00 0 
7f677c004000-7f677c008000 r--s 00000000 fd:00 3043410                    /var/cache/fontconfig/b67b32625a2bb51b023d3814a918f351-le64.cache-3
7f677c008000-7f677c009000 r--s 00000000 fd:00 3043408                    /var/cache/fontconfig/991510d2da7f7b2bf8468002aae90060-le64.cache-3
7f677c009000-7f677c00b000 r--s 00000000 fd:00 3043252                    /var/cache/fontconfig/d3379abda271c4acd2ad0c01f565d0b0-le64.cache-3
7f677c00b000-7f677c00c000 r--s 00000000 fd:00 3043401                    /var/cache/fontconfig/b4d0b56f766d89640448751fcd18ec1e-le64.cache-3
7f677c00c000-7f677c013000 r--s 00000000 fd:00 3028709                    /var/cache/fontconfig/928306c3ad40271d946e41014a49fc28-le64.cache-3
7f677c013000-7f677c01a000 r--s 00000000 fd:00 3028708                    /var/cache/fontconfig/fa1582dab13e7e8e44e5a9424d309f0e-le64.cache-3
7f677c01a000-7f677c01f000 r--s 00000000 fd:00 3043420                    /var/cache/fontconfig/18db0204b1f108dd01663673626fcd3d-le64.cache-3
7f677c01f000-7f677c020000 r--s 00000000 fd:00 3043399                    /var/cache/fontconfig/1248881498ac025e45c3042f6afe9284-le64.cache-3
7f677c020000-7f677c021000 r--s 00000000 fd:00 3043365                    /var/cache/fontconfig/d04038e664b0033ae700a78c51f179d3-le64.cache-3
7f677c021000-7f677c024000 r--s 00000000 fd:00 3043364                    /var/cache/fontconfig/beeeeb3dfe132a8a0633a017c99ce0c0-le64.cache-3
7f677c024000-7f677c02b000 r--s 000fe000 fd:00 3033075                    /usr/lib/jvm/java-1.6.0-openjdk-1.6.0.0.x86_64/jre/lib/resources.jar
7f677c02b000-7f677c033000 rw-s 00000000 fd:00 2228418                    /tmp/hsperfdata_BG20/6325
7f677c033000-7f677c034000 rw-p 00000000 00:00 0 
7f677c034000-7f677c035000 r--p 00000000 00:00 0 
7f677c035000-7f677c036000 rw-p 00000000 00:00 0 
7fffe3bed000-7fffe3c02000 rw-p 00000000 00:00 0                          [stack]
7fffe3c0d000-7fffe3c0e000 r-xp 00000000 00:00 0                          [vdso]
ffffffffff600000-ffffffffff601000 r-xp 00000000 00:00 0                  [vsyscall]

VM Arguments:
java_command: aboutus
Launcher Type: SUN_STANDARD

Environment Variables:
JAVA_HOME=/var/jdk
CLASSPATH=:/projects/postgresql-8.2dev-503.jdbc3.jar:/projects/mysql-connector-java-5.1.6.jar:/exports/BG20/tomcat/lib/servlet-api.jar:/exports/BG20/tomcat/lib/postgresql-8.2dev-503.jdbc3.jar:/exports/BG20/tomcat/lib/mysql-connector-java-5.1.6.jar:/exports/BG20:/projects/postgresql-8.2dev-503.jdbc3.jar:/projects/mysql-connector-java-5.1.6.jar:/exports/BG20/tomcat/lib/servlet-api.jar:/exports/BG20/tomcat/lib/postgresql-8.2dev-503.jdbc3.jar:/exports/BG20/tomcat/lib/mysql-connector-java-5.1.6.jar:/exports/BG20
PATH=/usr/lib64/qt-3.3/bin:/usr/kerberos/sbin:/usr/kerberos/bin:/usr/local/bin:/usr/bin:/bin:/usr/local/sbin:/usr/sbin:/sbin:/var/jdk/bin:/exports/BG20/bin:/var/jdk/bin:/exports/BG20/bin
USERNAME=BG20
LD_LIBRARY_PATH=/usr/lib/jvm/java-1.6.0-openjdk-1.6.0.0.x86_64/jre/lib/amd64/server:/usr/lib/jvm/java-1.6.0-openjdk-1.6.0.0.x86_64/jre/lib/amd64:/usr/lib/jvm/java-1.6.0-openjdk-1.6.0.0.x86_64/jre/../lib/amd64
SHELL=/bin/bash
DISPLAY=:0.0

Signal Handlers:
SIGSEGV: [libjvm.so+0x64f8e0], sa_mask[0]=0x7ffbfeff, sa_flags=0x10000004
SIGBUS: [libjvm.so+0x64f8e0], sa_mask[0]=0x7ffbfeff, sa_flags=0x10000004
SIGFPE: [libjvm.so+0x531ca0], sa_mask[0]=0x7ffbfeff, sa_flags=0x10000004
SIGPIPE: [libjvm.so+0x531ca0], sa_mask[0]=0x7ffbfeff, sa_flags=0x10000004
SIGXFSZ: [libjvm.so+0x531ca0], sa_mask[0]=0x7ffbfeff, sa_flags=0x10000004
SIGILL: [libjvm.so+0x531ca0], sa_mask[0]=0x7ffbfeff, sa_flags=0x10000004
SIGUSR1: SIG_DFL, sa_mask[0]=0x00000000, sa_flags=0x00000000
SIGUSR2: [libjvm.so+0x531450], sa_mask[0]=0x00000000, sa_flags=0x10000004
SIGHUP: [libjvm.so+0x533880], sa_mask[0]=0x7ffbfeff, sa_flags=0x10000004
SIGINT: [libjvm.so+0x533880], sa_mask[0]=0x7ffbfeff, sa_flags=0x10000004
SIGTERM: [libjvm.so+0x533880], sa_mask[0]=0x7ffbfeff, sa_flags=0x10000004
SIGQUIT: [libjvm.so+0x533880], sa_mask[0]=0x7ffbfeff, sa_flags=0x10000004


---------------  S Y S T E M  ---------------

OS:Red Hat Enterprise Linux Server release 6.0 (Santiago)

uname:Linux 2.6.32-71.el6.x86_64 #1 SMP Wed Sep 1 01:33:01 EDT 2010 x86_64
libc:glibc 2.12 NPTL 2.12 
rlimit: STACK 10240k, CORE 0k, NPROC 1024, NOFILE 1024, AS infinity
load average:0.00 0.06 0.06

CPU:total 4 (8 cores per cpu, 2 threads per core) family 6 model 60 stepping 3, cmov, cx8, fxsr, mmx, sse, sse2, sse3, ssse3, sse4.1, sse4.2, ht

Memory: 4k page, physical 3792956k(2522448k free), swap 6029304k(6029304k free)

vm_info: OpenJDK 64-Bit Server VM (14.0-b16) for linux-amd64 JRE (1.6.0_17-b17), built on Jul 29 2010 16:58:21 by "mockbuild" with gcc 4.4.4 20100726 (Red Hat 4.4.4-13)

time: Wed Jan 10 18:18:16 2018
elapsed time: 0 seconds

