#
# A fatal error has been detected by the Java Runtime Environment:
#
#  SIGSEGV (0xb) at pc=0x000000326fa14d70, pid=3867, tid=140580579927824
#
# JRE version: 6.0_17-b17
# Java VM: OpenJDK 64-Bit Server VM (14.0-b16 mixed mode linux-amd64 )
# Derivative: IcedTea6 1.7.4
# Distribution: Custom build (Thu Jul 29 16:49:18 EDT 2010)
# Problematic frame:
# C  [ld-linux-x86-64.so.2+0x14d70]
#
# If you would like to submit a bug report, please include
# instructions how to reproduce the bug and visit:
#   http://icedtea.classpath.org/bugzilla
# The crash happened outside the Java Virtual Machine in native code.
# See problematic frame for where to report the bug.
#

---------------  T H R E A D  ---------------

Current thread (0x00007fdb70008000):  JavaThread "main" [_thread_in_native, id=3868, stack(0x00007fdb77776000,0x00007fdb77877000)]

siginfo:si_signo=SIGSEGV: si_errno=0, si_code=128 (), si_addr=0x0000000000000000

Registers:
RAX=0x0000000000000001, RBX=0x00007fdb700b3c90, RCX=0x000000007fdafbbf, RDX=0x00000000bfebfbff
RSP=0x00007fdb77873fd8, RBP=0x00007fdb77874120, RSI=0x0000000000000000, RDI=0x0000000000000058
R8 =0x0000000000000000, R9 =0x0000000000000000, R10=0x00007fdb77873f50, R11=0x00007fdb700b3c90
R12=0x00007fdb77874148, R13=0x00007fdb70124d10, R14=0x0000000000000000, R15=0x0000000000000000
RIP=0x000000326fa14d70, EFL=0x0000000000010202, CSGSFS=0x0000000000000033, ERR=0x0000000000000000
  TRAPNO=0x000000000000000d

Top of Stack: (sp=0x00007fdb77873fd8)
0x00007fdb77873fd8:   000000326fa0aaea 0000000000000000
0x00007fdb77873fe8:   0000000000000000 00007fdb00000005
0x00007fdb77873ff8:   0000000000000000 0000000000000001
0x00007fdb77874008:   00007fdb70124d10 0000000000000000
0x00007fdb77874018:   00007fdb00000000 0000000000000000
0x00007fdb77874028:   0000000000000058 0000000000000004
0x00007fdb77874038:   00007fdb70125068 0000000000000013
0x00007fdb77874048:   00007fdb7507d660 00007fdb0000000a
0x00007fdb77874058:   0000000170008448 00007fdb70008000
0x00007fdb77874068:   00007fdb75070db9 0000000000000000
0x00007fdb77874078:   00007fdb70008448 00007fdb778740f0
0x00007fdb77874088:   00007fdb77d8a75f 00007fdb70008000
0x00007fdb77874098:   00007fdb00000000 00007fdb778742b8
0x00007fdb778740a8:   00007fdb77874270 00007fdb70005ea0
0x00007fdb778740b8:   0000000328940b18 0000000000000000
0x00007fdb778740c8:   00007fdb70007770 00007fdb752cd548
0x00007fdb778740d8:   00007fdb700b3c90 00007fdb70008000
0x00007fdb778740e8:   00000000ffffffff 00007fdb77874150
0x00007fdb778740f8:   0000000000000005 00000000002468e0
0x00007fdb77874108:   0000000000000000 00007fdb77874270
0x00007fdb77874118:   00007fdb70008000 00007fdb7506f000
0x00007fdb77874128:   000000326fa0dee0 00007fdb00000005
0x00007fdb77874138:   0000000000000000 00007fdb70140810
0x00007fdb77874148:   00007fdb7506fb48 00007fdb70008000
0x00007fdb77874158:   00007fdb70140810 00007fdb778741f0
0x00007fdb77874168:   00007fdb700081b8 000000000000001c
0x00007fdb77874178:   000000326fa147b5 0000000000000000
0x00007fdb77874188:   6f6e6f4d20736e61 00007fdb782ba430
0x00007fdb77874198:   00007fdb59cc0694 00007fdb70140810
0x00007fdb778741a8:   657571696c624f20 0000000000000025
0x00007fdb778741b8:   00007fdb70124d10 0000000000000043
0x00007fdb778741c8:   00007fdb7507d6cb 00007fdb28ec0f08 

Instructions: (pc=0x000000326fa14d70)
0x000000326fa14d60:   10 75 02 f7 d8 89 05 0d b2 20 00 83 f8 00 78 51
0x000000326fa14d70:   64 c5 fd 7f 04 25 80 00 00 00 64 c5 fd 7f 0c 25 

Stack: [0x00007fdb77776000,0x00007fdb77877000],  sp=0x00007fdb77873fd8,  free space=1015k
Native frames: (J=compiled Java code, j=interpreted, Vv=VM code, C=native code)
C  [ld-linux-x86-64.so.2+0x14d70]

Java frames: (J=compiled Java code, j=interpreted, Vv=VM code)
j  sun.font.NativeFont.fontExists([B)Z+0
j  sun.font.NativeFont.fontExists(Ljava/lang/String;)Z+19
j  sun.awt.X11GraphicsEnvironment.getX11FontName(Ljava/lang/String;)Ljava/lang/String;+10
j  sun.awt.X11GraphicsEnvironment.getFileNameFromPlatformName(Ljava/lang/String;)Ljava/lang/String;+321
j  sun.java2d.SunGraphicsEnvironment.initCompositeFonts(Lsun/awt/FontConfiguration;Ljava/util/concurrent/ConcurrentHashMap;)V+32
j  sun.java2d.SunGraphicsEnvironment.access$600(Lsun/java2d/SunGraphicsEnvironment;Lsun/awt/FontConfiguration;Ljava/util/concurrent/ConcurrentHashMap;)V+3
j  sun.java2d.SunGraphicsEnvironment$2.run()Ljava/lang/Object;+769
v  ~StubRoutines::call_stub
j  java.security.AccessController.doPrivileged(Ljava/security/PrivilegedAction;)Ljava/lang/Object;+0
j  sun.java2d.SunGraphicsEnvironment.<init>()V+44
j  sun.awt.X11GraphicsEnvironment.<init>()V+1
v  ~StubRoutines::call_stub
j  sun.reflect.NativeConstructorAccessorImpl.newInstance0(Ljava/lang/reflect/Constructor;[Ljava/lang/Object;)Ljava/lang/Object;+0
j  sun.reflect.NativeConstructorAccessorImpl.newInstance([Ljava/lang/Object;)Ljava/lang/Object;+72
j  sun.reflect.DelegatingConstructorAccessorImpl.newInstance([Ljava/lang/Object;)Ljava/lang/Object;+5
j  java.lang.reflect.Constructor.newInstance([Ljava/lang/Object;)Ljava/lang/Object;+92
j  java.lang.Class.newInstance0()Ljava/lang/Object;+118
j  java.lang.Class.newInstance()Ljava/lang/Object;+15
j  java.awt.GraphicsEnvironment.getLocalGraphicsEnvironment()Ljava/awt/GraphicsEnvironment;+27
j  java.awt.Window.init(Ljava/awt/GraphicsConfiguration;)V+48
j  java.awt.Window.<init>()V+87
j  java.awt.Frame.<init>(Ljava/lang/String;)V+1
j  javax.swing.JFrame.<init>(Ljava/lang/String;)V+2
j  main.<init>(Ljava/lang/String;)V+2
j  main.main([Ljava/lang/String;)V+6
v  ~StubRoutines::call_stub

---------------  P R O C E S S  ---------------

Java Threads: ( => current thread )
  0x00007fdb7012f000 JavaThread "Java2D Disposer" daemon [_thread_blocked, id=3881, stack(0x00007fdb74f6e000,0x00007fdb7506f000)]
  0x00007fdb7009e800 JavaThread "Low Memory Detector" daemon [_thread_blocked, id=3879, stack(0x00007fdb758f7000,0x00007fdb759f8000)]
  0x00007fdb7009b800 JavaThread "CompilerThread1" daemon [_thread_blocked, id=3878, stack(0x00007fdb759f8000,0x00007fdb75af9000)]
  0x00007fdb70099800 JavaThread "CompilerThread0" daemon [_thread_blocked, id=3877, stack(0x00007fdb75af9000,0x00007fdb75bfa000)]
  0x00007fdb70097800 JavaThread "Signal Dispatcher" daemon [_thread_blocked, id=3876, stack(0x00007fdb75bfa000,0x00007fdb75cfb000)]
  0x00007fdb70076800 JavaThread "Finalizer" daemon [_thread_blocked, id=3875, stack(0x00007fdb75cfb000,0x00007fdb75dfc000)]
  0x00007fdb70074800 JavaThread "Reference Handler" daemon [_thread_blocked, id=3874, stack(0x00007fdb75dfc000,0x00007fdb75efd000)]
=>0x00007fdb70008000 JavaThread "main" [_thread_in_native, id=3868, stack(0x00007fdb77776000,0x00007fdb77877000)]

Other Threads:
  0x00007fdb7006f800 VMThread [stack: 0x00007fdb75efd000,0x00007fdb75ffe000] [id=3873]
  0x00007fdb700a1000 WatcherThread [stack: 0x00007fdb757f6000,0x00007fdb758f7000] [id=3880]

VM state:not at safepoint (normal execution)

VM Mutex/Monitor currently owned by a thread: None

Heap
 PSYoungGen      total 17344K, used 2411K [0x00007fdb59ab0000, 0x00007fdb5ae00000, 0x00007fdb6d000000)
  eden space 14912K, 16% used [0x00007fdb59ab0000,0x00007fdb59d0ae40,0x00007fdb5a940000)
  from space 2432K, 0% used [0x00007fdb5aba0000,0x00007fdb5aba0000,0x00007fdb5ae00000)
  to   space 2432K, 0% used [0x00007fdb5a940000,0x00007fdb5a940000,0x00007fdb5aba0000)
 PSOldGen        total 39552K, used 0K [0x00007fdb33000000, 0x00007fdb356a0000, 0x00007fdb59ab0000)
  object space 39552K, 0% used [0x00007fdb33000000,0x00007fdb33000000,0x00007fdb356a0000)
 PSPermGen       total 21248K, used 6922K [0x00007fdb28800000, 0x00007fdb29cc0000, 0x00007fdb33000000)
  object space 21248K, 32% used [0x00007fdb28800000,0x00007fdb28ec2b38,0x00007fdb29cc0000)

Dynamic libraries:
00400000-00408000 r-xp 00000000 fd:00 3016223                            /usr/lib/jvm/java-1.6.0-openjdk-1.6.0.0.x86_64/jre/bin/java
00608000-00609000 rw-p 00008000 fd:00 3016223                            /usr/lib/jvm/java-1.6.0-openjdk-1.6.0.0.x86_64/jre/bin/java
0217e000-0219f000 rw-p 00000000 00:00 0                                  [heap]
326fa00000-326fa1e000 r-xp 00000000 fd:00 1446247                        /lib64/ld-2.12.so
326fc1e000-326fc1f000 r--p 0001e000 fd:00 1446247                        /lib64/ld-2.12.so
326fc1f000-326fc20000 rw-p 0001f000 fd:00 1446247                        /lib64/ld-2.12.so
326fc20000-326fc21000 rw-p 00000000 00:00 0 
326fe00000-326fe04000 r-xp 00000000 fd:00 3016202                        /usr/lib/jvm/java-1.6.0-openjdk-1.6.0.0.x86_64/jre/lib/amd64/jli/libjli.so
326fe04000-3270003000 ---p 00004000 fd:00 3016202                        /usr/lib/jvm/java-1.6.0-openjdk-1.6.0.0.x86_64/jre/lib/amd64/jli/libjli.so
3270003000-3270004000 rw-p 00003000 fd:00 3016202                        /usr/lib/jvm/java-1.6.0-openjdk-1.6.0.0.x86_64/jre/lib/amd64/jli/libjli.so
3270200000-3270375000 r-xp 00000000 fd:00 1446248                        /lib64/libc-2.12.so
3270375000-3270575000 ---p 00175000 fd:00 1446248                        /lib64/libc-2.12.so
3270575000-3270579000 r--p 00175000 fd:00 1446248                        /lib64/libc-2.12.so
3270579000-327057a000 rw-p 00179000 fd:00 1446248                        /lib64/libc-2.12.so
327057a000-327057f000 rw-p 00000000 00:00 0 
3270600000-3270602000 r-xp 00000000 fd:00 1446252                        /lib64/libdl-2.12.so
3270602000-3270802000 ---p 00002000 fd:00 1446252                        /lib64/libdl-2.12.so
3270802000-3270803000 r--p 00002000 fd:00 1446252                        /lib64/libdl-2.12.so
3270803000-3270804000 rw-p 00003000 fd:00 1446252                        /lib64/libdl-2.12.so
3270a00000-3270a17000 r-xp 00000000 fd:00 1446251                        /lib64/libpthread-2.12.so
3270a17000-3270c17000 ---p 00017000 fd:00 1446251                        /lib64/libpthread-2.12.so
3270c17000-3270c18000 r--p 00017000 fd:00 1446251                        /lib64/libpthread-2.12.so
3270c18000-3270c19000 rw-p 00018000 fd:00 1446251                        /lib64/libpthread-2.12.so
3270c19000-3270c1d000 rw-p 00000000 00:00 0 
3270e00000-3270e83000 r-xp 00000000 fd:00 1446249                        /lib64/libm-2.12.so
3270e83000-3271082000 ---p 00083000 fd:00 1446249                        /lib64/libm-2.12.so
3271082000-3271083000 r--p 00082000 fd:00 1446249                        /lib64/libm-2.12.so
3271083000-3271084000 rw-p 00083000 fd:00 1446249                        /lib64/libm-2.12.so
3271200000-3271215000 r-xp 00000000 fd:00 1446253                        /lib64/libz.so.1.2.3
3271215000-3271414000 ---p 00015000 fd:00 1446253                        /lib64/libz.so.1.2.3
3271414000-3271415000 rw-p 00014000 fd:00 1446253                        /lib64/libz.so.1.2.3
3271600000-3271607000 r-xp 00000000 fd:00 1446262                        /lib64/librt-2.12.so
3271607000-3271806000 ---p 00007000 fd:00 1446262                        /lib64/librt-2.12.so
3271806000-3271807000 r--p 00006000 fd:00 1446262                        /lib64/librt-2.12.so
3271807000-3271808000 rw-p 00007000 fd:00 1446262                        /lib64/librt-2.12.so
3272600000-3272602000 r-xp 00000000 fd:00 2531264                        /usr/lib64/libXau.so.6.0.0
3272602000-3272802000 ---p 00002000 fd:00 2531264                        /usr/lib64/libXau.so.6.0.0
3272802000-3272803000 rw-p 00002000 fd:00 2531264                        /usr/lib64/libXau.so.6.0.0
3272a00000-3272b39000 r-xp 00000000 fd:00 2531266                        /usr/lib64/libX11.so.6.3.0
3272b39000-3272d39000 ---p 00139000 fd:00 2531266                        /usr/lib64/libX11.so.6.3.0
3272d39000-3272d3f000 rw-p 00139000 fd:00 2531266                        /usr/lib64/libX11.so.6.3.0
3272e00000-3272e1b000 r-xp 00000000 fd:00 2531265                        /usr/lib64/libxcb.so.1.1.0
3272e1b000-327301a000 ---p 0001b000 fd:00 2531265                        /usr/lib64/libxcb.so.1.1.0
327301a000-327301b000 rw-p 0001a000 fd:00 2531265                        /usr/lib64/libxcb.so.1.1.0
3273600000-3273611000 r-xp 00000000 fd:00 2531267                        /usr/lib64/libXext.so.6.4.0
3273611000-3273811000 ---p 00011000 fd:00 2531267                        /usr/lib64/libXext.so.6.4.0
3273811000-3273812000 rw-p 00011000 fd:00 2531267                        /usr/lib64/libXext.so.6.4.0
3273e00000-3273e97000 r-xp 00000000 fd:00 2531274                        /usr/lib64/libfreetype.so.6.3.22
3273e97000-3274096000 ---p 00097000 fd:00 2531274                        /usr/lib64/libfreetype.so.6.3.22
3274096000-327409c000 rw-p 00096000 fd:00 2531274                        /usr/lib64/libfreetype.so.6.3.22
3274e00000-3274e09000 r-xp 00000000 fd:00 2531269                        /usr/lib64/libXrender.so.1.3.0
3274e09000-3275009000 ---p 00009000 fd:00 2531269                        /usr/lib64/libXrender.so.1.3.0
3275009000-327500a000 rw-p 00009000 fd:00 2531269                        /usr/lib64/libXrender.so.1.3.0
3275200000-327520f000 r-xp 00000000 fd:00 2531268                        /usr/lib64/libXi.so.6.1.0
327520f000-327540e000 ---p 0000f000 fd:00 2531268                        /usr/lib64/libXi.so.6.1.0
327540e000-327540f000 rw-p 0000e000 fd:00 2531268                        /usr/lib64/libXi.so.6.1.0
3276600000-3276616000 r-xp 00000000 fd:00 1446263                        /lib64/libgcc_s-4.4.4-20100726.so.1
3276616000-3276815000 ---p 00016000 fd:00 1446263                        /lib64/libgcc_s-4.4.4-20100726.so.1
3276815000-3276816000 rw-p 00015000 fd:00 1446263                        /lib64/libgcc_s-4.4.4-20100726.so.1
327ea00000-327ea05000 r-xp 00000000 fd:00 2531298                        /usr/lib64/libXtst.so.6.1.0
327ea05000-327ec05000 ---p 00005000 fd:00 2531298                        /usr/lib64/libXtst.so.6.1.0
327ec05000-327ec06000 rw-p 00005000 fd:00 2531298                        /usr/lib64/libXtst.so.6.1.0
3281400000-3281416000 r-xp 00000000 fd:00 1442092                        /lib64/libnsl-2.12.so
3281416000-3281615000 ---p 00016000 fd:00 1442092                        /lib64/libnsl-2.12.so
3281615000-3281616000 r--p 00015000 fd:00 1442092                        /lib64/libnsl-2.12.so
3281616000-3281617000 rw-p 00016000 fd:00 1442092                        /lib64/libnsl-2.12.so
3281617000-3281619000 rw-p 00000000 00:00 0 
7fdae0000000-7fdae0021000 rw-p 00000000 00:00 0 
7fdae0021000-7fdae4000000 ---p 00000000 00:00 0 
7fdae8000000-7fdae8021000 rw-p 00000000 00:00 0 
7fdae8021000-7fdaec000000 ---p 00000000 00:00 0 
7fdaec000000-7fdaec021000 rw-p 00000000 00:00 0 
7fdaec021000-7fdaf0000000 ---p 00000000 00:00 0 
7fdaf0000000-7fdaf02e8000 rw-p 00000000 00:00 0 
7fdaf02e8000-7fdaf4000000 ---p 00000000 00:00 0 
7fdaf4000000-7fdaf423b000 rw-p 00000000 00:00 0 
7fdaf423b000-7fdaf8000000 ---p 00000000 00:00 0 
7fdaf8000000-7fdaf8021000 rw-p 00000000 00:00 0 
7fdaf8021000-7fdafc000000 ---p 00000000 00:00 0 
7fdafe16f000-7fdb04000000 r--p 00000000 fd:00 2491177                    /usr/lib/locale/locale-archive
7fdb04000000-7fdb04021000 rw-p 00000000 00:00 0 
7fdb04021000-7fdb08000000 ---p 00000000 00:00 0 
7fdb08000000-7fdb08021000 rw-p 00000000 00:00 0 
7fdb08021000-7fdb0c000000 ---p 00000000 00:00 0 
7fdb0c000000-7fdb0c021000 rw-p 00000000 00:00 0 
7fdb0c021000-7fdb10000000 ---p 00000000 00:00 0 
7fdb10000000-7fdb10021000 rw-p 00000000 00:00 0 
7fdb10021000-7fdb14000000 ---p 00000000 00:00 0 
7fdb14000000-7fdb14021000 rw-p 00000000 00:00 0 
7fdb14021000-7fdb18000000 ---p 00000000 00:00 0 
7fdb1c000000-7fdb1c021000 rw-p 00000000 00:00 0 
7fdb1c021000-7fdb20000000 ---p 00000000 00:00 0 
7fdb24000000-7fdb24021000 rw-p 00000000 00:00 0 
7fdb24021000-7fdb28000000 ---p 00000000 00:00 0 
7fdb28800000-7fdb29cc0000 rwxp 00000000 00:00 0 
7fdb29cc0000-7fdb33000000 rwxp 00000000 00:00 0 
7fdb33000000-7fdb356a0000 rwxp 00000000 00:00 0 
7fdb356a0000-7fdb59ab0000 rwxp 00000000 00:00 0 
7fdb59ab0000-7fdb5ae00000 rwxp 00000000 00:00 0 
7fdb5ae00000-7fdb6d000000 rwxp 00000000 00:00 0 
7fdb6d000000-7fdb6d270000 rwxp 00000000 00:00 0 
7fdb6d270000-7fdb70000000 rwxp 00000000 00:00 0 
7fdb70000000-7fdb701af000 rw-p 00000000 00:00 0 
7fdb701af000-7fdb74000000 ---p 00000000 00:00 0 
7fdb74ab2000-7fdb74ab6000 r--s 00000000 fd:00 3028706                    /var/cache/fontconfig/87f5e051180a7a75f16eb6fe7dbd3749-le64.cache-3
7fdb74ab6000-7fdb74abf000 r--s 00000000 fd:00 3019427                    /var/cache/fontconfig/b79f3aaa7d385a141ab53ec885cc22a8-le64.cache-3
7fdb74abf000-7fdb74ac2000 r--s 00000000 fd:00 3043402                    /var/cache/fontconfig/0b1bcc92b4d25cc154d77dafe3bceaa0-le64.cache-3
7fdb74ac2000-7fdb74ac4000 r--s 00000000 fd:00 3043249                    /var/cache/fontconfig/2e1514a9fdd499050989183bb65136db-le64.cache-3
7fdb74ac4000-7fdb74ac7000 r--s 00000000 fd:00 3043248                    /var/cache/fontconfig/5c755b2f27115486aa6359c84dd3cbda-le64.cache-3
7fdb74ac7000-7fdb74ac8000 r--s 00000000 fd:00 3043409                    /var/cache/fontconfig/b966c23d19cce9e9a98d55765cf2a0c7-le64.cache-3
7fdb74ac8000-7fdb74aca000 r--s 00000000 fd:00 3043250                    /var/cache/fontconfig/3f821257dd33660ba7bbb45c32deb84c-le64.cache-3
7fdb74aca000-7fdb74acc000 r--s 00000000 fd:00 3043415                    /var/cache/fontconfig/830f035fa84a65ce80e050178dbb630d-le64.cache-3
7fdb74acc000-7fdb74acd000 r--s 00000000 fd:00 3043251                    /var/cache/fontconfig/81a173283b451552b599cfaafd6236bd-le64.cache-3
7fdb74acd000-7fdb74ace000 r--s 00000000 fd:00 3043412                    /var/cache/fontconfig/ac68f755438cc3dc5a526084839fc7ca-le64.cache-3
7fdb74ace000-7fdb74acf000 r--s 00000000 fd:00 3043358                    /var/cache/fontconfig/6cfc7d49b27ba7d3eb71ab86e04def2c-le64.cache-3
7fdb74acf000-7fdb74ad0000 r--s 00000000 fd:00 3043417                    /var/cache/fontconfig/46d51d90fe9d963f6f4186edb936a931-le64.cache-3
7fdb74ad0000-7fdb74ad1000 r--s 00000000 fd:00 3043416                    /var/cache/fontconfig/b887eea8f1b96e1d899b44ed6681fc27-le64.cache-3
7fdb74ad1000-7fdb74ad2000 r--s 00000000 fd:00 3043414                    /var/cache/fontconfig/860639f272b8b4b3094f9e399e41bccd-le64.cache-3
7fdb74ad2000-7fdb74ad3000 r--s 00000000 fd:00 3043413                    /var/cache/fontconfig/211368abcb0ff835c229ff05c9ec01dc-le64.cache-3
7fdb74ad3000-7fdb74ad4000 r--s 00000000 fd:00 3043418                    /var/cache/fontconfig/c46020d7221988a13df853d2b46304fc-le64.cache-3
7fdb74ad4000-7fdb74ad5000 r--s 00000000 fd:00 3043407                    /var/cache/fontconfig/df893b4576ad6107f9397134092c4059-le64.cache-3
7fdb74ad5000-7fdb74ad6000 r--s 00000000 fd:00 3043411                    /var/cache/fontconfig/900402270e15d763a6e008bb2d4c7686-le64.cache-3
7fdb74ad6000-7fdb74ad7000 r--s 00000000 fd:00 3043406                    /var/cache/fontconfig/47f48679023f44a4d1e44699a69464f6-le64.cache-3
7fdb74ad7000-7fdb74ad8000 r--s 00000000 fd:00 3043404                    /var/cache/fontconfig/2881ed3fd21ca306ddad6f9b0dd3189f-le64.cache-3
7fdb74ad8000-7fdb74ad9000 r--s 00000000 fd:00 3043400                    /var/cache/fontconfig/3c3fb04d32a5211b073874b125d29701-le64.cache-3
7fdb74ad9000-7fdb74ada000 r--s 00000000 fd:00 3043405                    /var/cache/fontconfig/e61abf8156cc476151baa07d67337cae-le64.cache-3
7fdb74ada000-7fdb74ade000 r--s 00000000 fd:00 3043410                    /var/cache/fontconfig/b67b32625a2bb51b023d3814a918f351-le64.cache-3
7fdb74ade000-7fdb74adf000 r--s 00000000 fd:00 3043408                    /var/cache/fontconfig/991510d2da7f7b2bf8468002aae90060-le64.cache-3
7fdb74adf000-7fdb74ae1000 r--s 00000000 fd:00 3043252                    /var/cache/fontconfig/d3379abda271c4acd2ad0c01f565d0b0-le64.cache-3
7fdb74ae1000-7fdb74ae2000 r--s 00000000 fd:00 3043401                    /var/cache/fontconfig/b4d0b56f766d89640448751fcd18ec1e-le64.cache-3
7fdb74ae2000-7fdb74aec000 r--s 00000000 fd:00 3043403                    /var/cache/fontconfig/12b26b760a24f8b4feb03ad48a333a72-le64.cache-3
7fdb74aec000-7fdb74afe000 r--s 00000000 fd:00 3032374                    /var/cache/fontconfig/74717c444f6fd72454fa9c9c0ee01ca7-le64.cache-3
7fdb74afe000-7fdb74b05000 r--s 00000000 fd:00 3028709                    /var/cache/fontconfig/928306c3ad40271d946e41014a49fc28-le64.cache-3
7fdb74b05000-7fdb74b0c000 r--s 00000000 fd:00 3028708                    /var/cache/fontconfig/fa1582dab13e7e8e44e5a9424d309f0e-le64.cache-3
7fdb74b0c000-7fdb74b11000 r--s 00000000 fd:00 3043420                    /var/cache/fontconfig/18db0204b1f108dd01663673626fcd3d-le64.cache-3
7fdb74b11000-7fdb74b12000 r--s 00000000 fd:00 3043399                    /var/cache/fontconfig/1248881498ac025e45c3042f6afe9284-le64.cache-3
7fdb74b12000-7fdb74b13000 r--s 00000000 fd:00 3043365                    /var/cache/fontconfig/d04038e664b0033ae700a78c51f179d3-le64.cache-3
7fdb74b13000-7fdb74b16000 r--s 00000000 fd:00 3043364                    /var/cache/fontconfig/beeeeb3dfe132a8a0633a017c99ce0c0-le64.cache-3
7fdb74b16000-7fdb74b1e000 r-xp 00000000 fd:00 3033001                    /usr/lib/jvm/java-1.6.0-openjdk-1.6.0.0.x86_64/jre/lib/amd64/libnio.so
7fdb74b1e000-7fdb74d1d000 ---p 00008000 fd:00 3033001                    /usr/lib/jvm/java-1.6.0-openjdk-1.6.0.0.x86_64/jre/lib/amd64/libnio.so
7fdb74d1d000-7fdb74d1e000 rw-p 00007000 fd:00 3033001                    /usr/lib/jvm/java-1.6.0-openjdk-1.6.0.0.x86_64/jre/lib/amd64/libnio.so
7fdb74d1e000-7fdb74d32000 r-xp 00000000 fd:00 3033000                    /usr/lib/jvm/java-1.6.0-openjdk-1.6.0.0.x86_64/jre/lib/amd64/libnet.so
7fdb74d32000-7fdb74f32000 ---p 00014000 fd:00 3033000                    /usr/lib/jvm/java-1.6.0-openjdk-1.6.0.0.x86_64/jre/lib/amd64/libnet.so
7fdb74f32000-7fdb74f33000 rw-p 00014000 fd:00 3033000                    /usr/lib/jvm/java-1.6.0-openjdk-1.6.0.0.x86_64/jre/lib/amd64/libnet.so
7fdb74f33000-7fdb74f37000 r--s 00000000 fd:00 3028706                    /var/cache/fontconfig/87f5e051180a7a75f16eb6fe7dbd3749-le64.cache-3
7fdb74f37000-7fdb74f40000 r--s 00000000 fd:00 3019427                    /var/cache/fontconfig/b79f3aaa7d385a141ab53ec885cc22a8-le64.cache-3
7fdb74f40000-7fdb74f43000 r--s 00000000 fd:00 3043402                    /var/cache/fontconfig/0b1bcc92b4d25cc154d77dafe3bceaa0-le64.cache-3
7fdb74f43000-7fdb74f45000 r--s 00000000 fd:00 3043249                    /var/cache/fontconfig/2e1514a9fdd499050989183bb65136db-le64.cache-3
7fdb74f45000-7fdb74f48000 r--s 00000000 fd:00 3043248                    /var/cache/fontconfig/5c755b2f27115486aa6359c84dd3cbda-le64.cache-3
7fdb74f48000-7fdb74f49000 r--s 00000000 fd:00 3043409                    /var/cache/fontconfig/b966c23d19cce9e9a98d55765cf2a0c7-le64.cache-3
7fdb74f49000-7fdb74f4b000 r--s 00000000 fd:00 3043250                    /var/cache/fontconfig/3f821257dd33660ba7bbb45c32deb84c-le64.cache-3
7fdb74f4b000-7fdb74f4d000 r--s 00000000 fd:00 3043415                    /var/cache/fontconfig/830f035fa84a65ce80e050178dbb630d-le64.cache-3
7fdb74f4d000-7fdb74f4e000 r--s 00000000 fd:00 3043251                    /var/cache/fontconfig/81a173283b451552b599cfaafd6236bd-le64.cache-3
7fdb74f4e000-7fdb74f4f000 r--s 00000000 fd:00 3043412                    /var/cache/fontconfig/ac68f755438cc3dc5a526084839fc7ca-le64.cache-3
7fdb74f4f000-7fdb74f50000 r--s 00000000 fd:00 3043358                    /var/cache/fontconfig/6cfc7d49b27ba7d3eb71ab86e04def2c-le64.cache-3
7fdb74f50000-7fdb74f51000 r--s 00000000 fd:00 3043417                    /var/cache/fontconfig/46d51d90fe9d963f6f4186edb936a931-le64.cache-3
7fdb74f51000-7fdb74f52000 r--s 00000000 fd:00 3043416                    /var/cache/fontconfig/b887eea8f1b96e1d899b44ed6681fc27-le64.cache-3
7fdb74f52000-7fdb74f5c000 r--s 00000000 fd:00 3043403                    /var/cache/fontconfig/12b26b760a24f8b4feb03ad48a333a72-le64.cache-3
7fdb74f5c000-7fdb74f6e000 r--s 00000000 fd:00 3032374                    /var/cache/fontconfig/74717c444f6fd72454fa9c9c0ee01ca7-le64.cache-3
7fdb74f6e000-7fdb74f71000 ---p 00000000 00:00 0 
7fdb74f71000-7fdb7506f000 rw-p 00000000 00:00 0 
7fdb7506f000-7fdb750b3000 r-xp 00000000 fd:00 3032982                    /usr/lib/jvm/java-1.6.0-openjdk-1.6.0.0.x86_64/jre/lib/amd64/libfontmanager.so
7fdb750b3000-7fdb752b3000 ---p 00044000 fd:00 3032982                    /usr/lib/jvm/java-1.6.0-openjdk-1.6.0.0.x86_64/jre/lib/amd64/libfontmanager.so
7fdb752b3000-7fdb752b6000 rw-p 00044000 fd:00 3032982                    /usr/lib/jvm/java-1.6.0-openjdk-1.6.0.0.x86_64/jre/lib/amd64/libfontmanager.so
7fdb752b6000-7fdb752c9000 rw-p 00000000 00:00 0 
7fdb752c9000-7fdb75314000 r-xp 00000000 fd:00 3033017                    /usr/lib/jvm/java-1.6.0-openjdk-1.6.0.0.x86_64/jre/lib/amd64/xawt/libmawt.so
7fdb75314000-7fdb75513000 ---p 0004b000 fd:00 3033017                    /usr/lib/jvm/java-1.6.0-openjdk-1.6.0.0.x86_64/jre/lib/amd64/xawt/libmawt.so
7fdb75513000-7fdb75517000 rw-p 0004a000 fd:00 3033017                    /usr/lib/jvm/java-1.6.0-openjdk-1.6.0.0.x86_64/jre/lib/amd64/xawt/libmawt.so
7fdb75517000-7fdb75518000 rw-p 00000000 00:00 0 
7fdb75518000-7fdb755ba000 r-xp 00000000 fd:00 3032980                    /usr/lib/jvm/java-1.6.0-openjdk-1.6.0.0.x86_64/jre/lib/amd64/libawt.so
7fdb755ba000-7fdb757ba000 ---p 000a2000 fd:00 3032980                    /usr/lib/jvm/java-1.6.0-openjdk-1.6.0.0.x86_64/jre/lib/amd64/libawt.so
7fdb757ba000-7fdb757c5000 rw-p 000a2000 fd:00 3032980                    /usr/lib/jvm/java-1.6.0-openjdk-1.6.0.0.x86_64/jre/lib/amd64/libawt.so
7fdb757c5000-7fdb757ea000 rw-p 00000000 00:00 0 
7fdb757ea000-7fdb757ed000 r--s 0000f000 fd:00 3033035                    /usr/lib/jvm/java-1.6.0-openjdk-1.6.0.0.x86_64/jre/lib/ext/pulse-java.jar
7fdb757ed000-7fdb757f6000 r--s 00065000 fd:00 3033032                    /usr/lib/jvm/java-1.6.0-openjdk-1.6.0.0.x86_64/jre/lib/ext/gnome-java-bridge.jar
7fdb757f6000-7fdb757f7000 ---p 00000000 00:00 0 
7fdb757f7000-7fdb758f7000 rw-p 00000000 00:00 0 
7fdb758f7000-7fdb758fa000 ---p 00000000 00:00 0 
7fdb758fa000-7fdb759f8000 rw-p 00000000 00:00 0 
7fdb759f8000-7fdb759fb000 ---p 00000000 00:00 0 
7fdb759fb000-7fdb75af9000 rw-p 00000000 00:00 0 
7fdb75af9000-7fdb75afc000 ---p 00000000 00:00 0 
7fdb75afc000-7fdb75bfa000 rw-p 00000000 00:00 0 
7fdb75bfa000-7fdb75bfd000 ---p 00000000 00:00 0 
7fdb75bfd000-7fdb75cfb000 rw-p 00000000 00:00 0 
7fdb75cfb000-7fdb75cfe000 ---p 00000000 00:00 0 
7fdb75cfe000-7fdb75dfc000 rw-p 00000000 00:00 0 
7fdb75dfc000-7fdb75dff000 ---p 00000000 00:00 0 
7fdb75dff000-7fdb75efd000 rw-p 00000000 00:00 0 
7fdb75efd000-7fdb75efe000 ---p 00000000 00:00 0 
7fdb75efe000-7fdb760d6000 rw-p 00000000 00:00 0 
7fdb760d6000-7fdb7626c000 r--s 03906000 fd:00 3033077                    /usr/lib/jvm/java-1.6.0-openjdk-1.6.0.0.x86_64/jre/lib/rt.jar
7fdb7626c000-7fdb7626d000 ---p 00000000 00:00 0 
7fdb7626d000-7fdb7636d000 rw-p 00000000 00:00 0 
7fdb7636d000-7fdb7636e000 ---p 00000000 00:00 0 
7fdb7636e000-7fdb7646e000 rw-p 00000000 00:00 0 
7fdb7646e000-7fdb7646f000 ---p 00000000 00:00 0 
7fdb7646f000-7fdb7656f000 rw-p 00000000 00:00 0 
7fdb7656f000-7fdb76570000 ---p 00000000 00:00 0 
7fdb76570000-7fdb76670000 rw-p 00000000 00:00 0 
7fdb76670000-7fdb7667b000 rwxp 00000000 00:00 0 
7fdb7667b000-7fdb766c4000 rwxp 00000000 00:00 0 
7fdb766c4000-7fdb766d8000 rwxp 00000000 00:00 0 
7fdb766d8000-7fdb767fa000 rwxp 00000000 00:00 0 
7fdb767fa000-7fdb76805000 rwxp 00000000 00:00 0 
7fdb76805000-7fdb7684e000 rwxp 00000000 00:00 0 
7fdb7684e000-7fdb76862000 rwxp 00000000 00:00 0 
7fdb76862000-7fdb76983000 rwxp 00000000 00:00 0 
7fdb76983000-7fdb7698d000 rwxp 00000000 00:00 0 
7fdb7698d000-7fdb76a1e000 rwxp 00000000 00:00 0 
7fdb76a1e000-7fdb76a29000 rwxp 00000000 00:00 0 
7fdb76a29000-7fdb76adf000 rwxp 00000000 00:00 0 
7fdb76adf000-7fdb76ae6000 r-xp 00000000 fd:00 3033009                    /usr/lib/jvm/java-1.6.0-openjdk-1.6.0.0.x86_64/jre/lib/amd64/libzip.so
7fdb76ae6000-7fdb76ce5000 ---p 00007000 fd:00 3033009                    /usr/lib/jvm/java-1.6.0-openjdk-1.6.0.0.x86_64/jre/lib/amd64/libzip.so
7fdb76ce5000-7fdb76ce6000 rw-p 00006000 fd:00 3033009                    /usr/lib/jvm/java-1.6.0-openjdk-1.6.0.0.x86_64/jre/lib/amd64/libzip.so
7fdb76ce6000-7fdb76cf0000 r-xp 00000000 fd:00 1441826                    /lib64/libnss_nis-2.12.so
7fdb76cf0000-7fdb76eef000 ---p 0000a000 fd:00 1441826                    /lib64/libnss_nis-2.12.so
7fdb76eef000-7fdb76ef0000 r--p 00009000 fd:00 1441826                    /lib64/libnss_nis-2.12.so
7fdb76ef0000-7fdb76ef1000 rw-p 0000a000 fd:00 1441826                    /lib64/libnss_nis-2.12.so
7fdb76ef1000-7fdb76efd000 r-xp 00000000 fd:00 1441822                    /lib64/libnss_files-2.12.so
7fdb76efd000-7fdb770fc000 ---p 0000c000 fd:00 1441822                    /lib64/libnss_files-2.12.so
7fdb770fc000-7fdb770fd000 r--p 0000b000 fd:00 1441822                    /lib64/libnss_files-2.12.so
7fdb770fd000-7fdb770fe000 rw-p 0000c000 fd:00 1441822                    /lib64/libnss_files-2.12.so
7fdb770fe000-7fdb770ff000 r--s 00000000 fd:00 3043414                    /var/cache/fontconfig/860639f272b8b4b3094f9e399e41bccd-le64.cache-3
7fdb770ff000-7fdb77100000 r--s 00000000 fd:00 3043413                    /var/cache/fontconfig/211368abcb0ff835c229ff05c9ec01dc-le64.cache-3
7fdb77100000-7fdb77101000 r--s 00000000 fd:00 3043418                    /var/cache/fontconfig/c46020d7221988a13df853d2b46304fc-le64.cache-3
7fdb77101000-7fdb77102000 r--s 00000000 fd:00 3043407                    /var/cache/fontconfig/df893b4576ad6107f9397134092c4059-le64.cache-3
7fdb77102000-7fdb77103000 r--s 00000000 fd:00 3043411                    /var/cache/fontconfig/900402270e15d763a6e008bb2d4c7686-le64.cache-3
7fdb77103000-7fdb77104000 r--s 00000000 fd:00 3043406                    /var/cache/fontconfig/47f48679023f44a4d1e44699a69464f6-le64.cache-3
7fdb77104000-7fdb77105000 r--s 00000000 fd:00 3043404                    /var/cache/fontconfig/2881ed3fd21ca306ddad6f9b0dd3189f-le64.cache-3
7fdb77105000-7fdb77106000 r--s 00000000 fd:00 3043400                    /var/cache/fontconfig/3c3fb04d32a5211b073874b125d29701-le64.cache-3
7fdb77106000-7fdb77107000 r--s 00000000 fd:00 3043405                    /var/cache/fontconfig/e61abf8156cc476151baa07d67337cae-le64.cache-3
7fdb77107000-7fdb7712f000 rw-p 00000000 00:00 0 
7fdb7712f000-7fdb77137000 r-xp 00000000 fd:00 3033011                    /usr/lib/jvm/java-1.6.0-openjdk-1.6.0.0.x86_64/jre/lib/amd64/native_threads/libhpi.so
7fdb77137000-7fdb77336000 ---p 00008000 fd:00 3033011                    /usr/lib/jvm/java-1.6.0-openjdk-1.6.0.0.x86_64/jre/lib/amd64/native_threads/libhpi.so
7fdb77336000-7fdb77337000 rw-p 00007000 fd:00 3033011                    /usr/lib/jvm/java-1.6.0-openjdk-1.6.0.0.x86_64/jre/lib/amd64/native_threads/libhpi.so
7fdb77337000-7fdb77338000 rw-p 00000000 00:00 0 
7fdb77338000-7fdb77363000 r-xp 00000000 fd:00 3032989                    /usr/lib/jvm/java-1.6.0-openjdk-1.6.0.0.x86_64/jre/lib/amd64/libjava.so
7fdb77363000-7fdb77563000 ---p 0002b000 fd:00 3032989                    /usr/lib/jvm/java-1.6.0-openjdk-1.6.0.0.x86_64/jre/lib/amd64/libjava.so
7fdb77563000-7fdb77567000 rw-p 0002b000 fd:00 3032989                    /usr/lib/jvm/java-1.6.0-openjdk-1.6.0.0.x86_64/jre/lib/amd64/libjava.so
7fdb77567000-7fdb77575000 r-xp 00000000 fd:00 3033008                    /usr/lib/jvm/java-1.6.0-openjdk-1.6.0.0.x86_64/jre/lib/amd64/libverify.so
7fdb77575000-7fdb77774000 ---p 0000e000 fd:00 3033008                    /usr/lib/jvm/java-1.6.0-openjdk-1.6.0.0.x86_64/jre/lib/amd64/libverify.so
7fdb77774000-7fdb77776000 rw-p 0000d000 fd:00 3033008                    /usr/lib/jvm/java-1.6.0-openjdk-1.6.0.0.x86_64/jre/lib/amd64/libverify.so
7fdb77776000-7fdb77779000 ---p 00000000 00:00 0 
7fdb77779000-7fdb77877000 rw-p 00000000 00:00 0 
7fdb77877000-7fdb78023000 r-xp 00000000 fd:00 3033015                    /usr/lib/jvm/java-1.6.0-openjdk-1.6.0.0.x86_64/jre/lib/amd64/server/libjvm.so
7fdb78023000-7fdb78223000 ---p 007ac000 fd:00 3033015                    /usr/lib/jvm/java-1.6.0-openjdk-1.6.0.0.x86_64/jre/lib/amd64/server/libjvm.so
7fdb78223000-7fdb782b1000 rw-p 007ac000 fd:00 3033015                    /usr/lib/jvm/java-1.6.0-openjdk-1.6.0.0.x86_64/jre/lib/amd64/server/libjvm.so
7fdb782b1000-7fdb782f2000 rw-p 00000000 00:00 0 
7fdb782f2000-7fdb782f6000 r--s 00000000 fd:00 3043410                    /var/cache/fontconfig/b67b32625a2bb51b023d3814a918f351-le64.cache-3
7fdb782f6000-7fdb782f7000 r--s 00000000 fd:00 3043408                    /var/cache/fontconfig/991510d2da7f7b2bf8468002aae90060-le64.cache-3
7fdb782f7000-7fdb782f9000 r--s 00000000 fd:00 3043252                    /var/cache/fontconfig/d3379abda271c4acd2ad0c01f565d0b0-le64.cache-3
7fdb782f9000-7fdb782fa000 r--s 00000000 fd:00 3043401                    /var/cache/fontconfig/b4d0b56f766d89640448751fcd18ec1e-le64.cache-3
7fdb782fa000-7fdb78301000 r--s 00000000 fd:00 3028709                    /var/cache/fontconfig/928306c3ad40271d946e41014a49fc28-le64.cache-3
7fdb78301000-7fdb78308000 r--s 00000000 fd:00 3028708                    /var/cache/fontconfig/fa1582dab13e7e8e44e5a9424d309f0e-le64.cache-3
7fdb78308000-7fdb7830d000 r--s 00000000 fd:00 3043420                    /var/cache/fontconfig/18db0204b1f108dd01663673626fcd3d-le64.cache-3
7fdb7830d000-7fdb7830e000 r--s 00000000 fd:00 3043399                    /var/cache/fontconfig/1248881498ac025e45c3042f6afe9284-le64.cache-3
7fdb7830e000-7fdb7830f000 r--s 00000000 fd:00 3043365                    /var/cache/fontconfig/d04038e664b0033ae700a78c51f179d3-le64.cache-3
7fdb7830f000-7fdb78312000 r--s 00000000 fd:00 3043364                    /var/cache/fontconfig/beeeeb3dfe132a8a0633a017c99ce0c0-le64.cache-3
7fdb78312000-7fdb78319000 r--s 000fe000 fd:00 3033075                    /usr/lib/jvm/java-1.6.0-openjdk-1.6.0.0.x86_64/jre/lib/resources.jar
7fdb78319000-7fdb78321000 rw-s 00000000 fd:00 2228847                    /tmp/hsperfdata_BG20/3867
7fdb78321000-7fdb78322000 rw-p 00000000 00:00 0 
7fdb78322000-7fdb78323000 r--p 00000000 00:00 0 
7fdb78323000-7fdb78324000 rw-p 00000000 00:00 0 
7fffc1440000-7fffc1455000 rw-p 00000000 00:00 0                          [stack]
7fffc15b4000-7fffc15b5000 r-xp 00000000 00:00 0                          [vdso]
ffffffffff600000-ffffffffff601000 r-xp 00000000 00:00 0                  [vsyscall]

VM Arguments:
java_command: main
Launcher Type: SUN_STANDARD

Environment Variables:
JAVA_HOME=/var/jdk
CLASSPATH=:/projects/postgresql-8.2dev-503.jdbc3.jar:/projects/mysql-connector-java-5.1.6.jar:/exports/BG20/tomcat/lib/servlet-api.jar:/exports/BG20/tomcat/lib/postgresql-8.2dev-503.jdbc3.jar:/exports/BG20/tomcat/lib/mysql-connector-java-5.1.6.jar:/exports/BG20:/projects/postgresql-8.2dev-503.jdbc3.jar:/projects/mysql-connector-java-5.1.6.jar:/exports/BG20/tomcat/lib/servlet-api.jar:/exports/BG20/tomcat/lib/postgresql-8.2dev-503.jdbc3.jar:/exports/BG20/tomcat/lib/mysql-connector-java-5.1.6.jar:/exports/BG20
PATH=/usr/lib64/qt-3.3/bin:/usr/kerberos/sbin:/usr/kerberos/bin:/usr/local/bin:/usr/bin:/bin:/usr/local/sbin:/usr/sbin:/sbin:/var/jdk/bin:/exports/BG20/bin:/var/jdk/bin:/exports/BG20/bin
USERNAME=BG20
LD_LIBRARY_PATH=/usr/lib/jvm/java-1.6.0-openjdk-1.6.0.0.x86_64/jre/lib/amd64/server:/usr/lib/jvm/java-1.6.0-openjdk-1.6.0.0.x86_64/jre/lib/amd64:/usr/lib/jvm/java-1.6.0-openjdk-1.6.0.0.x86_64/jre/../lib/amd64
SHELL=/bin/bash
DISPLAY=:0.0

Signal Handlers:
SIGSEGV: [libjvm.so+0x64f8e0], sa_mask[0]=0x7ffbfeff, sa_flags=0x10000004
SIGBUS: [libjvm.so+0x64f8e0], sa_mask[0]=0x7ffbfeff, sa_flags=0x10000004
SIGFPE: [libjvm.so+0x531ca0], sa_mask[0]=0x7ffbfeff, sa_flags=0x10000004
SIGPIPE: [libjvm.so+0x531ca0], sa_mask[0]=0x7ffbfeff, sa_flags=0x10000004
SIGXFSZ: [libjvm.so+0x531ca0], sa_mask[0]=0x7ffbfeff, sa_flags=0x10000004
SIGILL: [libjvm.so+0x531ca0], sa_mask[0]=0x7ffbfeff, sa_flags=0x10000004
SIGUSR1: SIG_DFL, sa_mask[0]=0x00000000, sa_flags=0x00000000
SIGUSR2: [libjvm.so+0x531450], sa_mask[0]=0x00000000, sa_flags=0x10000004
SIGHUP: [libjvm.so+0x533880], sa_mask[0]=0x7ffbfeff, sa_flags=0x10000004
SIGINT: [libjvm.so+0x533880], sa_mask[0]=0x7ffbfeff, sa_flags=0x10000004
SIGTERM: [libjvm.so+0x533880], sa_mask[0]=0x7ffbfeff, sa_flags=0x10000004
SIGQUIT: [libjvm.so+0x533880], sa_mask[0]=0x7ffbfeff, sa_flags=0x10000004


---------------  S Y S T E M  ---------------

OS:Red Hat Enterprise Linux Server release 6.0 (Santiago)

uname:Linux 2.6.32-71.el6.x86_64 #1 SMP Wed Sep 1 01:33:01 EDT 2010 x86_64
libc:glibc 2.12 NPTL 2.12 
rlimit: STACK 10240k, CORE 0k, NPROC 1024, NOFILE 1024, AS infinity
load average:0.07 0.21 0.30

CPU:total 4 (8 cores per cpu, 2 threads per core) family 6 model 60 stepping 3, cmov, cx8, fxsr, mmx, sse, sse2, sse3, ssse3, sse4.1, sse4.2, ht

Memory: 4k page, physical 3792956k(3013836k free), swap 6029304k(6029304k free)

vm_info: OpenJDK 64-Bit Server VM (14.0-b16) for linux-amd64 JRE (1.6.0_17-b17), built on Jul 29 2010 16:58:21 by "mockbuild" with gcc 4.4.4 20100726 (Red Hat 4.4.4-13)

time: Tue Jan 30 11:15:43 2018
elapsed time: 0 seconds

