#
# A fatal error has been detected by the Java Runtime Environment:
#
#  SIGSEGV (0xb) at pc=0x000000326fa14d70, pid=4401, tid=140511784154896
#
# JRE version: 6.0_17-b17
# Java VM: OpenJDK 64-Bit Server VM (14.0-b16 mixed mode linux-amd64 )
# Derivative: IcedTea6 1.7.4
# Distribution: Custom build (Thu Jul 29 16:49:18 EDT 2010)
# Problematic frame:
# C  [ld-linux-x86-64.so.2+0x14d70]
#
# If you would like to submit a bug report, please include
# instructions how to reproduce the bug and visit:
#   http://icedtea.classpath.org/bugzilla
# The crash happened outside the Java Virtual Machine in native code.
# See problematic frame for where to report the bug.
#

---------------  T H R E A D  ---------------

Current thread (0x00007fcb6c008000):  JavaThread "main" [_thread_in_native, id=4402, stack(0x00007fcb72eb3000,0x00007fcb72fb4000)]

siginfo:si_signo=SIGSEGV: si_errno=0, si_code=128 (), si_addr=0x0000000000000000

Registers:
RAX=0x0000000000000001, RBX=0x00007fcb6c0b4b60, RCX=0x000000007fdafbbf, RDX=0x00000000bfebfbff
RSP=0x00007fcb72fb0ff8, RBP=0x00007fcb72fb1140, RSI=0x0000000000000000, RDI=0x0000000000000058
R8 =0x0000000000000000, R9 =0x0000000000000000, R10=0x00007fcb72fb0f70, R11=0x00007fcb6c0b4b60
R12=0x00007fcb72fb1168, R13=0x00007fcb6c142d00, R14=0x0000000000000000, R15=0x0000000000000000
RIP=0x000000326fa14d70, EFL=0x0000000000010202, CSGSFS=0x0000000000000033, ERR=0x0000000000000000
  TRAPNO=0x000000000000000d

Top of Stack: (sp=0x00007fcb72fb0ff8)
0x00007fcb72fb0ff8:   000000326fa0aaea 0000000000000000
0x00007fcb72fb1008:   0000000000000000 00007fcb00000005
0x00007fcb72fb1018:   0000000000000000 0000000000000001
0x00007fcb72fb1028:   00007fcb6c142d00 0000000000000000
0x00007fcb72fb1038:   00007fcb00000000 0000000000000000
0x00007fcb72fb1048:   0000000000000058 0000000000000004
0x00007fcb72fb1058:   00007fcb6c143058 0000000000000013
0x00007fcb72fb1068:   00007fcb707ba660 00007fcb0000000a
0x00007fcb72fb1078:   000000016c008448 00007fcb6c008000
0x00007fcb72fb1088:   00007fcb707addb9 0000000000000000
0x00007fcb72fb1098:   00007fcb6c008448 00007fcb72fb1110
0x00007fcb72fb10a8:   00007fcb734c775f 00007fcb6c008000
0x00007fcb72fb10b8:   00007fcb00000000 00007fcb72fb12d8
0x00007fcb72fb10c8:   00007fcb72fb1290 00007fcb6c005ea0
0x00007fcb72fb10d8:   0000000324940b18 0000000000000000
0x00007fcb72fb10e8:   00007fcb6c007770 00007fcb70a0a548
0x00007fcb72fb10f8:   00007fcb6c0b4b60 00007fcb6c008000
0x00007fcb72fb1108:   00000000ffffffff 00007fcb72fb1170
0x00007fcb72fb1118:   0000000000000005 00000000002468e0
0x00007fcb72fb1128:   0000000000000000 00007fcb72fb1290
0x00007fcb72fb1138:   00007fcb6c008000 00007fcb707ac000
0x00007fcb72fb1148:   000000326fa0dee0 00007fcb00000005
0x00007fcb72fb1158:   0000000000000000 00007fcb6c003310
0x00007fcb72fb1168:   00007fcb707acb48 00007fcb6c008000
0x00007fcb72fb1178:   00007fcb6c003310 00007fcb72fb1210
0x00007fcb72fb1188:   00007fcb6c0081b8 000000000000001c
0x00007fcb72fb1198:   000000326fa147b5 0000000000000000
0x00007fcb72fb11a8:   6f6e6f4d20736e61 00007fcb739f7430
0x00007fcb72fb11b8:   00007fcb55cbc794 00007fcb6c003310
0x00007fcb72fb11c8:   657571696c624f20 0000000000000025
0x00007fcb72fb11d8:   00007fcb6c142d00 0000000000000043
0x00007fcb72fb11e8:   00007fcb707ba6cb 00007fcb24eb58c0 

Instructions: (pc=0x000000326fa14d70)
0x000000326fa14d60:   10 75 02 f7 d8 89 05 0d b2 20 00 83 f8 00 78 51
0x000000326fa14d70:   64 c5 fd 7f 04 25 80 00 00 00 64 c5 fd 7f 0c 25 

Stack: [0x00007fcb72eb3000,0x00007fcb72fb4000],  sp=0x00007fcb72fb0ff8,  free space=1015k
Native frames: (J=compiled Java code, j=interpreted, Vv=VM code, C=native code)
C  [ld-linux-x86-64.so.2+0x14d70]

Java frames: (J=compiled Java code, j=interpreted, Vv=VM code)
j  sun.font.NativeFont.fontExists([B)Z+0
j  sun.font.NativeFont.fontExists(Ljava/lang/String;)Z+19
j  sun.awt.X11GraphicsEnvironment.getX11FontName(Ljava/lang/String;)Ljava/lang/String;+10
j  sun.awt.X11GraphicsEnvironment.getFileNameFromPlatformName(Ljava/lang/String;)Ljava/lang/String;+321
j  sun.java2d.SunGraphicsEnvironment.initCompositeFonts(Lsun/awt/FontConfiguration;Ljava/util/concurrent/ConcurrentHashMap;)V+32
j  sun.java2d.SunGraphicsEnvironment.access$600(Lsun/java2d/SunGraphicsEnvironment;Lsun/awt/FontConfiguration;Ljava/util/concurrent/ConcurrentHashMap;)V+3
j  sun.java2d.SunGraphicsEnvironment$2.run()Ljava/lang/Object;+769
v  ~StubRoutines::call_stub
j  java.security.AccessController.doPrivileged(Ljava/security/PrivilegedAction;)Ljava/lang/Object;+0
j  sun.java2d.SunGraphicsEnvironment.<init>()V+44
j  sun.awt.X11GraphicsEnvironment.<init>()V+1
v  ~StubRoutines::call_stub
j  sun.reflect.NativeConstructorAccessorImpl.newInstance0(Ljava/lang/reflect/Constructor;[Ljava/lang/Object;)Ljava/lang/Object;+0
j  sun.reflect.NativeConstructorAccessorImpl.newInstance([Ljava/lang/Object;)Ljava/lang/Object;+72
j  sun.reflect.DelegatingConstructorAccessorImpl.newInstance([Ljava/lang/Object;)Ljava/lang/Object;+5
j  java.lang.reflect.Constructor.newInstance([Ljava/lang/Object;)Ljava/lang/Object;+92
j  java.lang.Class.newInstance0()Ljava/lang/Object;+118
j  java.lang.Class.newInstance()Ljava/lang/Object;+15
j  java.awt.GraphicsEnvironment.getLocalGraphicsEnvironment()Ljava/awt/GraphicsEnvironment;+27
j  java.awt.Window.init(Ljava/awt/GraphicsConfiguration;)V+48
j  java.awt.Window.<init>()V+87
j  java.awt.Frame.<init>(Ljava/lang/String;)V+1
j  java.awt.Frame.<init>()V+3
j  javax.swing.JFrame.<init>()V+1
j  aboutus.<init>()V+1
j  aboutus.main([Ljava/lang/String;)V+4
v  ~StubRoutines::call_stub

---------------  P R O C E S S  ---------------

Java Threads: ( => current thread )
  0x00007fcb6c14f000 JavaThread "Java2D Disposer" daemon [_thread_blocked, id=4415, stack(0x00007fcb706ab000,0x00007fcb707ac000)]
  0x00007fcb6c09e800 JavaThread "Low Memory Detector" daemon [_thread_blocked, id=4413, stack(0x00007fcb71034000,0x00007fcb71135000)]
  0x00007fcb6c09b800 JavaThread "CompilerThread1" daemon [_thread_in_native, id=4412, stack(0x00007fcb71135000,0x00007fcb71236000)]
  0x00007fcb6c099800 JavaThread "CompilerThread0" daemon [_thread_in_native, id=4411, stack(0x00007fcb71236000,0x00007fcb71337000)]
  0x00007fcb6c097800 JavaThread "Signal Dispatcher" daemon [_thread_blocked, id=4410, stack(0x00007fcb71337000,0x00007fcb71438000)]
  0x00007fcb6c076800 JavaThread "Finalizer" daemon [_thread_blocked, id=4409, stack(0x00007fcb71438000,0x00007fcb71539000)]
  0x00007fcb6c074800 JavaThread "Reference Handler" daemon [_thread_blocked, id=4408, stack(0x00007fcb71539000,0x00007fcb7163a000)]
=>0x00007fcb6c008000 JavaThread "main" [_thread_in_native, id=4402, stack(0x00007fcb72eb3000,0x00007fcb72fb4000)]

Other Threads:
  0x00007fcb6c06f800 VMThread [stack: 0x00007fcb7163a000,0x00007fcb7173b000] [id=4407]
  0x00007fcb6c0a1000 WatcherThread [stack: 0x00007fcb70f33000,0x00007fcb71034000] [id=4414]

VM state:not at safepoint (normal execution)

VM Mutex/Monitor currently owned by a thread: None

Heap
 PSYoungGen      total 17344K, used 2112K [0x00007fcb55ab0000, 0x00007fcb56e00000, 0x00007fcb69000000)
  eden space 14912K, 14% used [0x00007fcb55ab0000,0x00007fcb55cc02a8,0x00007fcb56940000)
  from space 2432K, 0% used [0x00007fcb56ba0000,0x00007fcb56ba0000,0x00007fcb56e00000)
  to   space 2432K, 0% used [0x00007fcb56940000,0x00007fcb56940000,0x00007fcb56ba0000)
 PSOldGen        total 39552K, used 0K [0x00007fcb2f000000, 0x00007fcb316a0000, 0x00007fcb55ab0000)
  object space 39552K, 0% used [0x00007fcb2f000000,0x00007fcb2f000000,0x00007fcb316a0000)
 PSPermGen       total 21248K, used 6877K [0x00007fcb24800000, 0x00007fcb25cc0000, 0x00007fcb2f000000)
  object space 21248K, 32% used [0x00007fcb24800000,0x00007fcb24eb74f0,0x00007fcb25cc0000)

Dynamic libraries:
00400000-00408000 r-xp 00000000 fd:00 3016223                            /usr/lib/jvm/java-1.6.0-openjdk-1.6.0.0.x86_64/jre/bin/java
00608000-00609000 rw-p 00008000 fd:00 3016223                            /usr/lib/jvm/java-1.6.0-openjdk-1.6.0.0.x86_64/jre/bin/java
021a6000-021c7000 rw-p 00000000 00:00 0                                  [heap]
326fa00000-326fa1e000 r-xp 00000000 fd:00 1446247                        /lib64/ld-2.12.so
326fc1e000-326fc1f000 r--p 0001e000 fd:00 1446247                        /lib64/ld-2.12.so
326fc1f000-326fc20000 rw-p 0001f000 fd:00 1446247                        /lib64/ld-2.12.so
326fc20000-326fc21000 rw-p 00000000 00:00 0 
326fe00000-326fe04000 r-xp 00000000 fd:00 3016202                        /usr/lib/jvm/java-1.6.0-openjdk-1.6.0.0.x86_64/jre/lib/amd64/jli/libjli.so
326fe04000-3270003000 ---p 00004000 fd:00 3016202                        /usr/lib/jvm/java-1.6.0-openjdk-1.6.0.0.x86_64/jre/lib/amd64/jli/libjli.so
3270003000-3270004000 rw-p 00003000 fd:00 3016202                        /usr/lib/jvm/java-1.6.0-openjdk-1.6.0.0.x86_64/jre/lib/amd64/jli/libjli.so
3270200000-3270375000 r-xp 00000000 fd:00 1446248                        /lib64/libc-2.12.so
3270375000-3270575000 ---p 00175000 fd:00 1446248                        /lib64/libc-2.12.so
3270575000-3270579000 r--p 00175000 fd:00 1446248                        /lib64/libc-2.12.so
3270579000-327057a000 rw-p 00179000 fd:00 1446248                        /lib64/libc-2.12.so
327057a000-327057f000 rw-p 00000000 00:00 0 
3270600000-3270602000 r-xp 00000000 fd:00 1446252                        /lib64/libdl-2.12.so
3270602000-3270802000 ---p 00002000 fd:00 1446252                        /lib64/libdl-2.12.so
3270802000-3270803000 r--p 00002000 fd:00 1446252                        /lib64/libdl-2.12.so
3270803000-3270804000 rw-p 00003000 fd:00 1446252                        /lib64/libdl-2.12.so
3270a00000-3270a17000 r-xp 00000000 fd:00 1446251                        /lib64/libpthread-2.12.so
3270a17000-3270c17000 ---p 00017000 fd:00 1446251                        /lib64/libpthread-2.12.so
3270c17000-3270c18000 r--p 00017000 fd:00 1446251                        /lib64/libpthread-2.12.so
3270c18000-3270c19000 rw-p 00018000 fd:00 1446251                        /lib64/libpthread-2.12.so
3270c19000-3270c1d000 rw-p 00000000 00:00 0 
3270e00000-3270e83000 r-xp 00000000 fd:00 1446249                        /lib64/libm-2.12.so
3270e83000-3271082000 ---p 00083000 fd:00 1446249                        /lib64/libm-2.12.so
3271082000-3271083000 r--p 00082000 fd:00 1446249                        /lib64/libm-2.12.so
3271083000-3271084000 rw-p 00083000 fd:00 1446249                        /lib64/libm-2.12.so
3271200000-3271215000 r-xp 00000000 fd:00 1446253                        /lib64/libz.so.1.2.3
3271215000-3271414000 ---p 00015000 fd:00 1446253                        /lib64/libz.so.1.2.3
3271414000-3271415000 rw-p 00014000 fd:00 1446253                        /lib64/libz.so.1.2.3
3271600000-3271607000 r-xp 00000000 fd:00 1446262                        /lib64/librt-2.12.so
3271607000-3271806000 ---p 00007000 fd:00 1446262                        /lib64/librt-2.12.so
3271806000-3271807000 r--p 00006000 fd:00 1446262                        /lib64/librt-2.12.so
3271807000-3271808000 rw-p 00007000 fd:00 1446262                        /lib64/librt-2.12.so
3272600000-3272602000 r-xp 00000000 fd:00 2531264                        /usr/lib64/libXau.so.6.0.0
3272602000-3272802000 ---p 00002000 fd:00 2531264                        /usr/lib64/libXau.so.6.0.0
3272802000-3272803000 rw-p 00002000 fd:00 2531264                        /usr/lib64/libXau.so.6.0.0
3272a00000-3272b39000 r-xp 00000000 fd:00 2531266                        /usr/lib64/libX11.so.6.3.0
3272b39000-3272d39000 ---p 00139000 fd:00 2531266                        /usr/lib64/libX11.so.6.3.0
3272d39000-3272d3f000 rw-p 00139000 fd:00 2531266                        /usr/lib64/libX11.so.6.3.0
3272e00000-3272e1b000 r-xp 00000000 fd:00 2531265                        /usr/lib64/libxcb.so.1.1.0
3272e1b000-327301a000 ---p 0001b000 fd:00 2531265                        /usr/lib64/libxcb.so.1.1.0
327301a000-327301b000 rw-p 0001a000 fd:00 2531265                        /usr/lib64/libxcb.so.1.1.0
3273600000-3273611000 r-xp 00000000 fd:00 2531267                        /usr/lib64/libXext.so.6.4.0
3273611000-3273811000 ---p 00011000 fd:00 2531267                        /usr/lib64/libXext.so.6.4.0
3273811000-3273812000 rw-p 00011000 fd:00 2531267                        /usr/lib64/libXext.so.6.4.0
3273e00000-3273e97000 r-xp 00000000 fd:00 2531274                        /usr/lib64/libfreetype.so.6.3.22
3273e97000-3274096000 ---p 00097000 fd:00 2531274                        /usr/lib64/libfreetype.so.6.3.22
3274096000-327409c000 rw-p 00096000 fd:00 2531274                        /usr/lib64/libfreetype.so.6.3.22
3274e00000-3274e09000 r-xp 00000000 fd:00 2531269                        /usr/lib64/libXrender.so.1.3.0
3274e09000-3275009000 ---p 00009000 fd:00 2531269                        /usr/lib64/libXrender.so.1.3.0
3275009000-327500a000 rw-p 00009000 fd:00 2531269                        /usr/lib64/libXrender.so.1.3.0
3275200000-327520f000 r-xp 00000000 fd:00 2531268                        /usr/lib64/libXi.so.6.1.0
327520f000-327540e000 ---p 0000f000 fd:00 2531268                        /usr/lib64/libXi.so.6.1.0
327540e000-327540f000 rw-p 0000e000 fd:00 2531268                        /usr/lib64/libXi.so.6.1.0
3276600000-3276616000 r-xp 00000000 fd:00 1446263                        /lib64/libgcc_s-4.4.4-20100726.so.1
3276616000-3276815000 ---p 00016000 fd:00 1446263                        /lib64/libgcc_s-4.4.4-20100726.so.1
3276815000-3276816000 rw-p 00015000 fd:00 1446263                        /lib64/libgcc_s-4.4.4-20100726.so.1
327ea00000-327ea05000 r-xp 00000000 fd:00 2531298                        /usr/lib64/libXtst.so.6.1.0
327ea05000-327ec05000 ---p 00005000 fd:00 2531298                        /usr/lib64/libXtst.so.6.1.0
327ec05000-327ec06000 rw-p 00005000 fd:00 2531298                        /usr/lib64/libXtst.so.6.1.0
3281400000-3281416000 r-xp 00000000 fd:00 1442092                        /lib64/libnsl-2.12.so
3281416000-3281615000 ---p 00016000 fd:00 1442092                        /lib64/libnsl-2.12.so
3281615000-3281616000 r--p 00015000 fd:00 1442092                        /lib64/libnsl-2.12.so
3281616000-3281617000 rw-p 00016000 fd:00 1442092                        /lib64/libnsl-2.12.so
3281617000-3281619000 rw-p 00000000 00:00 0 
7fcadc000000-7fcadc021000 rw-p 00000000 00:00 0 
7fcadc021000-7fcae0000000 ---p 00000000 00:00 0 
7fcae4000000-7fcae4021000 rw-p 00000000 00:00 0 
7fcae4021000-7fcae8000000 ---p 00000000 00:00 0 
7fcae8000000-7fcae8021000 rw-p 00000000 00:00 0 
7fcae8021000-7fcaec000000 ---p 00000000 00:00 0 
7fcaec000000-7fcaec27a000 rw-p 00000000 00:00 0 
7fcaec27a000-7fcaf0000000 ---p 00000000 00:00 0 
7fcaf0000000-7fcaf0301000 rw-p 00000000 00:00 0 
7fcaf0301000-7fcaf4000000 ---p 00000000 00:00 0 
7fcaf4000000-7fcaf4021000 rw-p 00000000 00:00 0 
7fcaf4021000-7fcaf8000000 ---p 00000000 00:00 0 
7fcafa16f000-7fcb00000000 r--p 00000000 fd:00 2491177                    /usr/lib/locale/locale-archive
7fcb00000000-7fcb00021000 rw-p 00000000 00:00 0 
7fcb00021000-7fcb04000000 ---p 00000000 00:00 0 
7fcb04000000-7fcb04021000 rw-p 00000000 00:00 0 
7fcb04021000-7fcb08000000 ---p 00000000 00:00 0 
7fcb08000000-7fcb08021000 rw-p 00000000 00:00 0 
7fcb08021000-7fcb0c000000 ---p 00000000 00:00 0 
7fcb0c000000-7fcb0c021000 rw-p 00000000 00:00 0 
7fcb0c021000-7fcb10000000 ---p 00000000 00:00 0 
7fcb10000000-7fcb10021000 rw-p 00000000 00:00 0 
7fcb10021000-7fcb14000000 ---p 00000000 00:00 0 
7fcb18000000-7fcb18021000 rw-p 00000000 00:00 0 
7fcb18021000-7fcb1c000000 ---p 00000000 00:00 0 
7fcb20000000-7fcb20021000 rw-p 00000000 00:00 0 
7fcb20021000-7fcb24000000 ---p 00000000 00:00 0 
7fcb24800000-7fcb25cc0000 rwxp 00000000 00:00 0 
7fcb25cc0000-7fcb2f000000 rwxp 00000000 00:00 0 
7fcb2f000000-7fcb316a0000 rwxp 00000000 00:00 0 
7fcb316a0000-7fcb55ab0000 rwxp 00000000 00:00 0 
7fcb55ab0000-7fcb56e00000 rwxp 00000000 00:00 0 
7fcb56e00000-7fcb69000000 rwxp 00000000 00:00 0 
7fcb69000000-7fcb69270000 rwxp 00000000 00:00 0 
7fcb69270000-7fcb6c000000 rwxp 00000000 00:00 0 
7fcb6c000000-7fcb6c1c6000 rw-p 00000000 00:00 0 
7fcb6c1c6000-7fcb70000000 ---p 00000000 00:00 0 
7fcb701ef000-7fcb701f3000 r--s 00000000 fd:00 3028706                    /var/cache/fontconfig/87f5e051180a7a75f16eb6fe7dbd3749-le64.cache-3
7fcb701f3000-7fcb701fc000 r--s 00000000 fd:00 3019427                    /var/cache/fontconfig/b79f3aaa7d385a141ab53ec885cc22a8-le64.cache-3
7fcb701fc000-7fcb701ff000 r--s 00000000 fd:00 3043402                    /var/cache/fontconfig/0b1bcc92b4d25cc154d77dafe3bceaa0-le64.cache-3
7fcb701ff000-7fcb70201000 r--s 00000000 fd:00 3043249                    /var/cache/fontconfig/2e1514a9fdd499050989183bb65136db-le64.cache-3
7fcb70201000-7fcb70204000 r--s 00000000 fd:00 3043248                    /var/cache/fontconfig/5c755b2f27115486aa6359c84dd3cbda-le64.cache-3
7fcb70204000-7fcb70205000 r--s 00000000 fd:00 3043409                    /var/cache/fontconfig/b966c23d19cce9e9a98d55765cf2a0c7-le64.cache-3
7fcb70205000-7fcb70207000 r--s 00000000 fd:00 3043250                    /var/cache/fontconfig/3f821257dd33660ba7bbb45c32deb84c-le64.cache-3
7fcb70207000-7fcb70209000 r--s 00000000 fd:00 3043415                    /var/cache/fontconfig/830f035fa84a65ce80e050178dbb630d-le64.cache-3
7fcb70209000-7fcb7020a000 r--s 00000000 fd:00 3043251                    /var/cache/fontconfig/81a173283b451552b599cfaafd6236bd-le64.cache-3
7fcb7020a000-7fcb7020b000 r--s 00000000 fd:00 3043412                    /var/cache/fontconfig/ac68f755438cc3dc5a526084839fc7ca-le64.cache-3
7fcb7020b000-7fcb7020c000 r--s 00000000 fd:00 3043358                    /var/cache/fontconfig/6cfc7d49b27ba7d3eb71ab86e04def2c-le64.cache-3
7fcb7020c000-7fcb7020d000 r--s 00000000 fd:00 3043417                    /var/cache/fontconfig/46d51d90fe9d963f6f4186edb936a931-le64.cache-3
7fcb7020d000-7fcb7020e000 r--s 00000000 fd:00 3043416                    /var/cache/fontconfig/b887eea8f1b96e1d899b44ed6681fc27-le64.cache-3
7fcb7020e000-7fcb7020f000 r--s 00000000 fd:00 3043414                    /var/cache/fontconfig/860639f272b8b4b3094f9e399e41bccd-le64.cache-3
7fcb7020f000-7fcb70210000 r--s 00000000 fd:00 3043413                    /var/cache/fontconfig/211368abcb0ff835c229ff05c9ec01dc-le64.cache-3
7fcb70210000-7fcb70211000 r--s 00000000 fd:00 3043418                    /var/cache/fontconfig/c46020d7221988a13df853d2b46304fc-le64.cache-3
7fcb70211000-7fcb70212000 r--s 00000000 fd:00 3043407                    /var/cache/fontconfig/df893b4576ad6107f9397134092c4059-le64.cache-3
7fcb70212000-7fcb70213000 r--s 00000000 fd:00 3043411                    /var/cache/fontconfig/900402270e15d763a6e008bb2d4c7686-le64.cache-3
7fcb70213000-7fcb70214000 r--s 00000000 fd:00 3043406                    /var/cache/fontconfig/47f48679023f44a4d1e44699a69464f6-le64.cache-3
7fcb70214000-7fcb70215000 r--s 00000000 fd:00 3043404                    /var/cache/fontconfig/2881ed3fd21ca306ddad6f9b0dd3189f-le64.cache-3
7fcb70215000-7fcb70216000 r--s 00000000 fd:00 3043400                    /var/cache/fontconfig/3c3fb04d32a5211b073874b125d29701-le64.cache-3
7fcb70216000-7fcb70217000 r--s 00000000 fd:00 3043405                    /var/cache/fontconfig/e61abf8156cc476151baa07d67337cae-le64.cache-3
7fcb70217000-7fcb7021b000 r--s 00000000 fd:00 3043410                    /var/cache/fontconfig/b67b32625a2bb51b023d3814a918f351-le64.cache-3
7fcb7021b000-7fcb7021c000 r--s 00000000 fd:00 3043408                    /var/cache/fontconfig/991510d2da7f7b2bf8468002aae90060-le64.cache-3
7fcb7021c000-7fcb7021e000 r--s 00000000 fd:00 3043252                    /var/cache/fontconfig/d3379abda271c4acd2ad0c01f565d0b0-le64.cache-3
7fcb7021e000-7fcb7021f000 r--s 00000000 fd:00 3043401                    /var/cache/fontconfig/b4d0b56f766d89640448751fcd18ec1e-le64.cache-3
7fcb7021f000-7fcb70229000 r--s 00000000 fd:00 3043403                    /var/cache/fontconfig/12b26b760a24f8b4feb03ad48a333a72-le64.cache-3
7fcb70229000-7fcb7023b000 r--s 00000000 fd:00 3032374                    /var/cache/fontconfig/74717c444f6fd72454fa9c9c0ee01ca7-le64.cache-3
7fcb7023b000-7fcb70242000 r--s 00000000 fd:00 3028709                    /var/cache/fontconfig/928306c3ad40271d946e41014a49fc28-le64.cache-3
7fcb70242000-7fcb70249000 r--s 00000000 fd:00 3028708                    /var/cache/fontconfig/fa1582dab13e7e8e44e5a9424d309f0e-le64.cache-3
7fcb70249000-7fcb7024e000 r--s 00000000 fd:00 3043420                    /var/cache/fontconfig/18db0204b1f108dd01663673626fcd3d-le64.cache-3
7fcb7024e000-7fcb7024f000 r--s 00000000 fd:00 3043399                    /var/cache/fontconfig/1248881498ac025e45c3042f6afe9284-le64.cache-3
7fcb7024f000-7fcb70250000 r--s 00000000 fd:00 3043365                    /var/cache/fontconfig/d04038e664b0033ae700a78c51f179d3-le64.cache-3
7fcb70250000-7fcb70253000 r--s 00000000 fd:00 3043364                    /var/cache/fontconfig/beeeeb3dfe132a8a0633a017c99ce0c0-le64.cache-3
7fcb70253000-7fcb7025b000 r-xp 00000000 fd:00 3033001                    /usr/lib/jvm/java-1.6.0-openjdk-1.6.0.0.x86_64/jre/lib/amd64/libnio.so
7fcb7025b000-7fcb7045a000 ---p 00008000 fd:00 3033001                    /usr/lib/jvm/java-1.6.0-openjdk-1.6.0.0.x86_64/jre/lib/amd64/libnio.so
7fcb7045a000-7fcb7045b000 rw-p 00007000 fd:00 3033001                    /usr/lib/jvm/java-1.6.0-openjdk-1.6.0.0.x86_64/jre/lib/amd64/libnio.so
7fcb7045b000-7fcb7046f000 r-xp 00000000 fd:00 3033000                    /usr/lib/jvm/java-1.6.0-openjdk-1.6.0.0.x86_64/jre/lib/amd64/libnet.so
7fcb7046f000-7fcb7066f000 ---p 00014000 fd:00 3033000                    /usr/lib/jvm/java-1.6.0-openjdk-1.6.0.0.x86_64/jre/lib/amd64/libnet.so
7fcb7066f000-7fcb70670000 rw-p 00014000 fd:00 3033000                    /usr/lib/jvm/java-1.6.0-openjdk-1.6.0.0.x86_64/jre/lib/amd64/libnet.so
7fcb70670000-7fcb70674000 r--s 00000000 fd:00 3028706                    /var/cache/fontconfig/87f5e051180a7a75f16eb6fe7dbd3749-le64.cache-3
7fcb70674000-7fcb7067d000 r--s 00000000 fd:00 3019427                    /var/cache/fontconfig/b79f3aaa7d385a141ab53ec885cc22a8-le64.cache-3
7fcb7067d000-7fcb70680000 r--s 00000000 fd:00 3043402                    /var/cache/fontconfig/0b1bcc92b4d25cc154d77dafe3bceaa0-le64.cache-3
7fcb70680000-7fcb70682000 r--s 00000000 fd:00 3043249                    /var/cache/fontconfig/2e1514a9fdd499050989183bb65136db-le64.cache-3
7fcb70682000-7fcb70685000 r--s 00000000 fd:00 3043248                    /var/cache/fontconfig/5c755b2f27115486aa6359c84dd3cbda-le64.cache-3
7fcb70685000-7fcb70686000 r--s 00000000 fd:00 3043409                    /var/cache/fontconfig/b966c23d19cce9e9a98d55765cf2a0c7-le64.cache-3
7fcb70686000-7fcb70688000 r--s 00000000 fd:00 3043250                    /var/cache/fontconfig/3f821257dd33660ba7bbb45c32deb84c-le64.cache-3
7fcb70688000-7fcb7068a000 r--s 00000000 fd:00 3043415                    /var/cache/fontconfig/830f035fa84a65ce80e050178dbb630d-le64.cache-3
7fcb7068a000-7fcb7068b000 r--s 00000000 fd:00 3043251                    /var/cache/fontconfig/81a173283b451552b599cfaafd6236bd-le64.cache-3
7fcb7068b000-7fcb7068c000 r--s 00000000 fd:00 3043412                    /var/cache/fontconfig/ac68f755438cc3dc5a526084839fc7ca-le64.cache-3
7fcb7068c000-7fcb7068d000 r--s 00000000 fd:00 3043358                    /var/cache/fontconfig/6cfc7d49b27ba7d3eb71ab86e04def2c-le64.cache-3
7fcb7068d000-7fcb7068e000 r--s 00000000 fd:00 3043417                    /var/cache/fontconfig/46d51d90fe9d963f6f4186edb936a931-le64.cache-3
7fcb7068e000-7fcb7068f000 r--s 00000000 fd:00 3043416                    /var/cache/fontconfig/b887eea8f1b96e1d899b44ed6681fc27-le64.cache-3
7fcb7068f000-7fcb70699000 r--s 00000000 fd:00 3043403                    /var/cache/fontconfig/12b26b760a24f8b4feb03ad48a333a72-le64.cache-3
7fcb70699000-7fcb706ab000 r--s 00000000 fd:00 3032374                    /var/cache/fontconfig/74717c444f6fd72454fa9c9c0ee01ca7-le64.cache-3
7fcb706ab000-7fcb706ae000 ---p 00000000 00:00 0 
7fcb706ae000-7fcb707ac000 rw-p 00000000 00:00 0 
7fcb707ac000-7fcb707f0000 r-xp 00000000 fd:00 3032982                    /usr/lib/jvm/java-1.6.0-openjdk-1.6.0.0.x86_64/jre/lib/amd64/libfontmanager.so
7fcb707f0000-7fcb709f0000 ---p 00044000 fd:00 3032982                    /usr/lib/jvm/java-1.6.0-openjdk-1.6.0.0.x86_64/jre/lib/amd64/libfontmanager.so
7fcb709f0000-7fcb709f3000 rw-p 00044000 fd:00 3032982                    /usr/lib/jvm/java-1.6.0-openjdk-1.6.0.0.x86_64/jre/lib/amd64/libfontmanager.so
7fcb709f3000-7fcb70a06000 rw-p 00000000 00:00 0 
7fcb70a06000-7fcb70a51000 r-xp 00000000 fd:00 3033017                    /usr/lib/jvm/java-1.6.0-openjdk-1.6.0.0.x86_64/jre/lib/amd64/xawt/libmawt.so
7fcb70a51000-7fcb70c50000 ---p 0004b000 fd:00 3033017                    /usr/lib/jvm/java-1.6.0-openjdk-1.6.0.0.x86_64/jre/lib/amd64/xawt/libmawt.so
7fcb70c50000-7fcb70c54000 rw-p 0004a000 fd:00 3033017                    /usr/lib/jvm/java-1.6.0-openjdk-1.6.0.0.x86_64/jre/lib/amd64/xawt/libmawt.so
7fcb70c54000-7fcb70c55000 rw-p 00000000 00:00 0 
7fcb70c55000-7fcb70cf7000 r-xp 00000000 fd:00 3032980                    /usr/lib/jvm/java-1.6.0-openjdk-1.6.0.0.x86_64/jre/lib/amd64/libawt.so
7fcb70cf7000-7fcb70ef7000 ---p 000a2000 fd:00 3032980                    /usr/lib/jvm/java-1.6.0-openjdk-1.6.0.0.x86_64/jre/lib/amd64/libawt.so
7fcb70ef7000-7fcb70f02000 rw-p 000a2000 fd:00 3032980                    /usr/lib/jvm/java-1.6.0-openjdk-1.6.0.0.x86_64/jre/lib/amd64/libawt.so
7fcb70f02000-7fcb70f27000 rw-p 00000000 00:00 0 
7fcb70f27000-7fcb70f2a000 r--s 0000f000 fd:00 3033035                    /usr/lib/jvm/java-1.6.0-openjdk-1.6.0.0.x86_64/jre/lib/ext/pulse-java.jar
7fcb70f2a000-7fcb70f33000 r--s 00065000 fd:00 3033032                    /usr/lib/jvm/java-1.6.0-openjdk-1.6.0.0.x86_64/jre/lib/ext/gnome-java-bridge.jar
7fcb70f33000-7fcb70f34000 ---p 00000000 00:00 0 
7fcb70f34000-7fcb71034000 rw-p 00000000 00:00 0 
7fcb71034000-7fcb71037000 ---p 00000000 00:00 0 
7fcb71037000-7fcb71135000 rw-p 00000000 00:00 0 
7fcb71135000-7fcb71138000 ---p 00000000 00:00 0 
7fcb71138000-7fcb71236000 rw-p 00000000 00:00 0 
7fcb71236000-7fcb71239000 ---p 00000000 00:00 0 
7fcb71239000-7fcb71337000 rw-p 00000000 00:00 0 
7fcb71337000-7fcb7133a000 ---p 00000000 00:00 0 
7fcb7133a000-7fcb71438000 rw-p 00000000 00:00 0 
7fcb71438000-7fcb7143b000 ---p 00000000 00:00 0 
7fcb7143b000-7fcb71539000 rw-p 00000000 00:00 0 
7fcb71539000-7fcb7153c000 ---p 00000000 00:00 0 
7fcb7153c000-7fcb7163a000 rw-p 00000000 00:00 0 
7fcb7163a000-7fcb7163b000 ---p 00000000 00:00 0 
7fcb7163b000-7fcb71813000 rw-p 00000000 00:00 0 
7fcb71813000-7fcb719a9000 r--s 03906000 fd:00 3033077                    /usr/lib/jvm/java-1.6.0-openjdk-1.6.0.0.x86_64/jre/lib/rt.jar
7fcb719a9000-7fcb719aa000 ---p 00000000 00:00 0 
7fcb719aa000-7fcb71aaa000 rw-p 00000000 00:00 0 
7fcb71aaa000-7fcb71aab000 ---p 00000000 00:00 0 
7fcb71aab000-7fcb71bab000 rw-p 00000000 00:00 0 
7fcb71bab000-7fcb71bac000 ---p 00000000 00:00 0 
7fcb71bac000-7fcb71cac000 rw-p 00000000 00:00 0 
7fcb71cac000-7fcb71cad000 ---p 00000000 00:00 0 
7fcb71cad000-7fcb71dad000 rw-p 00000000 00:00 0 
7fcb71dad000-7fcb71db8000 rwxp 00000000 00:00 0 
7fcb71db8000-7fcb71e01000 rwxp 00000000 00:00 0 
7fcb71e01000-7fcb71e15000 rwxp 00000000 00:00 0 
7fcb71e15000-7fcb71f37000 rwxp 00000000 00:00 0 
7fcb71f37000-7fcb71f42000 rwxp 00000000 00:00 0 
7fcb71f42000-7fcb71f8b000 rwxp 00000000 00:00 0 
7fcb71f8b000-7fcb71f9f000 rwxp 00000000 00:00 0 
7fcb71f9f000-7fcb720c0000 rwxp 00000000 00:00 0 
7fcb720c0000-7fcb720ca000 rwxp 00000000 00:00 0 
7fcb720ca000-7fcb7215b000 rwxp 00000000 00:00 0 
7fcb7215b000-7fcb72166000 rwxp 00000000 00:00 0 
7fcb72166000-7fcb7221c000 rwxp 00000000 00:00 0 
7fcb7221c000-7fcb72223000 r-xp 00000000 fd:00 3033009                    /usr/lib/jvm/java-1.6.0-openjdk-1.6.0.0.x86_64/jre/lib/amd64/libzip.so
7fcb72223000-7fcb72422000 ---p 00007000 fd:00 3033009                    /usr/lib/jvm/java-1.6.0-openjdk-1.6.0.0.x86_64/jre/lib/amd64/libzip.so
7fcb72422000-7fcb72423000 rw-p 00006000 fd:00 3033009                    /usr/lib/jvm/java-1.6.0-openjdk-1.6.0.0.x86_64/jre/lib/amd64/libzip.so
7fcb72423000-7fcb7242d000 r-xp 00000000 fd:00 1441826                    /lib64/libnss_nis-2.12.so
7fcb7242d000-7fcb7262c000 ---p 0000a000 fd:00 1441826                    /lib64/libnss_nis-2.12.so
7fcb7262c000-7fcb7262d000 r--p 00009000 fd:00 1441826                    /lib64/libnss_nis-2.12.so
7fcb7262d000-7fcb7262e000 rw-p 0000a000 fd:00 1441826                    /lib64/libnss_nis-2.12.so
7fcb7262e000-7fcb7263a000 r-xp 00000000 fd:00 1441822                    /lib64/libnss_files-2.12.so
7fcb7263a000-7fcb72839000 ---p 0000c000 fd:00 1441822                    /lib64/libnss_files-2.12.so
7fcb72839000-7fcb7283a000 r--p 0000b000 fd:00 1441822                    /lib64/libnss_files-2.12.so
7fcb7283a000-7fcb7283b000 rw-p 0000c000 fd:00 1441822                    /lib64/libnss_files-2.12.so
7fcb7283b000-7fcb7283c000 r--s 00000000 fd:00 3043414                    /var/cache/fontconfig/860639f272b8b4b3094f9e399e41bccd-le64.cache-3
7fcb7283c000-7fcb7283d000 r--s 00000000 fd:00 3043413                    /var/cache/fontconfig/211368abcb0ff835c229ff05c9ec01dc-le64.cache-3
7fcb7283d000-7fcb7283e000 r--s 00000000 fd:00 3043418                    /var/cache/fontconfig/c46020d7221988a13df853d2b46304fc-le64.cache-3
7fcb7283e000-7fcb7283f000 r--s 00000000 fd:00 3043407                    /var/cache/fontconfig/df893b4576ad6107f9397134092c4059-le64.cache-3
7fcb7283f000-7fcb72840000 r--s 00000000 fd:00 3043411                    /var/cache/fontconfig/900402270e15d763a6e008bb2d4c7686-le64.cache-3
7fcb72840000-7fcb72841000 r--s 00000000 fd:00 3043406                    /var/cache/fontconfig/47f48679023f44a4d1e44699a69464f6-le64.cache-3
7fcb72841000-7fcb72842000 r--s 00000000 fd:00 3043404                    /var/cache/fontconfig/2881ed3fd21ca306ddad6f9b0dd3189f-le64.cache-3
7fcb72842000-7fcb72843000 r--s 00000000 fd:00 3043400                    /var/cache/fontconfig/3c3fb04d32a5211b073874b125d29701-le64.cache-3
7fcb72843000-7fcb72844000 r--s 00000000 fd:00 3043405                    /var/cache/fontconfig/e61abf8156cc476151baa07d67337cae-le64.cache-3
7fcb72844000-7fcb7286c000 rw-p 00000000 00:00 0 
7fcb7286c000-7fcb72874000 r-xp 00000000 fd:00 3033011                    /usr/lib/jvm/java-1.6.0-openjdk-1.6.0.0.x86_64/jre/lib/amd64/native_threads/libhpi.so
7fcb72874000-7fcb72a73000 ---p 00008000 fd:00 3033011                    /usr/lib/jvm/java-1.6.0-openjdk-1.6.0.0.x86_64/jre/lib/amd64/native_threads/libhpi.so
7fcb72a73000-7fcb72a74000 rw-p 00007000 fd:00 3033011                    /usr/lib/jvm/java-1.6.0-openjdk-1.6.0.0.x86_64/jre/lib/amd64/native_threads/libhpi.so
7fcb72a74000-7fcb72a75000 rw-p 00000000 00:00 0 
7fcb72a75000-7fcb72aa0000 r-xp 00000000 fd:00 3032989                    /usr/lib/jvm/java-1.6.0-openjdk-1.6.0.0.x86_64/jre/lib/amd64/libjava.so
7fcb72aa0000-7fcb72ca0000 ---p 0002b000 fd:00 3032989                    /usr/lib/jvm/java-1.6.0-openjdk-1.6.0.0.x86_64/jre/lib/amd64/libjava.so
7fcb72ca0000-7fcb72ca4000 rw-p 0002b000 fd:00 3032989                    /usr/lib/jvm/java-1.6.0-openjdk-1.6.0.0.x86_64/jre/lib/amd64/libjava.so
7fcb72ca4000-7fcb72cb2000 r-xp 00000000 fd:00 3033008                    /usr/lib/jvm/java-1.6.0-openjdk-1.6.0.0.x86_64/jre/lib/amd64/libverify.so
7fcb72cb2000-7fcb72eb1000 ---p 0000e000 fd:00 3033008                    /usr/lib/jvm/java-1.6.0-openjdk-1.6.0.0.x86_64/jre/lib/amd64/libverify.so
7fcb72eb1000-7fcb72eb3000 rw-p 0000d000 fd:00 3033008                    /usr/lib/jvm/java-1.6.0-openjdk-1.6.0.0.x86_64/jre/lib/amd64/libverify.so
7fcb72eb3000-7fcb72eb6000 ---p 00000000 00:00 0 
7fcb72eb6000-7fcb72fb4000 rw-p 00000000 00:00 0 
7fcb72fb4000-7fcb73760000 r-xp 00000000 fd:00 3033015                    /usr/lib/jvm/java-1.6.0-openjdk-1.6.0.0.x86_64/jre/lib/amd64/server/libjvm.so
7fcb73760000-7fcb73960000 ---p 007ac000 fd:00 3033015                    /usr/lib/jvm/java-1.6.0-openjdk-1.6.0.0.x86_64/jre/lib/amd64/server/libjvm.so
7fcb73960000-7fcb739ee000 rw-p 007ac000 fd:00 3033015                    /usr/lib/jvm/java-1.6.0-openjdk-1.6.0.0.x86_64/jre/lib/amd64/server/libjvm.so
7fcb739ee000-7fcb73a2f000 rw-p 00000000 00:00 0 
7fcb73a2f000-7fcb73a33000 r--s 00000000 fd:00 3043410                    /var/cache/fontconfig/b67b32625a2bb51b023d3814a918f351-le64.cache-3
7fcb73a33000-7fcb73a34000 r--s 00000000 fd:00 3043408                    /var/cache/fontconfig/991510d2da7f7b2bf8468002aae90060-le64.cache-3
7fcb73a34000-7fcb73a36000 r--s 00000000 fd:00 3043252                    /var/cache/fontconfig/d3379abda271c4acd2ad0c01f565d0b0-le64.cache-3
7fcb73a36000-7fcb73a37000 r--s 00000000 fd:00 3043401                    /var/cache/fontconfig/b4d0b56f766d89640448751fcd18ec1e-le64.cache-3
7fcb73a37000-7fcb73a3e000 r--s 00000000 fd:00 3028709                    /var/cache/fontconfig/928306c3ad40271d946e41014a49fc28-le64.cache-3
7fcb73a3e000-7fcb73a45000 r--s 00000000 fd:00 3028708                    /var/cache/fontconfig/fa1582dab13e7e8e44e5a9424d309f0e-le64.cache-3
7fcb73a45000-7fcb73a4a000 r--s 00000000 fd:00 3043420                    /var/cache/fontconfig/18db0204b1f108dd01663673626fcd3d-le64.cache-3
7fcb73a4a000-7fcb73a4b000 r--s 00000000 fd:00 3043399                    /var/cache/fontconfig/1248881498ac025e45c3042f6afe9284-le64.cache-3
7fcb73a4b000-7fcb73a4c000 r--s 00000000 fd:00 3043365                    /var/cache/fontconfig/d04038e664b0033ae700a78c51f179d3-le64.cache-3
7fcb73a4c000-7fcb73a4f000 r--s 00000000 fd:00 3043364                    /var/cache/fontconfig/beeeeb3dfe132a8a0633a017c99ce0c0-le64.cache-3
7fcb73a4f000-7fcb73a56000 r--s 000fe000 fd:00 3033075                    /usr/lib/jvm/java-1.6.0-openjdk-1.6.0.0.x86_64/jre/lib/resources.jar
7fcb73a56000-7fcb73a5e000 rw-s 00000000 fd:00 2228763                    /tmp/hsperfdata_BG20/4401
7fcb73a5e000-7fcb73a5f000 rw-p 00000000 00:00 0 
7fcb73a5f000-7fcb73a60000 r--p 00000000 00:00 0 
7fcb73a60000-7fcb73a61000 rw-p 00000000 00:00 0 
7fffa2206000-7fffa221b000 rw-p 00000000 00:00 0                          [stack]
7fffa22be000-7fffa22bf000 r-xp 00000000 00:00 0                          [vdso]
ffffffffff600000-ffffffffff601000 r-xp 00000000 00:00 0                  [vsyscall]

VM Arguments:
java_command: aboutus
Launcher Type: SUN_STANDARD

Environment Variables:
JAVA_HOME=/var/jdk
CLASSPATH=:/projects/postgresql-8.2dev-503.jdbc3.jar:/projects/mysql-connector-java-5.1.6.jar:/exports/BG20/tomcat/lib/servlet-api.jar:/exports/BG20/tomcat/lib/postgresql-8.2dev-503.jdbc3.jar:/exports/BG20/tomcat/lib/mysql-connector-java-5.1.6.jar:/exports/BG20:/projects/postgresql-8.2dev-503.jdbc3.jar:/projects/mysql-connector-java-5.1.6.jar:/exports/BG20/tomcat/lib/servlet-api.jar:/exports/BG20/tomcat/lib/postgresql-8.2dev-503.jdbc3.jar:/exports/BG20/tomcat/lib/mysql-connector-java-5.1.6.jar:/exports/BG20
PATH=/usr/lib64/qt-3.3/bin:/usr/kerberos/sbin:/usr/kerberos/bin:/usr/local/bin:/usr/bin:/bin:/usr/local/sbin:/usr/sbin:/sbin:/var/jdk/bin:/exports/BG20/bin:/var/jdk/bin:/exports/BG20/bin
USERNAME=BG20
LD_LIBRARY_PATH=/usr/lib/jvm/java-1.6.0-openjdk-1.6.0.0.x86_64/jre/lib/amd64/server:/usr/lib/jvm/java-1.6.0-openjdk-1.6.0.0.x86_64/jre/lib/amd64:/usr/lib/jvm/java-1.6.0-openjdk-1.6.0.0.x86_64/jre/../lib/amd64
SHELL=/bin/bash
DISPLAY=:0.0

Signal Handlers:
SIGSEGV: [libjvm.so+0x64f8e0], sa_mask[0]=0x7ffbfeff, sa_flags=0x10000004
SIGBUS: [libjvm.so+0x64f8e0], sa_mask[0]=0x7ffbfeff, sa_flags=0x10000004
SIGFPE: [libjvm.so+0x531ca0], sa_mask[0]=0x7ffbfeff, sa_flags=0x10000004
SIGPIPE: [libjvm.so+0x531ca0], sa_mask[0]=0x7ffbfeff, sa_flags=0x10000004
SIGXFSZ: [libjvm.so+0x531ca0], sa_mask[0]=0x7ffbfeff, sa_flags=0x10000004
SIGILL: [libjvm.so+0x531ca0], sa_mask[0]=0x7ffbfeff, sa_flags=0x10000004
SIGUSR1: SIG_DFL, sa_mask[0]=0x00000000, sa_flags=0x00000000
SIGUSR2: [libjvm.so+0x531450], sa_mask[0]=0x00000000, sa_flags=0x10000004
SIGHUP: [libjvm.so+0x533880], sa_mask[0]=0x7ffbfeff, sa_flags=0x10000004
SIGINT: [libjvm.so+0x533880], sa_mask[0]=0x7ffbfeff, sa_flags=0x10000004
SIGTERM: [libjvm.so+0x533880], sa_mask[0]=0x7ffbfeff, sa_flags=0x10000004
SIGQUIT: [libjvm.so+0x533880], sa_mask[0]=0x7ffbfeff, sa_flags=0x10000004


---------------  S Y S T E M  ---------------

OS:Red Hat Enterprise Linux Server release 6.0 (Santiago)

uname:Linux 2.6.32-71.el6.x86_64 #1 SMP Wed Sep 1 01:33:01 EDT 2010 x86_64
libc:glibc 2.12 NPTL 2.12 
rlimit: STACK 10240k, CORE 0k, NPROC 1024, NOFILE 1024, AS infinity
load average:0.00 0.00 0.00

CPU:total 4 (8 cores per cpu, 2 threads per core) family 6 model 60 stepping 3, cmov, cx8, fxsr, mmx, sse, sse2, sse3, ssse3, sse4.1, sse4.2, ht

Memory: 4k page, physical 3792956k(2994736k free), swap 6029304k(6029304k free)

vm_info: OpenJDK 64-Bit Server VM (14.0-b16) for linux-amd64 JRE (1.6.0_17-b17), built on Jul 29 2010 16:58:21 by "mockbuild" with gcc 4.4.4 20100726 (Red Hat 4.4.4-13)

time: Wed Jan 10 17:21:53 2018
elapsed time: 0 seconds

