#
# A fatal error has been detected by the Java Runtime Environment:
#
#  SIGSEGV (0xb) at pc=0x000000326fa14d70, pid=6754, tid=140003636074256
#
# JRE version: 6.0_17-b17
# Java VM: OpenJDK 64-Bit Server VM (14.0-b16 mixed mode linux-amd64 )
# Derivative: IcedTea6 1.7.4
# Distribution: Custom build (Thu Jul 29 16:49:18 EDT 2010)
# Problematic frame:
# C  [ld-linux-x86-64.so.2+0x14d70]
#
# If you would like to submit a bug report, please include
# instructions how to reproduce the bug and visit:
#   http://icedtea.classpath.org/bugzilla
# The crash happened outside the Java Virtual Machine in native code.
# See problematic frame for where to report the bug.
#

---------------  T H R E A D  ---------------

Current thread (0x00007f551c008000):  JavaThread "main" [_thread_in_native, id=6755, stack(0x00007f5522eed000,0x00007f5522fee000)]

siginfo:si_signo=SIGSEGV: si_errno=0, si_code=128 (), si_addr=0x0000000000000000

Registers:
RAX=0x0000000000000001, RBX=0x00007f551c0b3d80, RCX=0x000000007fdafbbf, RDX=0x00000000bfebfbff
RSP=0x00007f5522feafd8, RBP=0x00007f5522feb120, RSI=0x0000000000000000, RDI=0x0000000000000058
R8 =0x0000000000000000, R9 =0x0000000000000000, R10=0x00007f5522feaf50, R11=0x00007f551c0b3d80
R12=0x00007f5522feb148, R13=0x00007f551c134d60, R14=0x0000000000000000, R15=0x0000000000000000
RIP=0x000000326fa14d70, EFL=0x0000000000010202, CSGSFS=0x0000000000000033, ERR=0x0000000000000000
  TRAPNO=0x000000000000000d

Top of Stack: (sp=0x00007f5522feafd8)
0x00007f5522feafd8:   000000326fa0aaea 0000000000000000
0x00007f5522feafe8:   0000000000000000 00007f5500000005
0x00007f5522feaff8:   0000000000000000 0000000000000001
0x00007f5522feb008:   00007f551c134d60 0000000000000000
0x00007f5522feb018:   00007f5500000000 0000000000000000
0x00007f5522feb028:   0000000000000058 0000000000000004
0x00007f5522feb038:   00007f551c1350b8 0000000000000013
0x00007f5522feb048:   00007f5520800660 00007f550000000a
0x00007f5522feb058:   000000011c008448 00007f551c008000
0x00007f5522feb068:   00007f55207f3db9 0000000000000000
0x00007f5522feb078:   00007f551c008448 00007f5522feb0f0
0x00007f5522feb088:   00007f552350175f 00007f551c008000
0x00007f5522feb098:   00007f5400000000 00007f5522feb2b8
0x00007f5522feb0a8:   00007f5522feb270 00007f551c005ea0
0x00007f5522feb0b8:   00000003d4940b18 0000000000000000
0x00007f5522feb0c8:   00007f551c007770 00007f5520a50548
0x00007f5522feb0d8:   00007f551c0b3d80 00007f551c008000
0x00007f5522feb0e8:   00000000ffffffff 00007f5522feb150
0x00007f5522feb0f8:   0000000000000005 00000000002468e0
0x00007f5522feb108:   0000000000000000 00007f5522feb270
0x00007f5522feb118:   00007f551c008000 00007f55207f2000
0x00007f5522feb128:   000000326fa0dee0 00007f5500000005
0x00007f5522feb138:   0000000000000000 00007f551c1b6800
0x00007f5522feb148:   00007f55207f2b48 00007f551c008000
0x00007f5522feb158:   00007f551c1b6800 00007f5522feb1f0
0x00007f5522feb168:   00007f551c0081b8 000000000000001c
0x00007f5522feb178:   000000326fa147b5 0000000000000000
0x00007f5522feb188:   6f6e6f4d20736e61 00007f5523a31430
0x00007f5522feb198:   00007f5505cc0a9c 00007f551c1b6800
0x00007f5522feb1a8:   657571696c624f20 0000000000000025
0x00007f5522feb1b8:   00007f551c134d60 0000000000000043
0x00007f5522feb1c8:   00007f55208006cb 00007f54d4ec4078 

Instructions: (pc=0x000000326fa14d70)
0x000000326fa14d60:   10 75 02 f7 d8 89 05 0d b2 20 00 83 f8 00 78 51
0x000000326fa14d70:   64 c5 fd 7f 04 25 80 00 00 00 64 c5 fd 7f 0c 25 

Stack: [0x00007f5522eed000,0x00007f5522fee000],  sp=0x00007f5522feafd8,  free space=1015k
Native frames: (J=compiled Java code, j=interpreted, Vv=VM code, C=native code)
C  [ld-linux-x86-64.so.2+0x14d70]

Java frames: (J=compiled Java code, j=interpreted, Vv=VM code)
j  sun.font.NativeFont.fontExists([B)Z+0
j  sun.font.NativeFont.fontExists(Ljava/lang/String;)Z+19
j  sun.awt.X11GraphicsEnvironment.getX11FontName(Ljava/lang/String;)Ljava/lang/String;+10
j  sun.awt.X11GraphicsEnvironment.getFileNameFromPlatformName(Ljava/lang/String;)Ljava/lang/String;+321
j  sun.java2d.SunGraphicsEnvironment.initCompositeFonts(Lsun/awt/FontConfiguration;Ljava/util/concurrent/ConcurrentHashMap;)V+32
j  sun.java2d.SunGraphicsEnvironment.access$600(Lsun/java2d/SunGraphicsEnvironment;Lsun/awt/FontConfiguration;Ljava/util/concurrent/ConcurrentHashMap;)V+3
j  sun.java2d.SunGraphicsEnvironment$2.run()Ljava/lang/Object;+769
v  ~StubRoutines::call_stub
j  java.security.AccessController.doPrivileged(Ljava/security/PrivilegedAction;)Ljava/lang/Object;+0
j  sun.java2d.SunGraphicsEnvironment.<init>()V+44
j  sun.awt.X11GraphicsEnvironment.<init>()V+1
v  ~StubRoutines::call_stub
j  sun.reflect.NativeConstructorAccessorImpl.newInstance0(Ljava/lang/reflect/Constructor;[Ljava/lang/Object;)Ljava/lang/Object;+0
j  sun.reflect.NativeConstructorAccessorImpl.newInstance([Ljava/lang/Object;)Ljava/lang/Object;+72
j  sun.reflect.DelegatingConstructorAccessorImpl.newInstance([Ljava/lang/Object;)Ljava/lang/Object;+5
j  java.lang.reflect.Constructor.newInstance([Ljava/lang/Object;)Ljava/lang/Object;+92
j  java.lang.Class.newInstance0()Ljava/lang/Object;+118
j  java.lang.Class.newInstance()Ljava/lang/Object;+15
j  java.awt.GraphicsEnvironment.getLocalGraphicsEnvironment()Ljava/awt/GraphicsEnvironment;+27
j  java.awt.Window.init(Ljava/awt/GraphicsConfiguration;)V+48
j  java.awt.Window.<init>()V+87
j  java.awt.Frame.<init>(Ljava/lang/String;)V+1
j  javax.swing.JFrame.<init>(Ljava/lang/String;)V+2
j  main.<init>(Ljava/lang/String;)V+2
j  main.main([Ljava/lang/String;)V+6
v  ~StubRoutines::call_stub

---------------  P R O C E S S  ---------------

Java Threads: ( => current thread )
  0x00007f551c13f000 JavaThread "Java2D Disposer" daemon [_thread_blocked, id=6768, stack(0x00007f55206f1000,0x00007f55207f2000)]
  0x00007f551c09e800 JavaThread "Low Memory Detector" daemon [_thread_blocked, id=6766, stack(0x00007f552106e000,0x00007f552116f000)]
  0x00007f551c09b800 JavaThread "CompilerThread1" daemon [_thread_in_native, id=6765, stack(0x00007f552116f000,0x00007f5521270000)]
  0x00007f551c099800 JavaThread "CompilerThread0" daemon [_thread_in_native, id=6764, stack(0x00007f5521270000,0x00007f5521371000)]
  0x00007f551c097800 JavaThread "Signal Dispatcher" daemon [_thread_blocked, id=6763, stack(0x00007f5521371000,0x00007f5521472000)]
  0x00007f551c076800 JavaThread "Finalizer" daemon [_thread_blocked, id=6762, stack(0x00007f5521472000,0x00007f5521573000)]
  0x00007f551c074800 JavaThread "Reference Handler" daemon [_thread_blocked, id=6761, stack(0x00007f5521573000,0x00007f5521674000)]
=>0x00007f551c008000 JavaThread "main" [_thread_in_native, id=6755, stack(0x00007f5522eed000,0x00007f5522fee000)]

Other Threads:
  0x00007f551c06f800 VMThread [stack: 0x00007f5521674000,0x00007f5521775000] [id=6760]
  0x00007f551c0a1000 WatcherThread [stack: 0x00007f5520f6d000,0x00007f552106e000] [id=6767]

VM state:not at safepoint (normal execution)

VM Mutex/Monitor currently owned by a thread: None

Heap
 PSYoungGen      total 17344K, used 2412K [0x00007f5505ab0000, 0x00007f5506e00000, 0x00007f5519000000)
  eden space 14912K, 16% used [0x00007f5505ab0000,0x00007f5505d0b248,0x00007f5506940000)
  from space 2432K, 0% used [0x00007f5506ba0000,0x00007f5506ba0000,0x00007f5506e00000)
  to   space 2432K, 0% used [0x00007f5506940000,0x00007f5506940000,0x00007f5506ba0000)
 PSOldGen        total 39552K, used 0K [0x00007f54df000000, 0x00007f54e16a0000, 0x00007f5505ab0000)
  object space 39552K, 0% used [0x00007f54df000000,0x00007f54df000000,0x00007f54e16a0000)
 PSPermGen       total 21248K, used 6935K [0x00007f54d4800000, 0x00007f54d5cc0000, 0x00007f54df000000)
  object space 21248K, 32% used [0x00007f54d4800000,0x00007f54d4ec5ca8,0x00007f54d5cc0000)

Dynamic libraries:
00400000-00408000 r-xp 00000000 fd:00 3016223                            /usr/lib/jvm/java-1.6.0-openjdk-1.6.0.0.x86_64/jre/bin/java
00608000-00609000 rw-p 00008000 fd:00 3016223                            /usr/lib/jvm/java-1.6.0-openjdk-1.6.0.0.x86_64/jre/bin/java
02210000-02231000 rw-p 00000000 00:00 0                                  [heap]
326fa00000-326fa1e000 r-xp 00000000 fd:00 1446247                        /lib64/ld-2.12.so
326fc1e000-326fc1f000 r--p 0001e000 fd:00 1446247                        /lib64/ld-2.12.so
326fc1f000-326fc20000 rw-p 0001f000 fd:00 1446247                        /lib64/ld-2.12.so
326fc20000-326fc21000 rw-p 00000000 00:00 0 
326fe00000-326fe04000 r-xp 00000000 fd:00 3016202                        /usr/lib/jvm/java-1.6.0-openjdk-1.6.0.0.x86_64/jre/lib/amd64/jli/libjli.so
326fe04000-3270003000 ---p 00004000 fd:00 3016202                        /usr/lib/jvm/java-1.6.0-openjdk-1.6.0.0.x86_64/jre/lib/amd64/jli/libjli.so
3270003000-3270004000 rw-p 00003000 fd:00 3016202                        /usr/lib/jvm/java-1.6.0-openjdk-1.6.0.0.x86_64/jre/lib/amd64/jli/libjli.so
3270200000-3270375000 r-xp 00000000 fd:00 1446248                        /lib64/libc-2.12.so
3270375000-3270575000 ---p 00175000 fd:00 1446248                        /lib64/libc-2.12.so
3270575000-3270579000 r--p 00175000 fd:00 1446248                        /lib64/libc-2.12.so
3270579000-327057a000 rw-p 00179000 fd:00 1446248                        /lib64/libc-2.12.so
327057a000-327057f000 rw-p 00000000 00:00 0 
3270600000-3270602000 r-xp 00000000 fd:00 1446252                        /lib64/libdl-2.12.so
3270602000-3270802000 ---p 00002000 fd:00 1446252                        /lib64/libdl-2.12.so
3270802000-3270803000 r--p 00002000 fd:00 1446252                        /lib64/libdl-2.12.so
3270803000-3270804000 rw-p 00003000 fd:00 1446252                        /lib64/libdl-2.12.so
3270a00000-3270a17000 r-xp 00000000 fd:00 1446251                        /lib64/libpthread-2.12.so
3270a17000-3270c17000 ---p 00017000 fd:00 1446251                        /lib64/libpthread-2.12.so
3270c17000-3270c18000 r--p 00017000 fd:00 1446251                        /lib64/libpthread-2.12.so
3270c18000-3270c19000 rw-p 00018000 fd:00 1446251                        /lib64/libpthread-2.12.so
3270c19000-3270c1d000 rw-p 00000000 00:00 0 
3270e00000-3270e83000 r-xp 00000000 fd:00 1446249                        /lib64/libm-2.12.so
3270e83000-3271082000 ---p 00083000 fd:00 1446249                        /lib64/libm-2.12.so
3271082000-3271083000 r--p 00082000 fd:00 1446249                        /lib64/libm-2.12.so
3271083000-3271084000 rw-p 00083000 fd:00 1446249                        /lib64/libm-2.12.so
3271200000-3271215000 r-xp 00000000 fd:00 1446253                        /lib64/libz.so.1.2.3
3271215000-3271414000 ---p 00015000 fd:00 1446253                        /lib64/libz.so.1.2.3
3271414000-3271415000 rw-p 00014000 fd:00 1446253                        /lib64/libz.so.1.2.3
3271600000-3271607000 r-xp 00000000 fd:00 1446262                        /lib64/librt-2.12.so
3271607000-3271806000 ---p 00007000 fd:00 1446262                        /lib64/librt-2.12.so
3271806000-3271807000 r--p 00006000 fd:00 1446262                        /lib64/librt-2.12.so
3271807000-3271808000 rw-p 00007000 fd:00 1446262                        /lib64/librt-2.12.so
3272600000-3272602000 r-xp 00000000 fd:00 2531264                        /usr/lib64/libXau.so.6.0.0
3272602000-3272802000 ---p 00002000 fd:00 2531264                        /usr/lib64/libXau.so.6.0.0
3272802000-3272803000 rw-p 00002000 fd:00 2531264                        /usr/lib64/libXau.so.6.0.0
3272a00000-3272b39000 r-xp 00000000 fd:00 2531266                        /usr/lib64/libX11.so.6.3.0
3272b39000-3272d39000 ---p 00139000 fd:00 2531266                        /usr/lib64/libX11.so.6.3.0
3272d39000-3272d3f000 rw-p 00139000 fd:00 2531266                        /usr/lib64/libX11.so.6.3.0
3272e00000-3272e1b000 r-xp 00000000 fd:00 2531265                        /usr/lib64/libxcb.so.1.1.0
3272e1b000-327301a000 ---p 0001b000 fd:00 2531265                        /usr/lib64/libxcb.so.1.1.0
327301a000-327301b000 rw-p 0001a000 fd:00 2531265                        /usr/lib64/libxcb.so.1.1.0
3273600000-3273611000 r-xp 00000000 fd:00 2531267                        /usr/lib64/libXext.so.6.4.0
3273611000-3273811000 ---p 00011000 fd:00 2531267                        /usr/lib64/libXext.so.6.4.0
3273811000-3273812000 rw-p 00011000 fd:00 2531267                        /usr/lib64/libXext.so.6.4.0
3273e00000-3273e97000 r-xp 00000000 fd:00 2531274                        /usr/lib64/libfreetype.so.6.3.22
3273e97000-3274096000 ---p 00097000 fd:00 2531274                        /usr/lib64/libfreetype.so.6.3.22
3274096000-327409c000 rw-p 00096000 fd:00 2531274                        /usr/lib64/libfreetype.so.6.3.22
3274e00000-3274e09000 r-xp 00000000 fd:00 2531269                        /usr/lib64/libXrender.so.1.3.0
3274e09000-3275009000 ---p 00009000 fd:00 2531269                        /usr/lib64/libXrender.so.1.3.0
3275009000-327500a000 rw-p 00009000 fd:00 2531269                        /usr/lib64/libXrender.so.1.3.0
3275200000-327520f000 r-xp 00000000 fd:00 2531268                        /usr/lib64/libXi.so.6.1.0
327520f000-327540e000 ---p 0000f000 fd:00 2531268                        /usr/lib64/libXi.so.6.1.0
327540e000-327540f000 rw-p 0000e000 fd:00 2531268                        /usr/lib64/libXi.so.6.1.0
3276600000-3276616000 r-xp 00000000 fd:00 1446263                        /lib64/libgcc_s-4.4.4-20100726.so.1
3276616000-3276815000 ---p 00016000 fd:00 1446263                        /lib64/libgcc_s-4.4.4-20100726.so.1
3276815000-3276816000 rw-p 00015000 fd:00 1446263                        /lib64/libgcc_s-4.4.4-20100726.so.1
327ea00000-327ea05000 r-xp 00000000 fd:00 2531298                        /usr/lib64/libXtst.so.6.1.0
327ea05000-327ec05000 ---p 00005000 fd:00 2531298                        /usr/lib64/libXtst.so.6.1.0
327ec05000-327ec06000 rw-p 00005000 fd:00 2531298                        /usr/lib64/libXtst.so.6.1.0
3281400000-3281416000 r-xp 00000000 fd:00 1442092                        /lib64/libnsl-2.12.so
3281416000-3281615000 ---p 00016000 fd:00 1442092                        /lib64/libnsl-2.12.so
3281615000-3281616000 r--p 00015000 fd:00 1442092                        /lib64/libnsl-2.12.so
3281616000-3281617000 rw-p 00016000 fd:00 1442092                        /lib64/libnsl-2.12.so
3281617000-3281619000 rw-p 00000000 00:00 0 
7f5494000000-7f5494021000 rw-p 00000000 00:00 0 
7f5494021000-7f5498000000 ---p 00000000 00:00 0 
7f5498000000-7f5498021000 rw-p 00000000 00:00 0 
7f5498021000-7f549c000000 ---p 00000000 00:00 0 
7f549c000000-7f549c247000 rw-p 00000000 00:00 0 
7f549c247000-7f54a0000000 ---p 00000000 00:00 0 
7f54a0000000-7f54a0021000 rw-p 00000000 00:00 0 
7f54a0021000-7f54a4000000 ---p 00000000 00:00 0 
7f54a4000000-7f54a42d7000 rw-p 00000000 00:00 0 
7f54a42d7000-7f54a8000000 ---p 00000000 00:00 0 
7f54aa16f000-7f54b0000000 r--p 00000000 fd:00 2491177                    /usr/lib/locale/locale-archive
7f54b0000000-7f54b0021000 rw-p 00000000 00:00 0 
7f54b0021000-7f54b4000000 ---p 00000000 00:00 0 
7f54b4000000-7f54b4021000 rw-p 00000000 00:00 0 
7f54b4021000-7f54b8000000 ---p 00000000 00:00 0 
7f54b8000000-7f54b8021000 rw-p 00000000 00:00 0 
7f54b8021000-7f54bc000000 ---p 00000000 00:00 0 
7f54bc000000-7f54bc021000 rw-p 00000000 00:00 0 
7f54bc021000-7f54c0000000 ---p 00000000 00:00 0 
7f54c0000000-7f54c0021000 rw-p 00000000 00:00 0 
7f54c0021000-7f54c4000000 ---p 00000000 00:00 0 
7f54c8000000-7f54c8021000 rw-p 00000000 00:00 0 
7f54c8021000-7f54cc000000 ---p 00000000 00:00 0 
7f54cc000000-7f54cc021000 rw-p 00000000 00:00 0 
7f54cc021000-7f54d0000000 ---p 00000000 00:00 0 
7f54d0000000-7f54d0021000 rw-p 00000000 00:00 0 
7f54d0021000-7f54d4000000 ---p 00000000 00:00 0 
7f54d4800000-7f54d5cc0000 rwxp 00000000 00:00 0 
7f54d5cc0000-7f54df000000 rwxp 00000000 00:00 0 
7f54df000000-7f54e16a0000 rwxp 00000000 00:00 0 
7f54e16a0000-7f5505ab0000 rwxp 00000000 00:00 0 
7f5505ab0000-7f5506e00000 rwxp 00000000 00:00 0 
7f5506e00000-7f5519000000 rwxp 00000000 00:00 0 
7f5519000000-7f5519270000 rwxp 00000000 00:00 0 
7f5519270000-7f551c000000 rwxp 00000000 00:00 0 
7f551c000000-7f551c1bf000 rw-p 00000000 00:00 0 
7f551c1bf000-7f5520000000 ---p 00000000 00:00 0 
7f5520229000-7f552022d000 r--s 00000000 fd:00 3028706                    /var/cache/fontconfig/87f5e051180a7a75f16eb6fe7dbd3749-le64.cache-3
7f552022d000-7f5520236000 r--s 00000000 fd:00 3019427                    /var/cache/fontconfig/b79f3aaa7d385a141ab53ec885cc22a8-le64.cache-3
7f5520236000-7f5520239000 r--s 00000000 fd:00 3043402                    /var/cache/fontconfig/0b1bcc92b4d25cc154d77dafe3bceaa0-le64.cache-3
7f5520239000-7f552023b000 r--s 00000000 fd:00 3043249                    /var/cache/fontconfig/2e1514a9fdd499050989183bb65136db-le64.cache-3
7f552023b000-7f552023e000 r--s 00000000 fd:00 3043248                    /var/cache/fontconfig/5c755b2f27115486aa6359c84dd3cbda-le64.cache-3
7f552023e000-7f552023f000 r--s 00000000 fd:00 3043409                    /var/cache/fontconfig/b966c23d19cce9e9a98d55765cf2a0c7-le64.cache-3
7f552023f000-7f5520241000 r--s 00000000 fd:00 3043250                    /var/cache/fontconfig/3f821257dd33660ba7bbb45c32deb84c-le64.cache-3
7f5520241000-7f5520243000 r--s 00000000 fd:00 3043415                    /var/cache/fontconfig/830f035fa84a65ce80e050178dbb630d-le64.cache-3
7f5520243000-7f5520244000 r--s 00000000 fd:00 3043251                    /var/cache/fontconfig/81a173283b451552b599cfaafd6236bd-le64.cache-3
7f5520244000-7f5520245000 r--s 00000000 fd:00 3043412                    /var/cache/fontconfig/ac68f755438cc3dc5a526084839fc7ca-le64.cache-3
7f5520245000-7f5520246000 r--s 00000000 fd:00 3043358                    /var/cache/fontconfig/6cfc7d49b27ba7d3eb71ab86e04def2c-le64.cache-3
7f5520246000-7f5520247000 r--s 00000000 fd:00 3043417                    /var/cache/fontconfig/46d51d90fe9d963f6f4186edb936a931-le64.cache-3
7f5520247000-7f5520248000 r--s 00000000 fd:00 3043416                    /var/cache/fontconfig/b887eea8f1b96e1d899b44ed6681fc27-le64.cache-3
7f5520248000-7f5520249000 r--s 00000000 fd:00 3043414                    /var/cache/fontconfig/860639f272b8b4b3094f9e399e41bccd-le64.cache-3
7f5520249000-7f552024a000 r--s 00000000 fd:00 3043413                    /var/cache/fontconfig/211368abcb0ff835c229ff05c9ec01dc-le64.cache-3
7f552024a000-7f552024b000 r--s 00000000 fd:00 3043418                    /var/cache/fontconfig/c46020d7221988a13df853d2b46304fc-le64.cache-3
7f552024b000-7f552024c000 r--s 00000000 fd:00 3043407                    /var/cache/fontconfig/df893b4576ad6107f9397134092c4059-le64.cache-3
7f552024c000-7f552024d000 r--s 00000000 fd:00 3043411                    /var/cache/fontconfig/900402270e15d763a6e008bb2d4c7686-le64.cache-3
7f552024d000-7f552024e000 r--s 00000000 fd:00 3043406                    /var/cache/fontconfig/47f48679023f44a4d1e44699a69464f6-le64.cache-3
7f552024e000-7f552024f000 r--s 00000000 fd:00 3043404                    /var/cache/fontconfig/2881ed3fd21ca306ddad6f9b0dd3189f-le64.cache-3
7f552024f000-7f5520250000 r--s 00000000 fd:00 3043400                    /var/cache/fontconfig/3c3fb04d32a5211b073874b125d29701-le64.cache-3
7f5520250000-7f5520251000 r--s 00000000 fd:00 3043405                    /var/cache/fontconfig/e61abf8156cc476151baa07d67337cae-le64.cache-3
7f5520251000-7f5520255000 r--s 00000000 fd:00 3043410                    /var/cache/fontconfig/b67b32625a2bb51b023d3814a918f351-le64.cache-3
7f5520255000-7f5520256000 r--s 00000000 fd:00 3043408                    /var/cache/fontconfig/991510d2da7f7b2bf8468002aae90060-le64.cache-3
7f5520256000-7f5520258000 r--s 00000000 fd:00 3043252                    /var/cache/fontconfig/d3379abda271c4acd2ad0c01f565d0b0-le64.cache-3
7f5520258000-7f5520259000 r--s 00000000 fd:00 3043401                    /var/cache/fontconfig/b4d0b56f766d89640448751fcd18ec1e-le64.cache-3
7f5520259000-7f5520263000 r--s 00000000 fd:00 3043403                    /var/cache/fontconfig/12b26b760a24f8b4feb03ad48a333a72-le64.cache-3
7f5520263000-7f5520275000 r--s 00000000 fd:00 3032374                    /var/cache/fontconfig/74717c444f6fd72454fa9c9c0ee01ca7-le64.cache-3
7f5520275000-7f552027c000 r--s 00000000 fd:00 3028709                    /var/cache/fontconfig/928306c3ad40271d946e41014a49fc28-le64.cache-3
7f552027c000-7f5520283000 r--s 00000000 fd:00 3028708                    /var/cache/fontconfig/fa1582dab13e7e8e44e5a9424d309f0e-le64.cache-3
7f5520283000-7f5520288000 r--s 00000000 fd:00 3043420                    /var/cache/fontconfig/18db0204b1f108dd01663673626fcd3d-le64.cache-3
7f5520288000-7f5520290000 r-xp 00000000 fd:00 3033001                    /usr/lib/jvm/java-1.6.0-openjdk-1.6.0.0.x86_64/jre/lib/amd64/libnio.so
7f5520290000-7f552048f000 ---p 00008000 fd:00 3033001                    /usr/lib/jvm/java-1.6.0-openjdk-1.6.0.0.x86_64/jre/lib/amd64/libnio.so
7f552048f000-7f5520490000 rw-p 00007000 fd:00 3033001                    /usr/lib/jvm/java-1.6.0-openjdk-1.6.0.0.x86_64/jre/lib/amd64/libnio.so
7f5520490000-7f55204a4000 r-xp 00000000 fd:00 3033000                    /usr/lib/jvm/java-1.6.0-openjdk-1.6.0.0.x86_64/jre/lib/amd64/libnet.so
7f55204a4000-7f55206a4000 ---p 00014000 fd:00 3033000                    /usr/lib/jvm/java-1.6.0-openjdk-1.6.0.0.x86_64/jre/lib/amd64/libnet.so
7f55206a4000-7f55206a5000 rw-p 00014000 fd:00 3033000                    /usr/lib/jvm/java-1.6.0-openjdk-1.6.0.0.x86_64/jre/lib/amd64/libnet.so
7f55206a5000-7f55206a9000 r--s 00000000 fd:00 3028706                    /var/cache/fontconfig/87f5e051180a7a75f16eb6fe7dbd3749-le64.cache-3
7f55206a9000-7f55206b2000 r--s 00000000 fd:00 3019427                    /var/cache/fontconfig/b79f3aaa7d385a141ab53ec885cc22a8-le64.cache-3
7f55206b2000-7f55206b5000 r--s 00000000 fd:00 3043402                    /var/cache/fontconfig/0b1bcc92b4d25cc154d77dafe3bceaa0-le64.cache-3
7f55206b5000-7f55206b7000 r--s 00000000 fd:00 3043249                    /var/cache/fontconfig/2e1514a9fdd499050989183bb65136db-le64.cache-3
7f55206b7000-7f55206ba000 r--s 00000000 fd:00 3043248                    /var/cache/fontconfig/5c755b2f27115486aa6359c84dd3cbda-le64.cache-3
7f55206ba000-7f55206bb000 r--s 00000000 fd:00 3043409                    /var/cache/fontconfig/b966c23d19cce9e9a98d55765cf2a0c7-le64.cache-3
7f55206bb000-7f55206bd000 r--s 00000000 fd:00 3043250                    /var/cache/fontconfig/3f821257dd33660ba7bbb45c32deb84c-le64.cache-3
7f55206bd000-7f55206bf000 r--s 00000000 fd:00 3043415                    /var/cache/fontconfig/830f035fa84a65ce80e050178dbb630d-le64.cache-3
7f55206bf000-7f55206c0000 r--s 00000000 fd:00 3043251                    /var/cache/fontconfig/81a173283b451552b599cfaafd6236bd-le64.cache-3
7f55206c0000-7f55206c1000 r--s 00000000 fd:00 3043412                    /var/cache/fontconfig/ac68f755438cc3dc5a526084839fc7ca-le64.cache-3
7f55206c1000-7f55206c2000 r--s 00000000 fd:00 3043358                    /var/cache/fontconfig/6cfc7d49b27ba7d3eb71ab86e04def2c-le64.cache-3
7f55206c2000-7f55206c3000 r--s 00000000 fd:00 3043417                    /var/cache/fontconfig/46d51d90fe9d963f6f4186edb936a931-le64.cache-3
7f55206c3000-7f55206c4000 r--s 00000000 fd:00 3043416                    /var/cache/fontconfig/b887eea8f1b96e1d899b44ed6681fc27-le64.cache-3
7f55206c4000-7f55206c5000 r--s 00000000 fd:00 3043414                    /var/cache/fontconfig/860639f272b8b4b3094f9e399e41bccd-le64.cache-3
7f55206c5000-7f55206c6000 r--s 00000000 fd:00 3043413                    /var/cache/fontconfig/211368abcb0ff835c229ff05c9ec01dc-le64.cache-3
7f55206c6000-7f55206c7000 r--s 00000000 fd:00 3043418                    /var/cache/fontconfig/c46020d7221988a13df853d2b46304fc-le64.cache-3
7f55206c7000-7f55206c8000 r--s 00000000 fd:00 3043407                    /var/cache/fontconfig/df893b4576ad6107f9397134092c4059-le64.cache-3
7f55206c8000-7f55206c9000 r--s 00000000 fd:00 3043411                    /var/cache/fontconfig/900402270e15d763a6e008bb2d4c7686-le64.cache-3
7f55206c9000-7f55206ca000 r--s 00000000 fd:00 3043406                    /var/cache/fontconfig/47f48679023f44a4d1e44699a69464f6-le64.cache-3
7f55206ca000-7f55206cb000 r--s 00000000 fd:00 3043404                    /var/cache/fontconfig/2881ed3fd21ca306ddad6f9b0dd3189f-le64.cache-3
7f55206cb000-7f55206cc000 r--s 00000000 fd:00 3043400                    /var/cache/fontconfig/3c3fb04d32a5211b073874b125d29701-le64.cache-3
7f55206cc000-7f55206cd000 r--s 00000000 fd:00 3043405                    /var/cache/fontconfig/e61abf8156cc476151baa07d67337cae-le64.cache-3
7f55206cd000-7f55206d1000 r--s 00000000 fd:00 3043410                    /var/cache/fontconfig/b67b32625a2bb51b023d3814a918f351-le64.cache-3
7f55206d1000-7f55206d2000 r--s 00000000 fd:00 3043408                    /var/cache/fontconfig/991510d2da7f7b2bf8468002aae90060-le64.cache-3
7f55206d2000-7f55206d4000 r--s 00000000 fd:00 3043252                    /var/cache/fontconfig/d3379abda271c4acd2ad0c01f565d0b0-le64.cache-3
7f55206d4000-7f55206d5000 r--s 00000000 fd:00 3043401                    /var/cache/fontconfig/b4d0b56f766d89640448751fcd18ec1e-le64.cache-3
7f55206d5000-7f55206df000 r--s 00000000 fd:00 3043403                    /var/cache/fontconfig/12b26b760a24f8b4feb03ad48a333a72-le64.cache-3
7f55206df000-7f55206f1000 r--s 00000000 fd:00 3032374                    /var/cache/fontconfig/74717c444f6fd72454fa9c9c0ee01ca7-le64.cache-3
7f55206f1000-7f55206f4000 ---p 00000000 00:00 0 
7f55206f4000-7f55207f2000 rw-p 00000000 00:00 0 
7f55207f2000-7f5520836000 r-xp 00000000 fd:00 3032982                    /usr/lib/jvm/java-1.6.0-openjdk-1.6.0.0.x86_64/jre/lib/amd64/libfontmanager.so
7f5520836000-7f5520a36000 ---p 00044000 fd:00 3032982                    /usr/lib/jvm/java-1.6.0-openjdk-1.6.0.0.x86_64/jre/lib/amd64/libfontmanager.so
7f5520a36000-7f5520a39000 rw-p 00044000 fd:00 3032982                    /usr/lib/jvm/java-1.6.0-openjdk-1.6.0.0.x86_64/jre/lib/amd64/libfontmanager.so
7f5520a39000-7f5520a4c000 rw-p 00000000 00:00 0 
7f5520a4c000-7f5520a97000 r-xp 00000000 fd:00 3033017                    /usr/lib/jvm/java-1.6.0-openjdk-1.6.0.0.x86_64/jre/lib/amd64/xawt/libmawt.so
7f5520a97000-7f5520c96000 ---p 0004b000 fd:00 3033017                    /usr/lib/jvm/java-1.6.0-openjdk-1.6.0.0.x86_64/jre/lib/amd64/xawt/libmawt.so
7f5520c96000-7f5520c9a000 rw-p 0004a000 fd:00 3033017                    /usr/lib/jvm/java-1.6.0-openjdk-1.6.0.0.x86_64/jre/lib/amd64/xawt/libmawt.so
7f5520c9a000-7f5520c9b000 rw-p 00000000 00:00 0 
7f5520c9b000-7f5520d3d000 r-xp 00000000 fd:00 3032980                    /usr/lib/jvm/java-1.6.0-openjdk-1.6.0.0.x86_64/jre/lib/amd64/libawt.so
7f5520d3d000-7f5520f3d000 ---p 000a2000 fd:00 3032980                    /usr/lib/jvm/java-1.6.0-openjdk-1.6.0.0.x86_64/jre/lib/amd64/libawt.so
7f5520f3d000-7f5520f48000 rw-p 000a2000 fd:00 3032980                    /usr/lib/jvm/java-1.6.0-openjdk-1.6.0.0.x86_64/jre/lib/amd64/libawt.so
7f5520f48000-7f5520f6d000 rw-p 00000000 00:00 0 
7f5520f6d000-7f5520f6e000 ---p 00000000 00:00 0 
7f5520f6e000-7f552106e000 rw-p 00000000 00:00 0 
7f552106e000-7f5521071000 ---p 00000000 00:00 0 
7f5521071000-7f552116f000 rw-p 00000000 00:00 0 
7f552116f000-7f5521172000 ---p 00000000 00:00 0 
7f5521172000-7f5521270000 rw-p 00000000 00:00 0 
7f5521270000-7f5521273000 ---p 00000000 00:00 0 
7f5521273000-7f5521371000 rw-p 00000000 00:00 0 
7f5521371000-7f5521374000 ---p 00000000 00:00 0 
7f5521374000-7f5521472000 rw-p 00000000 00:00 0 
7f5521472000-7f5521475000 ---p 00000000 00:00 0 
7f5521475000-7f5521573000 rw-p 00000000 00:00 0 
7f5521573000-7f5521576000 ---p 00000000 00:00 0 
7f5521576000-7f5521674000 rw-p 00000000 00:00 0 
7f5521674000-7f5521675000 ---p 00000000 00:00 0 
7f5521675000-7f552184d000 rw-p 00000000 00:00 0 
7f552184d000-7f55219e3000 r--s 03906000 fd:00 3033077                    /usr/lib/jvm/java-1.6.0-openjdk-1.6.0.0.x86_64/jre/lib/rt.jar
7f55219e3000-7f55219e4000 ---p 00000000 00:00 0 
7f55219e4000-7f5521ae4000 rw-p 00000000 00:00 0 
7f5521ae4000-7f5521ae5000 ---p 00000000 00:00 0 
7f5521ae5000-7f5521be5000 rw-p 00000000 00:00 0 
7f5521be5000-7f5521be6000 ---p 00000000 00:00 0 
7f5521be6000-7f5521ce6000 rw-p 00000000 00:00 0 
7f5521ce6000-7f5521ce7000 ---p 00000000 00:00 0 
7f5521ce7000-7f5521de7000 rw-p 00000000 00:00 0 
7f5521de7000-7f5521df2000 rwxp 00000000 00:00 0 
7f5521df2000-7f5521e3b000 rwxp 00000000 00:00 0 
7f5521e3b000-7f5521e4f000 rwxp 00000000 00:00 0 
7f5521e4f000-7f5521f71000 rwxp 00000000 00:00 0 
7f5521f71000-7f5521f7c000 rwxp 00000000 00:00 0 
7f5521f7c000-7f5521fc5000 rwxp 00000000 00:00 0 
7f5521fc5000-7f5521fd9000 rwxp 00000000 00:00 0 
7f5521fd9000-7f55220fa000 rwxp 00000000 00:00 0 
7f55220fa000-7f5522104000 rwxp 00000000 00:00 0 
7f5522104000-7f5522195000 rwxp 00000000 00:00 0 
7f5522195000-7f55221a0000 rwxp 00000000 00:00 0 
7f55221a0000-7f5522256000 rwxp 00000000 00:00 0 
7f5522256000-7f552225d000 r-xp 00000000 fd:00 3033009                    /usr/lib/jvm/java-1.6.0-openjdk-1.6.0.0.x86_64/jre/lib/amd64/libzip.so
7f552225d000-7f552245c000 ---p 00007000 fd:00 3033009                    /usr/lib/jvm/java-1.6.0-openjdk-1.6.0.0.x86_64/jre/lib/amd64/libzip.so
7f552245c000-7f552245d000 rw-p 00006000 fd:00 3033009                    /usr/lib/jvm/java-1.6.0-openjdk-1.6.0.0.x86_64/jre/lib/amd64/libzip.so
7f552245d000-7f5522467000 r-xp 00000000 fd:00 1441826                    /lib64/libnss_nis-2.12.so
7f5522467000-7f5522666000 ---p 0000a000 fd:00 1441826                    /lib64/libnss_nis-2.12.so
7f5522666000-7f5522667000 r--p 00009000 fd:00 1441826                    /lib64/libnss_nis-2.12.so
7f5522667000-7f5522668000 rw-p 0000a000 fd:00 1441826                    /lib64/libnss_nis-2.12.so
7f5522668000-7f5522674000 r-xp 00000000 fd:00 1441822                    /lib64/libnss_files-2.12.so
7f5522674000-7f5522873000 ---p 0000c000 fd:00 1441822                    /lib64/libnss_files-2.12.so
7f5522873000-7f5522874000 r--p 0000b000 fd:00 1441822                    /lib64/libnss_files-2.12.so
7f5522874000-7f5522875000 rw-p 0000c000 fd:00 1441822                    /lib64/libnss_files-2.12.so
7f5522875000-7f5522876000 r--s 00000000 fd:00 3043399                    /var/cache/fontconfig/1248881498ac025e45c3042f6afe9284-le64.cache-3
7f5522876000-7f5522877000 r--s 00000000 fd:00 3043365                    /var/cache/fontconfig/d04038e664b0033ae700a78c51f179d3-le64.cache-3
7f5522877000-7f552287e000 r--s 00000000 fd:00 3028709                    /var/cache/fontconfig/928306c3ad40271d946e41014a49fc28-le64.cache-3
7f552287e000-7f55228a6000 rw-p 00000000 00:00 0 
7f55228a6000-7f55228ae000 r-xp 00000000 fd:00 3033011                    /usr/lib/jvm/java-1.6.0-openjdk-1.6.0.0.x86_64/jre/lib/amd64/native_threads/libhpi.so
7f55228ae000-7f5522aad000 ---p 00008000 fd:00 3033011                    /usr/lib/jvm/java-1.6.0-openjdk-1.6.0.0.x86_64/jre/lib/amd64/native_threads/libhpi.so
7f5522aad000-7f5522aae000 rw-p 00007000 fd:00 3033011                    /usr/lib/jvm/java-1.6.0-openjdk-1.6.0.0.x86_64/jre/lib/amd64/native_threads/libhpi.so
7f5522aae000-7f5522aaf000 rw-p 00000000 00:00 0 
7f5522aaf000-7f5522ada000 r-xp 00000000 fd:00 3032989                    /usr/lib/jvm/java-1.6.0-openjdk-1.6.0.0.x86_64/jre/lib/amd64/libjava.so
7f5522ada000-7f5522cda000 ---p 0002b000 fd:00 3032989                    /usr/lib/jvm/java-1.6.0-openjdk-1.6.0.0.x86_64/jre/lib/amd64/libjava.so
7f5522cda000-7f5522cde000 rw-p 0002b000 fd:00 3032989                    /usr/lib/jvm/java-1.6.0-openjdk-1.6.0.0.x86_64/jre/lib/amd64/libjava.so
7f5522cde000-7f5522cec000 r-xp 00000000 fd:00 3033008                    /usr/lib/jvm/java-1.6.0-openjdk-1.6.0.0.x86_64/jre/lib/amd64/libverify.so
7f5522cec000-7f5522eeb000 ---p 0000e000 fd:00 3033008                    /usr/lib/jvm/java-1.6.0-openjdk-1.6.0.0.x86_64/jre/lib/amd64/libverify.so
7f5522eeb000-7f5522eed000 rw-p 0000d000 fd:00 3033008                    /usr/lib/jvm/java-1.6.0-openjdk-1.6.0.0.x86_64/jre/lib/amd64/libverify.so
7f5522eed000-7f5522ef0000 ---p 00000000 00:00 0 
7f5522ef0000-7f5522fee000 rw-p 00000000 00:00 0 
7f5522fee000-7f552379a000 r-xp 00000000 fd:00 3033015                    /usr/lib/jvm/java-1.6.0-openjdk-1.6.0.0.x86_64/jre/lib/amd64/server/libjvm.so
7f552379a000-7f552399a000 ---p 007ac000 fd:00 3033015                    /usr/lib/jvm/java-1.6.0-openjdk-1.6.0.0.x86_64/jre/lib/amd64/server/libjvm.so
7f552399a000-7f5523a28000 rw-p 007ac000 fd:00 3033015                    /usr/lib/jvm/java-1.6.0-openjdk-1.6.0.0.x86_64/jre/lib/amd64/server/libjvm.so
7f5523a28000-7f5523a69000 rw-p 00000000 00:00 0 
7f5523a69000-7f5523a6c000 r--s 00000000 fd:00 3043364                    /var/cache/fontconfig/beeeeb3dfe132a8a0633a017c99ce0c0-le64.cache-3
7f5523a6c000-7f5523a73000 r--s 00000000 fd:00 3028708                    /var/cache/fontconfig/fa1582dab13e7e8e44e5a9424d309f0e-le64.cache-3
7f5523a73000-7f5523a78000 r--s 00000000 fd:00 3043420                    /var/cache/fontconfig/18db0204b1f108dd01663673626fcd3d-le64.cache-3
7f5523a78000-7f5523a79000 r--s 00000000 fd:00 3043399                    /var/cache/fontconfig/1248881498ac025e45c3042f6afe9284-le64.cache-3
7f5523a79000-7f5523a7a000 r--s 00000000 fd:00 3043365                    /var/cache/fontconfig/d04038e664b0033ae700a78c51f179d3-le64.cache-3
7f5523a7a000-7f5523a7d000 r--s 00000000 fd:00 3043364                    /var/cache/fontconfig/beeeeb3dfe132a8a0633a017c99ce0c0-le64.cache-3
7f5523a7d000-7f5523a84000 r--s 000fe000 fd:00 3033075                    /usr/lib/jvm/java-1.6.0-openjdk-1.6.0.0.x86_64/jre/lib/resources.jar
7f5523a84000-7f5523a87000 r--s 0000f000 fd:00 3033035                    /usr/lib/jvm/java-1.6.0-openjdk-1.6.0.0.x86_64/jre/lib/ext/pulse-java.jar
7f5523a87000-7f5523a90000 r--s 00065000 fd:00 3033032                    /usr/lib/jvm/java-1.6.0-openjdk-1.6.0.0.x86_64/jre/lib/ext/gnome-java-bridge.jar
7f5523a90000-7f5523a98000 rw-s 00000000 fd:00 2228763                    /tmp/hsperfdata_BG20/6754
7f5523a98000-7f5523a99000 rw-p 00000000 00:00 0 
7f5523a99000-7f5523a9a000 r--p 00000000 00:00 0 
7f5523a9a000-7f5523a9b000 rw-p 00000000 00:00 0 
7fff44cbf000-7fff44cd4000 rw-p 00000000 00:00 0                          [stack]
7fff44daf000-7fff44db0000 r-xp 00000000 00:00 0                          [vdso]
ffffffffff600000-ffffffffff601000 r-xp 00000000 00:00 0                  [vsyscall]

VM Arguments:
java_command: main
Launcher Type: SUN_STANDARD

Environment Variables:
JAVA_HOME=/var/jdk
CLASSPATH=:/projects/postgresql-8.2dev-503.jdbc3.jar:/projects/mysql-connector-java-5.1.6.jar:/exports/BG20/tomcat/lib/servlet-api.jar:/exports/BG20/tomcat/lib/postgresql-8.2dev-503.jdbc3.jar:/exports/BG20/tomcat/lib/mysql-connector-java-5.1.6.jar:/exports/BG20:/projects/postgresql-8.2dev-503.jdbc3.jar:/projects/mysql-connector-java-5.1.6.jar:/exports/BG20/tomcat/lib/servlet-api.jar:/exports/BG20/tomcat/lib/postgresql-8.2dev-503.jdbc3.jar:/exports/BG20/tomcat/lib/mysql-connector-java-5.1.6.jar:/exports/BG20
PATH=/usr/lib64/qt-3.3/bin:/usr/kerberos/sbin:/usr/kerberos/bin:/usr/local/bin:/usr/bin:/bin:/usr/local/sbin:/usr/sbin:/sbin:/var/jdk/bin:/exports/BG20/bin:/var/jdk/bin:/exports/BG20/bin
USERNAME=BG20
LD_LIBRARY_PATH=/usr/lib/jvm/java-1.6.0-openjdk-1.6.0.0.x86_64/jre/lib/amd64/server:/usr/lib/jvm/java-1.6.0-openjdk-1.6.0.0.x86_64/jre/lib/amd64:/usr/lib/jvm/java-1.6.0-openjdk-1.6.0.0.x86_64/jre/../lib/amd64
SHELL=/bin/bash
DISPLAY=:0.0

Signal Handlers:
SIGSEGV: [libjvm.so+0x64f8e0], sa_mask[0]=0x7ffbfeff, sa_flags=0x10000004
SIGBUS: [libjvm.so+0x64f8e0], sa_mask[0]=0x7ffbfeff, sa_flags=0x10000004
SIGFPE: [libjvm.so+0x531ca0], sa_mask[0]=0x7ffbfeff, sa_flags=0x10000004
SIGPIPE: [libjvm.so+0x531ca0], sa_mask[0]=0x7ffbfeff, sa_flags=0x10000004
SIGXFSZ: [libjvm.so+0x531ca0], sa_mask[0]=0x7ffbfeff, sa_flags=0x10000004
SIGILL: [libjvm.so+0x531ca0], sa_mask[0]=0x7ffbfeff, sa_flags=0x10000004
SIGUSR1: SIG_DFL, sa_mask[0]=0x00000000, sa_flags=0x00000000
SIGUSR2: [libjvm.so+0x531450], sa_mask[0]=0x00000000, sa_flags=0x10000004
SIGHUP: [libjvm.so+0x533880], sa_mask[0]=0x7ffbfeff, sa_flags=0x10000004
SIGINT: [libjvm.so+0x533880], sa_mask[0]=0x7ffbfeff, sa_flags=0x10000004
SIGTERM: [libjvm.so+0x533880], sa_mask[0]=0x7ffbfeff, sa_flags=0x10000004
SIGQUIT: [libjvm.so+0x533880], sa_mask[0]=0x7ffbfeff, sa_flags=0x10000004


---------------  S Y S T E M  ---------------

OS:Red Hat Enterprise Linux Server release 6.0 (Santiago)

uname:Linux 2.6.32-71.el6.x86_64 #1 SMP Wed Sep 1 01:33:01 EDT 2010 x86_64
libc:glibc 2.12 NPTL 2.12 
rlimit: STACK 10240k, CORE 0k, NPROC 1024, NOFILE 1024, AS infinity
load average:0.29 0.06 0.02

CPU:total 4 (8 cores per cpu, 2 threads per core) family 6 model 60 stepping 3, cmov, cx8, fxsr, mmx, sse, sse2, sse3, ssse3, sse4.1, sse4.2, ht

Memory: 4k page, physical 3792956k(2513936k free), swap 6029304k(6029304k free)

vm_info: OpenJDK 64-Bit Server VM (14.0-b16) for linux-amd64 JRE (1.6.0_17-b17), built on Jul 29 2010 16:58:21 by "mockbuild" with gcc 4.4.4 20100726 (Red Hat 4.4.4-13)

time: Wed Jan 10 18:44:28 2018
elapsed time: 0 seconds

