#
# A fatal error has been detected by the Java Runtime Environment:
#
#  SIGSEGV (0xb) at pc=0x000000326fa14d70, pid=4266, tid=139947347248912
#
# JRE version: 6.0_17-b17
# Java VM: OpenJDK 64-Bit Server VM (14.0-b16 mixed mode linux-amd64 )
# Derivative: IcedTea6 1.7.4
# Distribution: Custom build (Thu Jul 29 16:49:18 EDT 2010)
# Problematic frame:
# C  [ld-linux-x86-64.so.2+0x14d70]
#
# If you would like to submit a bug report, please include
# instructions how to reproduce the bug and visit:
#   http://icedtea.classpath.org/bugzilla
# The crash happened outside the Java Virtual Machine in native code.
# See problematic frame for where to report the bug.
#

---------------  T H R E A D  ---------------

Current thread (0x00007f4800008000):  JavaThread "main" [_thread_in_native, id=4267, stack(0x00007f4807db8000,0x00007f4807eb9000)]

siginfo:si_signo=SIGSEGV: si_errno=0, si_code=128 (), si_addr=0x0000000000000000

Registers:
RAX=0x0000000000000001, RBX=0x00007f48000b41e0, RCX=0x000000007fdafbbf, RDX=0x00000000bfebfbff
RSP=0x00007f4807eb5fd8, RBP=0x00007f4807eb6120, RSI=0x0000000000000000, RDI=0x0000000000000058
R8 =0x0000000000000000, R9 =0x0000000000000000, R10=0x00007f4807eb5f50, R11=0x00007f48000b41e0
R12=0x00007f4807eb6148, R13=0x00007f480012d1b0, R14=0x0000000000000000, R15=0x0000000000000000
RIP=0x000000326fa14d70, EFL=0x0000000000010202, CSGSFS=0x0000000000000033, ERR=0x0000000000000000
  TRAPNO=0x000000000000000d

Top of Stack: (sp=0x00007f4807eb5fd8)
0x00007f4807eb5fd8:   000000326fa0aaea 0000000000000000
0x00007f4807eb5fe8:   0000000000000000 00007f4800000005
0x00007f4807eb5ff8:   0000000000000000 0000000000000001
0x00007f4807eb6008:   00007f480012d1b0 0000000000000000
0x00007f4807eb6018:   00007f4800000000 0000000000000000
0x00007f4807eb6028:   0000000000000058 0000000000000004
0x00007f4807eb6038:   00007f480012d508 0000000000000013
0x00007f4807eb6048:   00007f47b9ebe660 00007f480000000a
0x00007f4807eb6058:   0000000100008448 00007f4800008000
0x00007f4807eb6068:   00007f47b9eb1db9 0000000000000000
0x00007f4807eb6078:   00007f4800008448 00007f4807eb60f0
0x00007f4807eb6088:   00007f48083cc75f 00007f4800008000
0x00007f4807eb6098:   00007f4700000000 00007f4807eb62b8
0x00007f4807eb60a8:   00007f4807eb6270 00007f4800005ea0
0x00007f4807eb60b8:   00000003bb940b18 0000000000000000
0x00007f4807eb60c8:   00007f4800007770 00007f47ba10e548
0x00007f4807eb60d8:   00007f48000b41e0 00007f4800008000
0x00007f4807eb60e8:   00000000ffffffff 00007f4807eb6150
0x00007f4807eb60f8:   0000000000000005 00000000002468e0
0x00007f4807eb6108:   0000000000000000 00007f4807eb6270
0x00007f4807eb6118:   00007f4800008000 00007f47b9eb0000
0x00007f4807eb6128:   000000326fa0dee0 00007f4800000005
0x00007f4807eb6138:   0000000000000000 00007f4800162950
0x00007f4807eb6148:   00007f47b9eb0b48 00007f4800008000
0x00007f4807eb6158:   00007f4800162950 00007f4807eb61f0
0x00007f4807eb6168:   00007f48000081b8 000000000000001c
0x00007f4807eb6178:   000000326fa147b5 0000000000000000
0x00007f4807eb6188:   6f6e6f4d20736e61 00007f48088fc430
0x00007f4807eb6198:   00007f47eccc0a9c 00007f4800162950
0x00007f4807eb61a8:   657571696c624f20 0000000000000025
0x00007f4807eb61b8:   00007f480012d1b0 0000000000000043
0x00007f4807eb61c8:   00007f47b9ebe6cb 00007f47bbec4078 

Instructions: (pc=0x000000326fa14d70)
0x000000326fa14d60:   10 75 02 f7 d8 89 05 0d b2 20 00 83 f8 00 78 51
0x000000326fa14d70:   64 c5 fd 7f 04 25 80 00 00 00 64 c5 fd 7f 0c 25 

Stack: [0x00007f4807db8000,0x00007f4807eb9000],  sp=0x00007f4807eb5fd8,  free space=1015k
Native frames: (J=compiled Java code, j=interpreted, Vv=VM code, C=native code)
C  [ld-linux-x86-64.so.2+0x14d70]

Java frames: (J=compiled Java code, j=interpreted, Vv=VM code)
j  sun.font.NativeFont.fontExists([B)Z+0
j  sun.font.NativeFont.fontExists(Ljava/lang/String;)Z+19
j  sun.awt.X11GraphicsEnvironment.getX11FontName(Ljava/lang/String;)Ljava/lang/String;+10
j  sun.awt.X11GraphicsEnvironment.getFileNameFromPlatformName(Ljava/lang/String;)Ljava/lang/String;+321
j  sun.java2d.SunGraphicsEnvironment.initCompositeFonts(Lsun/awt/FontConfiguration;Ljava/util/concurrent/ConcurrentHashMap;)V+32
j  sun.java2d.SunGraphicsEnvironment.access$600(Lsun/java2d/SunGraphicsEnvironment;Lsun/awt/FontConfiguration;Ljava/util/concurrent/ConcurrentHashMap;)V+3
j  sun.java2d.SunGraphicsEnvironment$2.run()Ljava/lang/Object;+769
v  ~StubRoutines::call_stub
j  java.security.AccessController.doPrivileged(Ljava/security/PrivilegedAction;)Ljava/lang/Object;+0
j  sun.java2d.SunGraphicsEnvironment.<init>()V+44
j  sun.awt.X11GraphicsEnvironment.<init>()V+1
v  ~StubRoutines::call_stub
j  sun.reflect.NativeConstructorAccessorImpl.newInstance0(Ljava/lang/reflect/Constructor;[Ljava/lang/Object;)Ljava/lang/Object;+0
j  sun.reflect.NativeConstructorAccessorImpl.newInstance([Ljava/lang/Object;)Ljava/lang/Object;+72
j  sun.reflect.DelegatingConstructorAccessorImpl.newInstance([Ljava/lang/Object;)Ljava/lang/Object;+5
j  java.lang.reflect.Constructor.newInstance([Ljava/lang/Object;)Ljava/lang/Object;+92
j  java.lang.Class.newInstance0()Ljava/lang/Object;+118
j  java.lang.Class.newInstance()Ljava/lang/Object;+15
j  java.awt.GraphicsEnvironment.getLocalGraphicsEnvironment()Ljava/awt/GraphicsEnvironment;+27
j  java.awt.Window.init(Ljava/awt/GraphicsConfiguration;)V+48
j  java.awt.Window.<init>()V+87
j  java.awt.Frame.<init>(Ljava/lang/String;)V+1
j  javax.swing.JFrame.<init>(Ljava/lang/String;)V+2
j  main.<init>(Ljava/lang/String;)V+2
j  main.main([Ljava/lang/String;)V+6
v  ~StubRoutines::call_stub

---------------  P R O C E S S  ---------------

Java Threads: ( => current thread )
  0x00007f4800137000 JavaThread "Java2D Disposer" daemon [_thread_blocked, id=4280, stack(0x00007f47b9daf000,0x00007f47b9eb0000)]
  0x00007f480009e800 JavaThread "Low Memory Detector" daemon [_thread_blocked, id=4278, stack(0x00007f47ba72c000,0x00007f47ba82d000)]
  0x00007f480009b800 JavaThread "CompilerThread1" daemon [_thread_in_native, id=4277, stack(0x00007f47ba82d000,0x00007f47ba92e000)]
  0x00007f4800099800 JavaThread "CompilerThread0" daemon [_thread_in_native, id=4276, stack(0x00007f47ba92e000,0x00007f47baa2f000)]
  0x00007f4800097800 JavaThread "Signal Dispatcher" daemon [_thread_blocked, id=4275, stack(0x00007f47baa2f000,0x00007f47bab30000)]
  0x00007f4800076800 JavaThread "Finalizer" daemon [_thread_blocked, id=4274, stack(0x00007f47bab30000,0x00007f47bac31000)]
  0x00007f4800074800 JavaThread "Reference Handler" daemon [_thread_blocked, id=4273, stack(0x00007f47bac31000,0x00007f47bad32000)]
=>0x00007f4800008000 JavaThread "main" [_thread_in_native, id=4267, stack(0x00007f4807db8000,0x00007f4807eb9000)]

Other Threads:
  0x00007f480006f800 VMThread [stack: 0x00007f47bad32000,0x00007f47bae33000] [id=4272]
  0x00007f48000a1000 WatcherThread [stack: 0x00007f47ba62b000,0x00007f47ba72c000] [id=4279]

VM state:not at safepoint (normal execution)

VM Mutex/Monitor currently owned by a thread: None

Heap
 PSYoungGen      total 17344K, used 2412K [0x00007f47ecab0000, 0x00007f47ede00000, 0x00007f4800000000)
  eden space 14912K, 16% used [0x00007f47ecab0000,0x00007f47ecd0b248,0x00007f47ed940000)
  from space 2432K, 0% used [0x00007f47edba0000,0x00007f47edba0000,0x00007f47ede00000)
  to   space 2432K, 0% used [0x00007f47ed940000,0x00007f47ed940000,0x00007f47edba0000)
 PSOldGen        total 39552K, used 0K [0x00007f47c6000000, 0x00007f47c86a0000, 0x00007f47ecab0000)
  object space 39552K, 0% used [0x00007f47c6000000,0x00007f47c6000000,0x00007f47c86a0000)
 PSPermGen       total 21248K, used 6935K [0x00007f47bb800000, 0x00007f47bccc0000, 0x00007f47c6000000)
  object space 21248K, 32% used [0x00007f47bb800000,0x00007f47bbec5ca8,0x00007f47bccc0000)

Dynamic libraries:
00400000-00408000 r-xp 00000000 fd:00 3016223                            /usr/lib/jvm/java-1.6.0-openjdk-1.6.0.0.x86_64/jre/bin/java
00608000-00609000 rw-p 00008000 fd:00 3016223                            /usr/lib/jvm/java-1.6.0-openjdk-1.6.0.0.x86_64/jre/bin/java
00ed4000-00ef5000 rw-p 00000000 00:00 0                                  [heap]
326fa00000-326fa1e000 r-xp 00000000 fd:00 1446247                        /lib64/ld-2.12.so
326fc1e000-326fc1f000 r--p 0001e000 fd:00 1446247                        /lib64/ld-2.12.so
326fc1f000-326fc20000 rw-p 0001f000 fd:00 1446247                        /lib64/ld-2.12.so
326fc20000-326fc21000 rw-p 00000000 00:00 0 
326fe00000-326fe04000 r-xp 00000000 fd:00 3016202                        /usr/lib/jvm/java-1.6.0-openjdk-1.6.0.0.x86_64/jre/lib/amd64/jli/libjli.so
326fe04000-3270003000 ---p 00004000 fd:00 3016202                        /usr/lib/jvm/java-1.6.0-openjdk-1.6.0.0.x86_64/jre/lib/amd64/jli/libjli.so
3270003000-3270004000 rw-p 00003000 fd:00 3016202                        /usr/lib/jvm/java-1.6.0-openjdk-1.6.0.0.x86_64/jre/lib/amd64/jli/libjli.so
3270200000-3270375000 r-xp 00000000 fd:00 1446248                        /lib64/libc-2.12.so
3270375000-3270575000 ---p 00175000 fd:00 1446248                        /lib64/libc-2.12.so
3270575000-3270579000 r--p 00175000 fd:00 1446248                        /lib64/libc-2.12.so
3270579000-327057a000 rw-p 00179000 fd:00 1446248                        /lib64/libc-2.12.so
327057a000-327057f000 rw-p 00000000 00:00 0 
3270600000-3270602000 r-xp 00000000 fd:00 1446252                        /lib64/libdl-2.12.so
3270602000-3270802000 ---p 00002000 fd:00 1446252                        /lib64/libdl-2.12.so
3270802000-3270803000 r--p 00002000 fd:00 1446252                        /lib64/libdl-2.12.so
3270803000-3270804000 rw-p 00003000 fd:00 1446252                        /lib64/libdl-2.12.so
3270a00000-3270a17000 r-xp 00000000 fd:00 1446251                        /lib64/libpthread-2.12.so
3270a17000-3270c17000 ---p 00017000 fd:00 1446251                        /lib64/libpthread-2.12.so
3270c17000-3270c18000 r--p 00017000 fd:00 1446251                        /lib64/libpthread-2.12.so
3270c18000-3270c19000 rw-p 00018000 fd:00 1446251                        /lib64/libpthread-2.12.so
3270c19000-3270c1d000 rw-p 00000000 00:00 0 
3270e00000-3270e83000 r-xp 00000000 fd:00 1446249                        /lib64/libm-2.12.so
3270e83000-3271082000 ---p 00083000 fd:00 1446249                        /lib64/libm-2.12.so
3271082000-3271083000 r--p 00082000 fd:00 1446249                        /lib64/libm-2.12.so
3271083000-3271084000 rw-p 00083000 fd:00 1446249                        /lib64/libm-2.12.so
3271200000-3271215000 r-xp 00000000 fd:00 1446253                        /lib64/libz.so.1.2.3
3271215000-3271414000 ---p 00015000 fd:00 1446253                        /lib64/libz.so.1.2.3
3271414000-3271415000 rw-p 00014000 fd:00 1446253                        /lib64/libz.so.1.2.3
3271600000-3271607000 r-xp 00000000 fd:00 1446262                        /lib64/librt-2.12.so
3271607000-3271806000 ---p 00007000 fd:00 1446262                        /lib64/librt-2.12.so
3271806000-3271807000 r--p 00006000 fd:00 1446262                        /lib64/librt-2.12.so
3271807000-3271808000 rw-p 00007000 fd:00 1446262                        /lib64/librt-2.12.so
3272600000-3272602000 r-xp 00000000 fd:00 2531264                        /usr/lib64/libXau.so.6.0.0
3272602000-3272802000 ---p 00002000 fd:00 2531264                        /usr/lib64/libXau.so.6.0.0
3272802000-3272803000 rw-p 00002000 fd:00 2531264                        /usr/lib64/libXau.so.6.0.0
3272a00000-3272b39000 r-xp 00000000 fd:00 2531266                        /usr/lib64/libX11.so.6.3.0
3272b39000-3272d39000 ---p 00139000 fd:00 2531266                        /usr/lib64/libX11.so.6.3.0
3272d39000-3272d3f000 rw-p 00139000 fd:00 2531266                        /usr/lib64/libX11.so.6.3.0
3272e00000-3272e1b000 r-xp 00000000 fd:00 2531265                        /usr/lib64/libxcb.so.1.1.0
3272e1b000-327301a000 ---p 0001b000 fd:00 2531265                        /usr/lib64/libxcb.so.1.1.0
327301a000-327301b000 rw-p 0001a000 fd:00 2531265                        /usr/lib64/libxcb.so.1.1.0
3273600000-3273611000 r-xp 00000000 fd:00 2531267                        /usr/lib64/libXext.so.6.4.0
3273611000-3273811000 ---p 00011000 fd:00 2531267                        /usr/lib64/libXext.so.6.4.0
3273811000-3273812000 rw-p 00011000 fd:00 2531267                        /usr/lib64/libXext.so.6.4.0
3273e00000-3273e97000 r-xp 00000000 fd:00 2531274                        /usr/lib64/libfreetype.so.6.3.22
3273e97000-3274096000 ---p 00097000 fd:00 2531274                        /usr/lib64/libfreetype.so.6.3.22
3274096000-327409c000 rw-p 00096000 fd:00 2531274                        /usr/lib64/libfreetype.so.6.3.22
3274e00000-3274e09000 r-xp 00000000 fd:00 2531269                        /usr/lib64/libXrender.so.1.3.0
3274e09000-3275009000 ---p 00009000 fd:00 2531269                        /usr/lib64/libXrender.so.1.3.0
3275009000-327500a000 rw-p 00009000 fd:00 2531269                        /usr/lib64/libXrender.so.1.3.0
3275200000-327520f000 r-xp 00000000 fd:00 2531268                        /usr/lib64/libXi.so.6.1.0
327520f000-327540e000 ---p 0000f000 fd:00 2531268                        /usr/lib64/libXi.so.6.1.0
327540e000-327540f000 rw-p 0000e000 fd:00 2531268                        /usr/lib64/libXi.so.6.1.0
3276600000-3276616000 r-xp 00000000 fd:00 1446263                        /lib64/libgcc_s-4.4.4-20100726.so.1
3276616000-3276815000 ---p 00016000 fd:00 1446263                        /lib64/libgcc_s-4.4.4-20100726.so.1
3276815000-3276816000 rw-p 00015000 fd:00 1446263                        /lib64/libgcc_s-4.4.4-20100726.so.1
327ea00000-327ea05000 r-xp 00000000 fd:00 2531298                        /usr/lib64/libXtst.so.6.1.0
327ea05000-327ec05000 ---p 00005000 fd:00 2531298                        /usr/lib64/libXtst.so.6.1.0
327ec05000-327ec06000 rw-p 00005000 fd:00 2531298                        /usr/lib64/libXtst.so.6.1.0
3281400000-3281416000 r-xp 00000000 fd:00 1442092                        /lib64/libnsl-2.12.so
3281416000-3281615000 ---p 00016000 fd:00 1442092                        /lib64/libnsl-2.12.so
3281615000-3281616000 r--p 00015000 fd:00 1442092                        /lib64/libnsl-2.12.so
3281616000-3281617000 rw-p 00016000 fd:00 1442092                        /lib64/libnsl-2.12.so
3281617000-3281619000 rw-p 00000000 00:00 0 
7f4770000000-7f4770021000 rw-p 00000000 00:00 0 
7f4770021000-7f4774000000 ---p 00000000 00:00 0 
7f4774000000-7f4774021000 rw-p 00000000 00:00 0 
7f4774021000-7f4778000000 ---p 00000000 00:00 0 
7f4778000000-7f47782bd000 rw-p 00000000 00:00 0 
7f47782bd000-7f477c000000 ---p 00000000 00:00 0 
7f477c000000-7f477c021000 rw-p 00000000 00:00 0 
7f477c021000-7f4780000000 ---p 00000000 00:00 0 
7f4780000000-7f4780248000 rw-p 00000000 00:00 0 
7f4780248000-7f4784000000 ---p 00000000 00:00 0 
7f4788000000-7f4788021000 rw-p 00000000 00:00 0 
7f4788021000-7f478c000000 ---p 00000000 00:00 0 
7f478e16f000-7f4794000000 r--p 00000000 fd:00 2491177                    /usr/lib/locale/locale-archive
7f4794000000-7f4794021000 rw-p 00000000 00:00 0 
7f4794021000-7f4798000000 ---p 00000000 00:00 0 
7f4798000000-7f4798021000 rw-p 00000000 00:00 0 
7f4798021000-7f479c000000 ---p 00000000 00:00 0 
7f479c000000-7f479c021000 rw-p 00000000 00:00 0 
7f479c021000-7f47a0000000 ---p 00000000 00:00 0 
7f47a0000000-7f47a0021000 rw-p 00000000 00:00 0 
7f47a0021000-7f47a4000000 ---p 00000000 00:00 0 
7f47a4000000-7f47a4021000 rw-p 00000000 00:00 0 
7f47a4021000-7f47a8000000 ---p 00000000 00:00 0 
7f47ac000000-7f47ac021000 rw-p 00000000 00:00 0 
7f47ac021000-7f47b0000000 ---p 00000000 00:00 0 
7f47b4000000-7f47b4021000 rw-p 00000000 00:00 0 
7f47b4021000-7f47b8000000 ---p 00000000 00:00 0 
7f47b98f4000-7f47b98f8000 r--s 00000000 fd:00 3028706                    /var/cache/fontconfig/87f5e051180a7a75f16eb6fe7dbd3749-le64.cache-3
7f47b98f8000-7f47b9901000 r--s 00000000 fd:00 3019427                    /var/cache/fontconfig/b79f3aaa7d385a141ab53ec885cc22a8-le64.cache-3
7f47b9901000-7f47b9904000 r--s 00000000 fd:00 3043402                    /var/cache/fontconfig/0b1bcc92b4d25cc154d77dafe3bceaa0-le64.cache-3
7f47b9904000-7f47b9906000 r--s 00000000 fd:00 3043249                    /var/cache/fontconfig/2e1514a9fdd499050989183bb65136db-le64.cache-3
7f47b9906000-7f47b9909000 r--s 00000000 fd:00 3043248                    /var/cache/fontconfig/5c755b2f27115486aa6359c84dd3cbda-le64.cache-3
7f47b9909000-7f47b990a000 r--s 00000000 fd:00 3043409                    /var/cache/fontconfig/b966c23d19cce9e9a98d55765cf2a0c7-le64.cache-3
7f47b990a000-7f47b990c000 r--s 00000000 fd:00 3043250                    /var/cache/fontconfig/3f821257dd33660ba7bbb45c32deb84c-le64.cache-3
7f47b990c000-7f47b990e000 r--s 00000000 fd:00 3043415                    /var/cache/fontconfig/830f035fa84a65ce80e050178dbb630d-le64.cache-3
7f47b990e000-7f47b990f000 r--s 00000000 fd:00 3043251                    /var/cache/fontconfig/81a173283b451552b599cfaafd6236bd-le64.cache-3
7f47b990f000-7f47b9910000 r--s 00000000 fd:00 3043412                    /var/cache/fontconfig/ac68f755438cc3dc5a526084839fc7ca-le64.cache-3
7f47b9910000-7f47b9911000 r--s 00000000 fd:00 3043358                    /var/cache/fontconfig/6cfc7d49b27ba7d3eb71ab86e04def2c-le64.cache-3
7f47b9911000-7f47b9912000 r--s 00000000 fd:00 3043417                    /var/cache/fontconfig/46d51d90fe9d963f6f4186edb936a931-le64.cache-3
7f47b9912000-7f47b9913000 r--s 00000000 fd:00 3043416                    /var/cache/fontconfig/b887eea8f1b96e1d899b44ed6681fc27-le64.cache-3
7f47b9913000-7f47b9914000 r--s 00000000 fd:00 3043414                    /var/cache/fontconfig/860639f272b8b4b3094f9e399e41bccd-le64.cache-3
7f47b9914000-7f47b9915000 r--s 00000000 fd:00 3043413                    /var/cache/fontconfig/211368abcb0ff835c229ff05c9ec01dc-le64.cache-3
7f47b9915000-7f47b9916000 r--s 00000000 fd:00 3043418                    /var/cache/fontconfig/c46020d7221988a13df853d2b46304fc-le64.cache-3
7f47b9916000-7f47b9917000 r--s 00000000 fd:00 3043407                    /var/cache/fontconfig/df893b4576ad6107f9397134092c4059-le64.cache-3
7f47b9917000-7f47b9918000 r--s 00000000 fd:00 3043411                    /var/cache/fontconfig/900402270e15d763a6e008bb2d4c7686-le64.cache-3
7f47b9918000-7f47b9919000 r--s 00000000 fd:00 3043406                    /var/cache/fontconfig/47f48679023f44a4d1e44699a69464f6-le64.cache-3
7f47b9919000-7f47b991a000 r--s 00000000 fd:00 3043404                    /var/cache/fontconfig/2881ed3fd21ca306ddad6f9b0dd3189f-le64.cache-3
7f47b991a000-7f47b991b000 r--s 00000000 fd:00 3043400                    /var/cache/fontconfig/3c3fb04d32a5211b073874b125d29701-le64.cache-3
7f47b991b000-7f47b991c000 r--s 00000000 fd:00 3043405                    /var/cache/fontconfig/e61abf8156cc476151baa07d67337cae-le64.cache-3
7f47b991c000-7f47b9920000 r--s 00000000 fd:00 3043410                    /var/cache/fontconfig/b67b32625a2bb51b023d3814a918f351-le64.cache-3
7f47b9920000-7f47b9922000 r--s 00000000 fd:00 3043252                    /var/cache/fontconfig/d3379abda271c4acd2ad0c01f565d0b0-le64.cache-3
7f47b9922000-7f47b992c000 r--s 00000000 fd:00 3043403                    /var/cache/fontconfig/12b26b760a24f8b4feb03ad48a333a72-le64.cache-3
7f47b992c000-7f47b993e000 r--s 00000000 fd:00 3032374                    /var/cache/fontconfig/74717c444f6fd72454fa9c9c0ee01ca7-le64.cache-3
7f47b993e000-7f47b9945000 r--s 00000000 fd:00 3028709                    /var/cache/fontconfig/928306c3ad40271d946e41014a49fc28-le64.cache-3
7f47b9945000-7f47b994c000 r--s 00000000 fd:00 3028708                    /var/cache/fontconfig/fa1582dab13e7e8e44e5a9424d309f0e-le64.cache-3
7f47b994c000-7f47b9951000 r--s 00000000 fd:00 3043420                    /var/cache/fontconfig/18db0204b1f108dd01663673626fcd3d-le64.cache-3
7f47b9951000-7f47b9954000 r--s 00000000 fd:00 3043364                    /var/cache/fontconfig/beeeeb3dfe132a8a0633a017c99ce0c0-le64.cache-3
7f47b9954000-7f47b995c000 r-xp 00000000 fd:00 3033001                    /usr/lib/jvm/java-1.6.0-openjdk-1.6.0.0.x86_64/jre/lib/amd64/libnio.so
7f47b995c000-7f47b9b5b000 ---p 00008000 fd:00 3033001                    /usr/lib/jvm/java-1.6.0-openjdk-1.6.0.0.x86_64/jre/lib/amd64/libnio.so
7f47b9b5b000-7f47b9b5c000 rw-p 00007000 fd:00 3033001                    /usr/lib/jvm/java-1.6.0-openjdk-1.6.0.0.x86_64/jre/lib/amd64/libnio.so
7f47b9b5c000-7f47b9b70000 r-xp 00000000 fd:00 3033000                    /usr/lib/jvm/java-1.6.0-openjdk-1.6.0.0.x86_64/jre/lib/amd64/libnet.so
7f47b9b70000-7f47b9d70000 ---p 00014000 fd:00 3033000                    /usr/lib/jvm/java-1.6.0-openjdk-1.6.0.0.x86_64/jre/lib/amd64/libnet.so
7f47b9d70000-7f47b9d71000 rw-p 00014000 fd:00 3033000                    /usr/lib/jvm/java-1.6.0-openjdk-1.6.0.0.x86_64/jre/lib/amd64/libnet.so
7f47b9d71000-7f47b9d75000 r--s 00000000 fd:00 3028706                    /var/cache/fontconfig/87f5e051180a7a75f16eb6fe7dbd3749-le64.cache-3
7f47b9d75000-7f47b9d7e000 r--s 00000000 fd:00 3019427                    /var/cache/fontconfig/b79f3aaa7d385a141ab53ec885cc22a8-le64.cache-3
7f47b9d7e000-7f47b9d81000 r--s 00000000 fd:00 3043402                    /var/cache/fontconfig/0b1bcc92b4d25cc154d77dafe3bceaa0-le64.cache-3
7f47b9d81000-7f47b9d83000 r--s 00000000 fd:00 3043249                    /var/cache/fontconfig/2e1514a9fdd499050989183bb65136db-le64.cache-3
7f47b9d83000-7f47b9d86000 r--s 00000000 fd:00 3043248                    /var/cache/fontconfig/5c755b2f27115486aa6359c84dd3cbda-le64.cache-3
7f47b9d86000-7f47b9d87000 r--s 00000000 fd:00 3043409                    /var/cache/fontconfig/b966c23d19cce9e9a98d55765cf2a0c7-le64.cache-3
7f47b9d87000-7f47b9d89000 r--s 00000000 fd:00 3043250                    /var/cache/fontconfig/3f821257dd33660ba7bbb45c32deb84c-le64.cache-3
7f47b9d89000-7f47b9d8b000 r--s 00000000 fd:00 3043415                    /var/cache/fontconfig/830f035fa84a65ce80e050178dbb630d-le64.cache-3
7f47b9d8b000-7f47b9d8c000 r--s 00000000 fd:00 3043251                    /var/cache/fontconfig/81a173283b451552b599cfaafd6236bd-le64.cache-3
7f47b9d8c000-7f47b9d8d000 r--s 00000000 fd:00 3043412                    /var/cache/fontconfig/ac68f755438cc3dc5a526084839fc7ca-le64.cache-3
7f47b9d8d000-7f47b9d8e000 r--s 00000000 fd:00 3043358                    /var/cache/fontconfig/6cfc7d49b27ba7d3eb71ab86e04def2c-le64.cache-3
7f47b9d8e000-7f47b9d8f000 r--s 00000000 fd:00 3043417                    /var/cache/fontconfig/46d51d90fe9d963f6f4186edb936a931-le64.cache-3
7f47b9d8f000-7f47b9d90000 r--s 00000000 fd:00 3043416                    /var/cache/fontconfig/b887eea8f1b96e1d899b44ed6681fc27-le64.cache-3
7f47b9d90000-7f47b9d91000 r--s 00000000 fd:00 3043414                    /var/cache/fontconfig/860639f272b8b4b3094f9e399e41bccd-le64.cache-3
7f47b9d91000-7f47b9d92000 r--s 00000000 fd:00 3043413                    /var/cache/fontconfig/211368abcb0ff835c229ff05c9ec01dc-le64.cache-3
7f47b9d92000-7f47b9d93000 r--s 00000000 fd:00 3043418                    /var/cache/fontconfig/c46020d7221988a13df853d2b46304fc-le64.cache-3
7f47b9d93000-7f47b9d94000 r--s 00000000 fd:00 3043407                    /var/cache/fontconfig/df893b4576ad6107f9397134092c4059-le64.cache-3
7f47b9d94000-7f47b9d95000 r--s 00000000 fd:00 3043411                    /var/cache/fontconfig/900402270e15d763a6e008bb2d4c7686-le64.cache-3
7f47b9d95000-7f47b9d96000 r--s 00000000 fd:00 3043406                    /var/cache/fontconfig/47f48679023f44a4d1e44699a69464f6-le64.cache-3
7f47b9d96000-7f47b9d97000 r--s 00000000 fd:00 3043404                    /var/cache/fontconfig/2881ed3fd21ca306ddad6f9b0dd3189f-le64.cache-3
7f47b9d97000-7f47b9d98000 r--s 00000000 fd:00 3043400                    /var/cache/fontconfig/3c3fb04d32a5211b073874b125d29701-le64.cache-3
7f47b9d98000-7f47b9d99000 r--s 00000000 fd:00 3043405                    /var/cache/fontconfig/e61abf8156cc476151baa07d67337cae-le64.cache-3
7f47b9d99000-7f47b9d9d000 r--s 00000000 fd:00 3043410                    /var/cache/fontconfig/b67b32625a2bb51b023d3814a918f351-le64.cache-3
7f47b9d9d000-7f47b9daf000 r--s 00000000 fd:00 3032374                    /var/cache/fontconfig/74717c444f6fd72454fa9c9c0ee01ca7-le64.cache-3
7f47b9daf000-7f47b9db2000 ---p 00000000 00:00 0 
7f47b9db2000-7f47b9eb0000 rw-p 00000000 00:00 0 
7f47b9eb0000-7f47b9ef4000 r-xp 00000000 fd:00 3032982                    /usr/lib/jvm/java-1.6.0-openjdk-1.6.0.0.x86_64/jre/lib/amd64/libfontmanager.so
7f47b9ef4000-7f47ba0f4000 ---p 00044000 fd:00 3032982                    /usr/lib/jvm/java-1.6.0-openjdk-1.6.0.0.x86_64/jre/lib/amd64/libfontmanager.so
7f47ba0f4000-7f47ba0f7000 rw-p 00044000 fd:00 3032982                    /usr/lib/jvm/java-1.6.0-openjdk-1.6.0.0.x86_64/jre/lib/amd64/libfontmanager.so
7f47ba0f7000-7f47ba10a000 rw-p 00000000 00:00 0 
7f47ba10a000-7f47ba155000 r-xp 00000000 fd:00 3033017                    /usr/lib/jvm/java-1.6.0-openjdk-1.6.0.0.x86_64/jre/lib/amd64/xawt/libmawt.so
7f47ba155000-7f47ba354000 ---p 0004b000 fd:00 3033017                    /usr/lib/jvm/java-1.6.0-openjdk-1.6.0.0.x86_64/jre/lib/amd64/xawt/libmawt.so
7f47ba354000-7f47ba358000 rw-p 0004a000 fd:00 3033017                    /usr/lib/jvm/java-1.6.0-openjdk-1.6.0.0.x86_64/jre/lib/amd64/xawt/libmawt.so
7f47ba358000-7f47ba359000 rw-p 00000000 00:00 0 
7f47ba359000-7f47ba3fb000 r-xp 00000000 fd:00 3032980                    /usr/lib/jvm/java-1.6.0-openjdk-1.6.0.0.x86_64/jre/lib/amd64/libawt.so
7f47ba3fb000-7f47ba5fb000 ---p 000a2000 fd:00 3032980                    /usr/lib/jvm/java-1.6.0-openjdk-1.6.0.0.x86_64/jre/lib/amd64/libawt.so
7f47ba5fb000-7f47ba606000 rw-p 000a2000 fd:00 3032980                    /usr/lib/jvm/java-1.6.0-openjdk-1.6.0.0.x86_64/jre/lib/amd64/libawt.so
7f47ba606000-7f47ba62b000 rw-p 00000000 00:00 0 
7f47ba62b000-7f47ba62c000 ---p 00000000 00:00 0 
7f47ba62c000-7f47ba72c000 rw-p 00000000 00:00 0 
7f47ba72c000-7f47ba72f000 ---p 00000000 00:00 0 
7f47ba72f000-7f47ba82d000 rw-p 00000000 00:00 0 
7f47ba82d000-7f47ba830000 ---p 00000000 00:00 0 
7f47ba830000-7f47ba92e000 rw-p 00000000 00:00 0 
7f47ba92e000-7f47ba931000 ---p 00000000 00:00 0 
7f47ba931000-7f47baa2f000 rw-p 00000000 00:00 0 
7f47baa2f000-7f47baa32000 ---p 00000000 00:00 0 
7f47baa32000-7f47bab30000 rw-p 00000000 00:00 0 
7f47bab30000-7f47bab33000 ---p 00000000 00:00 0 
7f47bab33000-7f47bac31000 rw-p 00000000 00:00 0 
7f47bac31000-7f47bac34000 ---p 00000000 00:00 0 
7f47bac34000-7f47bad32000 rw-p 00000000 00:00 0 
7f47bad32000-7f47bad33000 ---p 00000000 00:00 0 
7f47bad33000-7f47baf0b000 rw-p 00000000 00:00 0 
7f47baf0b000-7f47bb0a1000 r--s 03906000 fd:00 3033077                    /usr/lib/jvm/java-1.6.0-openjdk-1.6.0.0.x86_64/jre/lib/rt.jar
7f47bb0a1000-7f47bb0a2000 ---p 00000000 00:00 0 
7f47bb0a2000-7f47bb1a2000 rw-p 00000000 00:00 0 
7f47bb1a2000-7f47bb1a3000 ---p 00000000 00:00 0 
7f47bb1a3000-7f47bb2a3000 rw-p 00000000 00:00 0 
7f47bb2a3000-7f47bb2a4000 ---p 00000000 00:00 0 
7f47bb2a4000-7f47bb3a4000 rw-p 00000000 00:00 0 
7f47bb3a4000-7f47bb3a5000 ---p 00000000 00:00 0 
7f47bb3a5000-7f47bb4a5000 rw-p 00000000 00:00 0 
7f47bb4a5000-7f47bb4b9000 rwxp 00000000 00:00 0 
7f47bb4b9000-7f47bb5db000 rwxp 00000000 00:00 0 
7f47bb5db000-7f47bb5e6000 rwxp 00000000 00:00 0 
7f47bb5e6000-7f47bb62f000 rwxp 00000000 00:00 0 
7f47bb62f000-7f47bb643000 rwxp 00000000 00:00 0 
7f47bb643000-7f47bb764000 rwxp 00000000 00:00 0 
7f47bb764000-7f47bb76e000 rwxp 00000000 00:00 0 
7f47bb76e000-7f47bb7ff000 rwxp 00000000 00:00 0 
7f47bb7ff000-7f47bccc0000 rwxp 00000000 00:00 0 
7f47bccc0000-7f47c6000000 rwxp 00000000 00:00 0 
7f47c6000000-7f47c86a0000 rwxp 00000000 00:00 0 
7f47c86a0000-7f47ecab0000 rwxp 00000000 00:00 0 
7f47ecab0000-7f47ede00000 rwxp 00000000 00:00 0 
7f47ede00000-7f4800000000 rwxp 00000000 00:00 0 
7f4800000000-7f48001cf000 rw-p 00000000 00:00 0 
7f48001cf000-7f4804000000 ---p 00000000 00:00 0 
7f4804000000-7f4804002000 r--s 00000000 fd:00 3043252                    /var/cache/fontconfig/d3379abda271c4acd2ad0c01f565d0b0-le64.cache-3
7f4804002000-7f4804003000 r--s 00000000 fd:00 3043401                    /var/cache/fontconfig/b4d0b56f766d89640448751fcd18ec1e-le64.cache-3
7f4804003000-7f480400d000 r--s 00000000 fd:00 3043403                    /var/cache/fontconfig/12b26b760a24f8b4feb03ad48a333a72-le64.cache-3
7f480400d000-7f4804018000 rwxp 00000000 00:00 0 
7f4804018000-7f4804061000 rwxp 00000000 00:00 0 
7f4804061000-7f480406b000 rwxp 00000000 00:00 0 
7f480406b000-7f4804121000 rwxp 00000000 00:00 0 
7f4804121000-7f4804391000 rwxp 00000000 00:00 0 
7f4804391000-7f4807121000 rwxp 00000000 00:00 0 
7f4807121000-7f4807128000 r-xp 00000000 fd:00 3033009                    /usr/lib/jvm/java-1.6.0-openjdk-1.6.0.0.x86_64/jre/lib/amd64/libzip.so
7f4807128000-7f4807327000 ---p 00007000 fd:00 3033009                    /usr/lib/jvm/java-1.6.0-openjdk-1.6.0.0.x86_64/jre/lib/amd64/libzip.so
7f4807327000-7f4807328000 rw-p 00006000 fd:00 3033009                    /usr/lib/jvm/java-1.6.0-openjdk-1.6.0.0.x86_64/jre/lib/amd64/libzip.so
7f4807328000-7f4807332000 r-xp 00000000 fd:00 1441826                    /lib64/libnss_nis-2.12.so
7f4807332000-7f4807531000 ---p 0000a000 fd:00 1441826                    /lib64/libnss_nis-2.12.so
7f4807531000-7f4807532000 r--p 00009000 fd:00 1441826                    /lib64/libnss_nis-2.12.so
7f4807532000-7f4807533000 rw-p 0000a000 fd:00 1441826                    /lib64/libnss_nis-2.12.so
7f4807533000-7f480753f000 r-xp 00000000 fd:00 1441822                    /lib64/libnss_files-2.12.so
7f480753f000-7f480773e000 ---p 0000c000 fd:00 1441822                    /lib64/libnss_files-2.12.so
7f480773e000-7f480773f000 r--p 0000b000 fd:00 1441822                    /lib64/libnss_files-2.12.so
7f480773f000-7f4807740000 rw-p 0000c000 fd:00 1441822                    /lib64/libnss_files-2.12.so
7f4807740000-7f4807741000 r--s 00000000 fd:00 3043408                    /var/cache/fontconfig/991510d2da7f7b2bf8468002aae90060-le64.cache-3
7f4807741000-7f4807742000 r--s 00000000 fd:00 3043401                    /var/cache/fontconfig/b4d0b56f766d89640448751fcd18ec1e-le64.cache-3
7f4807742000-7f4807749000 r--s 00000000 fd:00 3028709                    /var/cache/fontconfig/928306c3ad40271d946e41014a49fc28-le64.cache-3
7f4807749000-7f4807771000 rw-p 00000000 00:00 0 
7f4807771000-7f4807779000 r-xp 00000000 fd:00 3033011                    /usr/lib/jvm/java-1.6.0-openjdk-1.6.0.0.x86_64/jre/lib/amd64/native_threads/libhpi.so
7f4807779000-7f4807978000 ---p 00008000 fd:00 3033011                    /usr/lib/jvm/java-1.6.0-openjdk-1.6.0.0.x86_64/jre/lib/amd64/native_threads/libhpi.so
7f4807978000-7f4807979000 rw-p 00007000 fd:00 3033011                    /usr/lib/jvm/java-1.6.0-openjdk-1.6.0.0.x86_64/jre/lib/amd64/native_threads/libhpi.so
7f4807979000-7f480797a000 rw-p 00000000 00:00 0 
7f480797a000-7f48079a5000 r-xp 00000000 fd:00 3032989                    /usr/lib/jvm/java-1.6.0-openjdk-1.6.0.0.x86_64/jre/lib/amd64/libjava.so
7f48079a5000-7f4807ba5000 ---p 0002b000 fd:00 3032989                    /usr/lib/jvm/java-1.6.0-openjdk-1.6.0.0.x86_64/jre/lib/amd64/libjava.so
7f4807ba5000-7f4807ba9000 rw-p 0002b000 fd:00 3032989                    /usr/lib/jvm/java-1.6.0-openjdk-1.6.0.0.x86_64/jre/lib/amd64/libjava.so
7f4807ba9000-7f4807bb7000 r-xp 00000000 fd:00 3033008                    /usr/lib/jvm/java-1.6.0-openjdk-1.6.0.0.x86_64/jre/lib/amd64/libverify.so
7f4807bb7000-7f4807db6000 ---p 0000e000 fd:00 3033008                    /usr/lib/jvm/java-1.6.0-openjdk-1.6.0.0.x86_64/jre/lib/amd64/libverify.so
7f4807db6000-7f4807db8000 rw-p 0000d000 fd:00 3033008                    /usr/lib/jvm/java-1.6.0-openjdk-1.6.0.0.x86_64/jre/lib/amd64/libverify.so
7f4807db8000-7f4807dbb000 ---p 00000000 00:00 0 
7f4807dbb000-7f4807eb9000 rw-p 00000000 00:00 0 
7f4807eb9000-7f4808665000 r-xp 00000000 fd:00 3033015                    /usr/lib/jvm/java-1.6.0-openjdk-1.6.0.0.x86_64/jre/lib/amd64/server/libjvm.so
7f4808665000-7f4808865000 ---p 007ac000 fd:00 3033015                    /usr/lib/jvm/java-1.6.0-openjdk-1.6.0.0.x86_64/jre/lib/amd64/server/libjvm.so
7f4808865000-7f48088f3000 rw-p 007ac000 fd:00 3033015                    /usr/lib/jvm/java-1.6.0-openjdk-1.6.0.0.x86_64/jre/lib/amd64/server/libjvm.so
7f48088f3000-7f4808934000 rw-p 00000000 00:00 0 
7f4808934000-7f4808935000 r--s 00000000 fd:00 3043399                    /var/cache/fontconfig/1248881498ac025e45c3042f6afe9284-le64.cache-3
7f4808935000-7f4808936000 r--s 00000000 fd:00 3043365                    /var/cache/fontconfig/d04038e664b0033ae700a78c51f179d3-le64.cache-3
7f4808936000-7f4808937000 r--s 00000000 fd:00 3043408                    /var/cache/fontconfig/991510d2da7f7b2bf8468002aae90060-le64.cache-3
7f4808937000-7f480893e000 r--s 00000000 fd:00 3028708                    /var/cache/fontconfig/fa1582dab13e7e8e44e5a9424d309f0e-le64.cache-3
7f480893e000-7f4808943000 r--s 00000000 fd:00 3043420                    /var/cache/fontconfig/18db0204b1f108dd01663673626fcd3d-le64.cache-3
7f4808943000-7f4808944000 r--s 00000000 fd:00 3043399                    /var/cache/fontconfig/1248881498ac025e45c3042f6afe9284-le64.cache-3
7f4808944000-7f4808945000 r--s 00000000 fd:00 3043365                    /var/cache/fontconfig/d04038e664b0033ae700a78c51f179d3-le64.cache-3
7f4808945000-7f4808948000 r--s 00000000 fd:00 3043364                    /var/cache/fontconfig/beeeeb3dfe132a8a0633a017c99ce0c0-le64.cache-3
7f4808948000-7f480894f000 r--s 000fe000 fd:00 3033075                    /usr/lib/jvm/java-1.6.0-openjdk-1.6.0.0.x86_64/jre/lib/resources.jar
7f480894f000-7f4808952000 r--s 0000f000 fd:00 3033035                    /usr/lib/jvm/java-1.6.0-openjdk-1.6.0.0.x86_64/jre/lib/ext/pulse-java.jar
7f4808952000-7f480895b000 r--s 00065000 fd:00 3033032                    /usr/lib/jvm/java-1.6.0-openjdk-1.6.0.0.x86_64/jre/lib/ext/gnome-java-bridge.jar
7f480895b000-7f4808963000 rw-s 00000000 fd:00 2228763                    /tmp/hsperfdata_BG20/4266
7f4808963000-7f4808964000 rw-p 00000000 00:00 0 
7f4808964000-7f4808965000 r--p 00000000 00:00 0 
7f4808965000-7f4808966000 rw-p 00000000 00:00 0 
7fff7f7fa000-7fff7f80f000 rw-p 00000000 00:00 0                          [stack]
7fff7f81f000-7fff7f820000 r-xp 00000000 00:00 0                          [vdso]
ffffffffff600000-ffffffffff601000 r-xp 00000000 00:00 0                  [vsyscall]

VM Arguments:
java_command: main
Launcher Type: SUN_STANDARD

Environment Variables:
JAVA_HOME=/var/jdk
CLASSPATH=:/projects/postgresql-8.2dev-503.jdbc3.jar:/projects/mysql-connector-java-5.1.6.jar:/exports/BG20/tomcat/lib/servlet-api.jar:/exports/BG20/tomcat/lib/postgresql-8.2dev-503.jdbc3.jar:/exports/BG20/tomcat/lib/mysql-connector-java-5.1.6.jar:/exports/BG20:/projects/postgresql-8.2dev-503.jdbc3.jar:/projects/mysql-connector-java-5.1.6.jar:/exports/BG20/tomcat/lib/servlet-api.jar:/exports/BG20/tomcat/lib/postgresql-8.2dev-503.jdbc3.jar:/exports/BG20/tomcat/lib/mysql-connector-java-5.1.6.jar:/exports/BG20
PATH=/usr/lib64/qt-3.3/bin:/usr/kerberos/sbin:/usr/kerberos/bin:/usr/local/bin:/usr/bin:/bin:/usr/local/sbin:/usr/sbin:/sbin:/var/jdk/bin:/exports/BG20/bin:/var/jdk/bin:/exports/BG20/bin
USERNAME=BG20
LD_LIBRARY_PATH=/usr/lib/jvm/java-1.6.0-openjdk-1.6.0.0.x86_64/jre/lib/amd64/server:/usr/lib/jvm/java-1.6.0-openjdk-1.6.0.0.x86_64/jre/lib/amd64:/usr/lib/jvm/java-1.6.0-openjdk-1.6.0.0.x86_64/jre/../lib/amd64
SHELL=/bin/bash
DISPLAY=:0.0

Signal Handlers:
SIGSEGV: [libjvm.so+0x64f8e0], sa_mask[0]=0x7ffbfeff, sa_flags=0x10000004
SIGBUS: [libjvm.so+0x64f8e0], sa_mask[0]=0x7ffbfeff, sa_flags=0x10000004
SIGFPE: [libjvm.so+0x531ca0], sa_mask[0]=0x7ffbfeff, sa_flags=0x10000004
SIGPIPE: [libjvm.so+0x531ca0], sa_mask[0]=0x7ffbfeff, sa_flags=0x10000004
SIGXFSZ: [libjvm.so+0x531ca0], sa_mask[0]=0x7ffbfeff, sa_flags=0x10000004
SIGILL: [libjvm.so+0x531ca0], sa_mask[0]=0x7ffbfeff, sa_flags=0x10000004
SIGUSR1: SIG_DFL, sa_mask[0]=0x00000000, sa_flags=0x00000000
SIGUSR2: [libjvm.so+0x531450], sa_mask[0]=0x00000000, sa_flags=0x10000004
SIGHUP: [libjvm.so+0x533880], sa_mask[0]=0x7ffbfeff, sa_flags=0x10000004
SIGINT: [libjvm.so+0x533880], sa_mask[0]=0x7ffbfeff, sa_flags=0x10000004
SIGTERM: [libjvm.so+0x533880], sa_mask[0]=0x7ffbfeff, sa_flags=0x10000004
SIGQUIT: [libjvm.so+0x533880], sa_mask[0]=0x7ffbfeff, sa_flags=0x10000004


---------------  S Y S T E M  ---------------

OS:Red Hat Enterprise Linux Server release 6.0 (Santiago)

uname:Linux 2.6.32-71.el6.x86_64 #1 SMP Wed Sep 1 01:33:01 EDT 2010 x86_64
libc:glibc 2.12 NPTL 2.12 
rlimit: STACK 10240k, CORE 0k, NPROC 1024, NOFILE 1024, AS infinity
load average:0.07 0.04 0.00

CPU:total 4 (8 cores per cpu, 2 threads per core) family 6 model 60 stepping 3, cmov, cx8, fxsr, mmx, sse, sse2, sse3, ssse3, sse4.1, sse4.2, ht

Memory: 4k page, physical 3792956k(2998848k free), swap 6029304k(6029304k free)

vm_info: OpenJDK 64-Bit Server VM (14.0-b16) for linux-amd64 JRE (1.6.0_17-b17), built on Jul 29 2010 16:58:21 by "mockbuild" with gcc 4.4.4 20100726 (Red Hat 4.4.4-13)

time: Wed Jan 10 17:16:39 2018
elapsed time: 0 seconds

