#
# A fatal error has been detected by the Java Runtime Environment:
#
#  SIGSEGV (0xb) at pc=0x000000326fa14d70, pid=4161, tid=139659679135504
#
# JRE version: 6.0_17-b17
# Java VM: OpenJDK 64-Bit Server VM (14.0-b16 mixed mode linux-amd64 )
# Derivative: IcedTea6 1.7.4
# Distribution: Custom build (Thu Jul 29 16:49:18 EDT 2010)
# Problematic frame:
# C  [ld-linux-x86-64.so.2+0x14d70]
#
# If you would like to submit a bug report, please include
# instructions how to reproduce the bug and visit:
#   http://icedtea.classpath.org/bugzilla
# The crash happened outside the Java Virtual Machine in native code.
# See problematic frame for where to report the bug.
#

---------------  T H R E A D  ---------------

Current thread (0x00007f0508008000):  JavaThread "main" [_thread_in_native, id=4162, stack(0x00007f050d807000,0x00007f050d908000)]

siginfo:si_signo=SIGSEGV: si_errno=0, si_code=128 (), si_addr=0x0000000000000000

Registers:
RAX=0x0000000000000001, RBX=0x00007f05080b4ff0, RCX=0x000000007fdafbbf, RDX=0x00000000bfebfbff
RSP=0x00007f050d904ff8, RBP=0x00007f050d905140, RSI=0x0000000000000000, RDI=0x0000000000000058
R8 =0x0000000000000000, R9 =0x0000000000000000, R10=0x00007f050d904f70, R11=0x00007f05080b4ff0
R12=0x00007f050d905168, R13=0x00007f050812b090, R14=0x0000000000000000, R15=0x0000000000000000
RIP=0x000000326fa14d70, EFL=0x0000000000010202, CSGSFS=0x0000000000000033, ERR=0x0000000000000000
  TRAPNO=0x000000000000000d

Top of Stack: (sp=0x00007f050d904ff8)
0x00007f050d904ff8:   000000326fa0aaea 0000000000000000
0x00007f050d905008:   0000000000000000 00007f0500000005
0x00007f050d905018:   0000000000000000 0000000000000001
0x00007f050d905028:   00007f050812b090 0000000000000000
0x00007f050d905038:   00007f0500000000 0000000000000000
0x00007f050d905048:   0000000000000058 0000000000000004
0x00007f050d905058:   00007f050812b3e8 0000000000000013
0x00007f050d905068:   00007f04bb792660 00007f050000000a
0x00007f050d905078:   0000000108008448 00007f0508008000
0x00007f050d905088:   00007f04bb785db9 0000000000000000
0x00007f050d905098:   00007f0508008448 00007f050d905110
0x00007f050d9050a8:   00007f050de1b75f 00007f0508008000
0x00007f050d9050b8:   00007f0400000000 00007f050d9052d8
0x00007f050d9050c8:   00007f050d905290 00007f0508005ea0
0x00007f050d9050d8:   00000003c0940b18 0000000000000000
0x00007f050d9050e8:   00007f0508007770 00007f04bb9e2548
0x00007f050d9050f8:   00007f05080b4ff0 00007f0508008000
0x00007f050d905108:   00000000ffffffff 00007f050d905170
0x00007f050d905118:   0000000000000005 00000000002468e0
0x00007f050d905128:   0000000000000000 00007f050d905290
0x00007f050d905138:   00007f0508008000 00007f04bb784000
0x00007f050d905148:   000000326fa0dee0 00007f0500000005
0x00007f050d905158:   0000000000000000 00007f050814ac60
0x00007f050d905168:   00007f04bb784b48 00007f0508008000
0x00007f050d905178:   00007f050814ac60 00007f050d905210
0x00007f050d905188:   00007f05080081b8 000000000000001c
0x00007f050d905198:   000000326fa147b5 0000000000000000
0x00007f050d9051a8:   6f6e6f4d20736e61 00007f050e34b430
0x00007f050d9051b8:   00007f04f1cbc7f4 00007f050814ac60
0x00007f050d9051c8:   657571696c624f20 0000000000000025
0x00007f050d9051d8:   00007f050812b090 0000000000000043
0x00007f050d9051e8:   00007f04bb7926cb 00007f04c0eb58c0 

Instructions: (pc=0x000000326fa14d70)
0x000000326fa14d60:   10 75 02 f7 d8 89 05 0d b2 20 00 83 f8 00 78 51
0x000000326fa14d70:   64 c5 fd 7f 04 25 80 00 00 00 64 c5 fd 7f 0c 25 

Stack: [0x00007f050d807000,0x00007f050d908000],  sp=0x00007f050d904ff8,  free space=1015k
Native frames: (J=compiled Java code, j=interpreted, Vv=VM code, C=native code)
C  [ld-linux-x86-64.so.2+0x14d70]

Java frames: (J=compiled Java code, j=interpreted, Vv=VM code)
j  sun.font.NativeFont.fontExists([B)Z+0
j  sun.font.NativeFont.fontExists(Ljava/lang/String;)Z+19
j  sun.awt.X11GraphicsEnvironment.getX11FontName(Ljava/lang/String;)Ljava/lang/String;+10
j  sun.awt.X11GraphicsEnvironment.getFileNameFromPlatformName(Ljava/lang/String;)Ljava/lang/String;+321
j  sun.java2d.SunGraphicsEnvironment.initCompositeFonts(Lsun/awt/FontConfiguration;Ljava/util/concurrent/ConcurrentHashMap;)V+32
j  sun.java2d.SunGraphicsEnvironment.access$600(Lsun/java2d/SunGraphicsEnvironment;Lsun/awt/FontConfiguration;Ljava/util/concurrent/ConcurrentHashMap;)V+3
j  sun.java2d.SunGraphicsEnvironment$2.run()Ljava/lang/Object;+769
v  ~StubRoutines::call_stub
j  java.security.AccessController.doPrivileged(Ljava/security/PrivilegedAction;)Ljava/lang/Object;+0
j  sun.java2d.SunGraphicsEnvironment.<init>()V+44
j  sun.awt.X11GraphicsEnvironment.<init>()V+1
v  ~StubRoutines::call_stub
j  sun.reflect.NativeConstructorAccessorImpl.newInstance0(Ljava/lang/reflect/Constructor;[Ljava/lang/Object;)Ljava/lang/Object;+0
j  sun.reflect.NativeConstructorAccessorImpl.newInstance([Ljava/lang/Object;)Ljava/lang/Object;+72
j  sun.reflect.DelegatingConstructorAccessorImpl.newInstance([Ljava/lang/Object;)Ljava/lang/Object;+5
j  java.lang.reflect.Constructor.newInstance([Ljava/lang/Object;)Ljava/lang/Object;+92
j  java.lang.Class.newInstance0()Ljava/lang/Object;+118
j  java.lang.Class.newInstance()Ljava/lang/Object;+15
j  java.awt.GraphicsEnvironment.getLocalGraphicsEnvironment()Ljava/awt/GraphicsEnvironment;+27
j  java.awt.Window.init(Ljava/awt/GraphicsConfiguration;)V+48
j  java.awt.Window.<init>()V+87
j  java.awt.Frame.<init>(Ljava/lang/String;)V+1
j  java.awt.Frame.<init>()V+3
j  javax.swing.JFrame.<init>()V+1
j  aboutus.<init>()V+1
j  aboutus.main([Ljava/lang/String;)V+4
v  ~StubRoutines::call_stub

---------------  P R O C E S S  ---------------

Java Threads: ( => current thread )
  0x00007f0508137000 JavaThread "Java2D Disposer" daemon [_thread_blocked, id=4175, stack(0x00007f04bb683000,0x00007f04bb784000)]
  0x00007f050809e800 JavaThread "Low Memory Detector" daemon [_thread_blocked, id=4173, stack(0x00007f04c00f9000,0x00007f04c01fa000)]
  0x00007f050809b800 JavaThread "CompilerThread1" daemon [_thread_blocked, id=4172, stack(0x00007f04c01fa000,0x00007f04c02fb000)]
  0x00007f0508099800 JavaThread "CompilerThread0" daemon [_thread_blocked, id=4171, stack(0x00007f04c02fb000,0x00007f04c03fc000)]
  0x00007f0508097800 JavaThread "Signal Dispatcher" daemon [_thread_blocked, id=4170, stack(0x00007f04c03fc000,0x00007f04c04fd000)]
  0x00007f0508076800 JavaThread "Finalizer" daemon [_thread_blocked, id=4169, stack(0x00007f04c04fd000,0x00007f04c05fe000)]
  0x00007f0508074800 JavaThread "Reference Handler" daemon [_thread_blocked, id=4168, stack(0x00007f04c05fe000,0x00007f04c06ff000)]
=>0x00007f0508008000 JavaThread "main" [_thread_in_native, id=4162, stack(0x00007f050d807000,0x00007f050d908000)]

Other Threads:
  0x00007f050806f800 VMThread [stack: 0x00007f04c06ff000,0x00007f04c0800000] [id=4167]
  0x00007f05080a1000 WatcherThread [stack: 0x00007f04bbeff000,0x00007f04bc000000] [id=4174]

VM state:not at safepoint (normal execution)

VM Mutex/Monitor currently owned by a thread: None

Heap
 PSYoungGen      total 17344K, used 2112K [0x00007f04f1ab0000, 0x00007f04f2e00000, 0x00007f0505000000)
  eden space 14912K, 14% used [0x00007f04f1ab0000,0x00007f04f1cc0160,0x00007f04f2940000)
  from space 2432K, 0% used [0x00007f04f2ba0000,0x00007f04f2ba0000,0x00007f04f2e00000)
  to   space 2432K, 0% used [0x00007f04f2940000,0x00007f04f2940000,0x00007f04f2ba0000)
 PSOldGen        total 39552K, used 0K [0x00007f04cb000000, 0x00007f04cd6a0000, 0x00007f04f1ab0000)
  object space 39552K, 0% used [0x00007f04cb000000,0x00007f04cb000000,0x00007f04cd6a0000)
 PSPermGen       total 21248K, used 6877K [0x00007f04c0800000, 0x00007f04c1cc0000, 0x00007f04cb000000)
  object space 21248K, 32% used [0x00007f04c0800000,0x00007f04c0eb74f0,0x00007f04c1cc0000)

Dynamic libraries:
00400000-00408000 r-xp 00000000 fd:00 3016223                            /usr/lib/jvm/java-1.6.0-openjdk-1.6.0.0.x86_64/jre/bin/java
00608000-00609000 rw-p 00008000 fd:00 3016223                            /usr/lib/jvm/java-1.6.0-openjdk-1.6.0.0.x86_64/jre/bin/java
01eda000-01efb000 rw-p 00000000 00:00 0                                  [heap]
326fa00000-326fa1e000 r-xp 00000000 fd:00 1446247                        /lib64/ld-2.12.so
326fc1e000-326fc1f000 r--p 0001e000 fd:00 1446247                        /lib64/ld-2.12.so
326fc1f000-326fc20000 rw-p 0001f000 fd:00 1446247                        /lib64/ld-2.12.so
326fc20000-326fc21000 rw-p 00000000 00:00 0 
326fe00000-326fe04000 r-xp 00000000 fd:00 3016202                        /usr/lib/jvm/java-1.6.0-openjdk-1.6.0.0.x86_64/jre/lib/amd64/jli/libjli.so
326fe04000-3270003000 ---p 00004000 fd:00 3016202                        /usr/lib/jvm/java-1.6.0-openjdk-1.6.0.0.x86_64/jre/lib/amd64/jli/libjli.so
3270003000-3270004000 rw-p 00003000 fd:00 3016202                        /usr/lib/jvm/java-1.6.0-openjdk-1.6.0.0.x86_64/jre/lib/amd64/jli/libjli.so
3270200000-3270375000 r-xp 00000000 fd:00 1446248                        /lib64/libc-2.12.so
3270375000-3270575000 ---p 00175000 fd:00 1446248                        /lib64/libc-2.12.so
3270575000-3270579000 r--p 00175000 fd:00 1446248                        /lib64/libc-2.12.so
3270579000-327057a000 rw-p 00179000 fd:00 1446248                        /lib64/libc-2.12.so
327057a000-327057f000 rw-p 00000000 00:00 0 
3270600000-3270602000 r-xp 00000000 fd:00 1446252                        /lib64/libdl-2.12.so
3270602000-3270802000 ---p 00002000 fd:00 1446252                        /lib64/libdl-2.12.so
3270802000-3270803000 r--p 00002000 fd:00 1446252                        /lib64/libdl-2.12.so
3270803000-3270804000 rw-p 00003000 fd:00 1446252                        /lib64/libdl-2.12.so
3270a00000-3270a17000 r-xp 00000000 fd:00 1446251                        /lib64/libpthread-2.12.so
3270a17000-3270c17000 ---p 00017000 fd:00 1446251                        /lib64/libpthread-2.12.so
3270c17000-3270c18000 r--p 00017000 fd:00 1446251                        /lib64/libpthread-2.12.so
3270c18000-3270c19000 rw-p 00018000 fd:00 1446251                        /lib64/libpthread-2.12.so
3270c19000-3270c1d000 rw-p 00000000 00:00 0 
3270e00000-3270e83000 r-xp 00000000 fd:00 1446249                        /lib64/libm-2.12.so
3270e83000-3271082000 ---p 00083000 fd:00 1446249                        /lib64/libm-2.12.so
3271082000-3271083000 r--p 00082000 fd:00 1446249                        /lib64/libm-2.12.so
3271083000-3271084000 rw-p 00083000 fd:00 1446249                        /lib64/libm-2.12.so
3271200000-3271215000 r-xp 00000000 fd:00 1446253                        /lib64/libz.so.1.2.3
3271215000-3271414000 ---p 00015000 fd:00 1446253                        /lib64/libz.so.1.2.3
3271414000-3271415000 rw-p 00014000 fd:00 1446253                        /lib64/libz.so.1.2.3
3271600000-3271607000 r-xp 00000000 fd:00 1446262                        /lib64/librt-2.12.so
3271607000-3271806000 ---p 00007000 fd:00 1446262                        /lib64/librt-2.12.so
3271806000-3271807000 r--p 00006000 fd:00 1446262                        /lib64/librt-2.12.so
3271807000-3271808000 rw-p 00007000 fd:00 1446262                        /lib64/librt-2.12.so
3272600000-3272602000 r-xp 00000000 fd:00 2531264                        /usr/lib64/libXau.so.6.0.0
3272602000-3272802000 ---p 00002000 fd:00 2531264                        /usr/lib64/libXau.so.6.0.0
3272802000-3272803000 rw-p 00002000 fd:00 2531264                        /usr/lib64/libXau.so.6.0.0
3272a00000-3272b39000 r-xp 00000000 fd:00 2531266                        /usr/lib64/libX11.so.6.3.0
3272b39000-3272d39000 ---p 00139000 fd:00 2531266                        /usr/lib64/libX11.so.6.3.0
3272d39000-3272d3f000 rw-p 00139000 fd:00 2531266                        /usr/lib64/libX11.so.6.3.0
3272e00000-3272e1b000 r-xp 00000000 fd:00 2531265                        /usr/lib64/libxcb.so.1.1.0
3272e1b000-327301a000 ---p 0001b000 fd:00 2531265                        /usr/lib64/libxcb.so.1.1.0
327301a000-327301b000 rw-p 0001a000 fd:00 2531265                        /usr/lib64/libxcb.so.1.1.0
3273600000-3273611000 r-xp 00000000 fd:00 2531267                        /usr/lib64/libXext.so.6.4.0
3273611000-3273811000 ---p 00011000 fd:00 2531267                        /usr/lib64/libXext.so.6.4.0
3273811000-3273812000 rw-p 00011000 fd:00 2531267                        /usr/lib64/libXext.so.6.4.0
3273e00000-3273e97000 r-xp 00000000 fd:00 2531274                        /usr/lib64/libfreetype.so.6.3.22
3273e97000-3274096000 ---p 00097000 fd:00 2531274                        /usr/lib64/libfreetype.so.6.3.22
3274096000-327409c000 rw-p 00096000 fd:00 2531274                        /usr/lib64/libfreetype.so.6.3.22
3274e00000-3274e09000 r-xp 00000000 fd:00 2531269                        /usr/lib64/libXrender.so.1.3.0
3274e09000-3275009000 ---p 00009000 fd:00 2531269                        /usr/lib64/libXrender.so.1.3.0
3275009000-327500a000 rw-p 00009000 fd:00 2531269                        /usr/lib64/libXrender.so.1.3.0
3275200000-327520f000 r-xp 00000000 fd:00 2531268                        /usr/lib64/libXi.so.6.1.0
327520f000-327540e000 ---p 0000f000 fd:00 2531268                        /usr/lib64/libXi.so.6.1.0
327540e000-327540f000 rw-p 0000e000 fd:00 2531268                        /usr/lib64/libXi.so.6.1.0
3276600000-3276616000 r-xp 00000000 fd:00 1446263                        /lib64/libgcc_s-4.4.4-20100726.so.1
3276616000-3276815000 ---p 00016000 fd:00 1446263                        /lib64/libgcc_s-4.4.4-20100726.so.1
3276815000-3276816000 rw-p 00015000 fd:00 1446263                        /lib64/libgcc_s-4.4.4-20100726.so.1
327ea00000-327ea05000 r-xp 00000000 fd:00 2531298                        /usr/lib64/libXtst.so.6.1.0
327ea05000-327ec05000 ---p 00005000 fd:00 2531298                        /usr/lib64/libXtst.so.6.1.0
327ec05000-327ec06000 rw-p 00005000 fd:00 2531298                        /usr/lib64/libXtst.so.6.1.0
3281400000-3281416000 r-xp 00000000 fd:00 1442092                        /lib64/libnsl-2.12.so
3281416000-3281615000 ---p 00016000 fd:00 1442092                        /lib64/libnsl-2.12.so
3281615000-3281616000 r--p 00015000 fd:00 1442092                        /lib64/libnsl-2.12.so
3281616000-3281617000 rw-p 00016000 fd:00 1442092                        /lib64/libnsl-2.12.so
3281617000-3281619000 rw-p 00000000 00:00 0 
7f0478000000-7f0478021000 rw-p 00000000 00:00 0 
7f0478021000-7f047c000000 ---p 00000000 00:00 0 
7f0480000000-7f0480021000 rw-p 00000000 00:00 0 
7f0480021000-7f0484000000 ---p 00000000 00:00 0 
7f0484000000-7f0484021000 rw-p 00000000 00:00 0 
7f0484021000-7f0488000000 ---p 00000000 00:00 0 
7f0488000000-7f04881db000 rw-p 00000000 00:00 0 
7f04881db000-7f048c000000 ---p 00000000 00:00 0 
7f048c000000-7f048c353000 rw-p 00000000 00:00 0 
7f048c353000-7f0490000000 ---p 00000000 00:00 0 
7f0490000000-7f0490021000 rw-p 00000000 00:00 0 
7f0490021000-7f0494000000 ---p 00000000 00:00 0 
7f049616f000-7f049c000000 r--p 00000000 fd:00 2491177                    /usr/lib/locale/locale-archive
7f049c000000-7f049c021000 rw-p 00000000 00:00 0 
7f049c021000-7f04a0000000 ---p 00000000 00:00 0 
7f04a0000000-7f04a0021000 rw-p 00000000 00:00 0 
7f04a0021000-7f04a4000000 ---p 00000000 00:00 0 
7f04a4000000-7f04a4021000 rw-p 00000000 00:00 0 
7f04a4021000-7f04a8000000 ---p 00000000 00:00 0 
7f04a8000000-7f04a8021000 rw-p 00000000 00:00 0 
7f04a8021000-7f04ac000000 ---p 00000000 00:00 0 
7f04ac000000-7f04ac021000 rw-p 00000000 00:00 0 
7f04ac021000-7f04b0000000 ---p 00000000 00:00 0 
7f04b4000000-7f04b4021000 rw-p 00000000 00:00 0 
7f04b4021000-7f04b8000000 ---p 00000000 00:00 0 
7f04bb266000-7f04bb26e000 r-xp 00000000 fd:00 3033001                    /usr/lib/jvm/java-1.6.0-openjdk-1.6.0.0.x86_64/jre/lib/amd64/libnio.so
7f04bb26e000-7f04bb46d000 ---p 00008000 fd:00 3033001                    /usr/lib/jvm/java-1.6.0-openjdk-1.6.0.0.x86_64/jre/lib/amd64/libnio.so
7f04bb46d000-7f04bb46e000 rw-p 00007000 fd:00 3033001                    /usr/lib/jvm/java-1.6.0-openjdk-1.6.0.0.x86_64/jre/lib/amd64/libnio.so
7f04bb46e000-7f04bb482000 r-xp 00000000 fd:00 3033000                    /usr/lib/jvm/java-1.6.0-openjdk-1.6.0.0.x86_64/jre/lib/amd64/libnet.so
7f04bb482000-7f04bb682000 ---p 00014000 fd:00 3033000                    /usr/lib/jvm/java-1.6.0-openjdk-1.6.0.0.x86_64/jre/lib/amd64/libnet.so
7f04bb682000-7f04bb683000 rw-p 00014000 fd:00 3033000                    /usr/lib/jvm/java-1.6.0-openjdk-1.6.0.0.x86_64/jre/lib/amd64/libnet.so
7f04bb683000-7f04bb686000 ---p 00000000 00:00 0 
7f04bb686000-7f04bb784000 rw-p 00000000 00:00 0 
7f04bb784000-7f04bb7c8000 r-xp 00000000 fd:00 3032982                    /usr/lib/jvm/java-1.6.0-openjdk-1.6.0.0.x86_64/jre/lib/amd64/libfontmanager.so
7f04bb7c8000-7f04bb9c8000 ---p 00044000 fd:00 3032982                    /usr/lib/jvm/java-1.6.0-openjdk-1.6.0.0.x86_64/jre/lib/amd64/libfontmanager.so
7f04bb9c8000-7f04bb9cb000 rw-p 00044000 fd:00 3032982                    /usr/lib/jvm/java-1.6.0-openjdk-1.6.0.0.x86_64/jre/lib/amd64/libfontmanager.so
7f04bb9cb000-7f04bb9de000 rw-p 00000000 00:00 0 
7f04bb9de000-7f04bba29000 r-xp 00000000 fd:00 3033017                    /usr/lib/jvm/java-1.6.0-openjdk-1.6.0.0.x86_64/jre/lib/amd64/xawt/libmawt.so
7f04bba29000-7f04bbc28000 ---p 0004b000 fd:00 3033017                    /usr/lib/jvm/java-1.6.0-openjdk-1.6.0.0.x86_64/jre/lib/amd64/xawt/libmawt.so
7f04bbc28000-7f04bbc2c000 rw-p 0004a000 fd:00 3033017                    /usr/lib/jvm/java-1.6.0-openjdk-1.6.0.0.x86_64/jre/lib/amd64/xawt/libmawt.so
7f04bbc2c000-7f04bbc2d000 rw-p 00000000 00:00 0 
7f04bbc2d000-7f04bbccf000 r-xp 00000000 fd:00 3032980                    /usr/lib/jvm/java-1.6.0-openjdk-1.6.0.0.x86_64/jre/lib/amd64/libawt.so
7f04bbccf000-7f04bbecf000 ---p 000a2000 fd:00 3032980                    /usr/lib/jvm/java-1.6.0-openjdk-1.6.0.0.x86_64/jre/lib/amd64/libawt.so
7f04bbecf000-7f04bbeda000 rw-p 000a2000 fd:00 3032980                    /usr/lib/jvm/java-1.6.0-openjdk-1.6.0.0.x86_64/jre/lib/amd64/libawt.so
7f04bbeda000-7f04bbeff000 rw-p 00000000 00:00 0 
7f04bbeff000-7f04bbf00000 ---p 00000000 00:00 0 
7f04bbf00000-7f04bc000000 rw-p 00000000 00:00 0 
7f04bc000000-7f04bc021000 rw-p 00000000 00:00 0 
7f04bc021000-7f04c0000000 ---p 00000000 00:00 0 
7f04c00dd000-7f04c00e1000 r--s 00000000 fd:00 3028706                    /var/cache/fontconfig/87f5e051180a7a75f16eb6fe7dbd3749-le64.cache-3
7f04c00e1000-7f04c00ea000 r--s 00000000 fd:00 3019427                    /var/cache/fontconfig/b79f3aaa7d385a141ab53ec885cc22a8-le64.cache-3
7f04c00ea000-7f04c00ed000 r--s 00000000 fd:00 3043402                    /var/cache/fontconfig/0b1bcc92b4d25cc154d77dafe3bceaa0-le64.cache-3
7f04c00ed000-7f04c00ef000 r--s 00000000 fd:00 3043249                    /var/cache/fontconfig/2e1514a9fdd499050989183bb65136db-le64.cache-3
7f04c00ef000-7f04c00f2000 r--s 00000000 fd:00 3043248                    /var/cache/fontconfig/5c755b2f27115486aa6359c84dd3cbda-le64.cache-3
7f04c00f2000-7f04c00f3000 r--s 00000000 fd:00 3043409                    /var/cache/fontconfig/b966c23d19cce9e9a98d55765cf2a0c7-le64.cache-3
7f04c00f3000-7f04c00f5000 r--s 00000000 fd:00 3043250                    /var/cache/fontconfig/3f821257dd33660ba7bbb45c32deb84c-le64.cache-3
7f04c00f5000-7f04c00f7000 r--s 00000000 fd:00 3043415                    /var/cache/fontconfig/830f035fa84a65ce80e050178dbb630d-le64.cache-3
7f04c00f7000-7f04c00f8000 r--s 00000000 fd:00 3043251                    /var/cache/fontconfig/81a173283b451552b599cfaafd6236bd-le64.cache-3
7f04c00f8000-7f04c00f9000 r--s 00000000 fd:00 3043412                    /var/cache/fontconfig/ac68f755438cc3dc5a526084839fc7ca-le64.cache-3
7f04c00f9000-7f04c00fc000 ---p 00000000 00:00 0 
7f04c00fc000-7f04c01fa000 rw-p 00000000 00:00 0 
7f04c01fa000-7f04c01fd000 ---p 00000000 00:00 0 
7f04c01fd000-7f04c02fb000 rw-p 00000000 00:00 0 
7f04c02fb000-7f04c02fe000 ---p 00000000 00:00 0 
7f04c02fe000-7f04c03fc000 rw-p 00000000 00:00 0 
7f04c03fc000-7f04c03ff000 ---p 00000000 00:00 0 
7f04c03ff000-7f04c04fd000 rw-p 00000000 00:00 0 
7f04c04fd000-7f04c0500000 ---p 00000000 00:00 0 
7f04c0500000-7f04c05fe000 rw-p 00000000 00:00 0 
7f04c05fe000-7f04c0601000 ---p 00000000 00:00 0 
7f04c0601000-7f04c06ff000 rw-p 00000000 00:00 0 
7f04c06ff000-7f04c0700000 ---p 00000000 00:00 0 
7f04c0700000-7f04c0800000 rw-p 00000000 00:00 0 
7f04c0800000-7f04c1cc0000 rwxp 00000000 00:00 0 
7f04c1cc0000-7f04cb000000 rwxp 00000000 00:00 0 
7f04cb000000-7f04cd6a0000 rwxp 00000000 00:00 0 
7f04cd6a0000-7f04f1ab0000 rwxp 00000000 00:00 0 
7f04f1ab0000-7f04f2e00000 rwxp 00000000 00:00 0 
7f04f2e00000-7f0505000000 rwxp 00000000 00:00 0 
7f0505000000-7f0505270000 rwxp 00000000 00:00 0 
7f0505270000-7f0508000000 rwxp 00000000 00:00 0 
7f0508000000-7f05081b7000 rw-p 00000000 00:00 0 
7f05081b7000-7f050c000000 ---p 00000000 00:00 0 
7f050c000000-7f050c001000 r--s 00000000 fd:00 3043358                    /var/cache/fontconfig/6cfc7d49b27ba7d3eb71ab86e04def2c-le64.cache-3
7f050c001000-7f050c002000 r--s 00000000 fd:00 3043417                    /var/cache/fontconfig/46d51d90fe9d963f6f4186edb936a931-le64.cache-3
7f050c002000-7f050c003000 r--s 00000000 fd:00 3043416                    /var/cache/fontconfig/b887eea8f1b96e1d899b44ed6681fc27-le64.cache-3
7f050c003000-7f050c004000 r--s 00000000 fd:00 3043414                    /var/cache/fontconfig/860639f272b8b4b3094f9e399e41bccd-le64.cache-3
7f050c004000-7f050c005000 r--s 00000000 fd:00 3043413                    /var/cache/fontconfig/211368abcb0ff835c229ff05c9ec01dc-le64.cache-3
7f050c005000-7f050c006000 r--s 00000000 fd:00 3043418                    /var/cache/fontconfig/c46020d7221988a13df853d2b46304fc-le64.cache-3
7f050c006000-7f050c007000 r--s 00000000 fd:00 3043407                    /var/cache/fontconfig/df893b4576ad6107f9397134092c4059-le64.cache-3
7f050c007000-7f050c008000 r--s 00000000 fd:00 3043411                    /var/cache/fontconfig/900402270e15d763a6e008bb2d4c7686-le64.cache-3
7f050c008000-7f050c009000 r--s 00000000 fd:00 3043406                    /var/cache/fontconfig/47f48679023f44a4d1e44699a69464f6-le64.cache-3
7f050c009000-7f050c00a000 r--s 00000000 fd:00 3043404                    /var/cache/fontconfig/2881ed3fd21ca306ddad6f9b0dd3189f-le64.cache-3
7f050c00a000-7f050c00b000 r--s 00000000 fd:00 3043400                    /var/cache/fontconfig/3c3fb04d32a5211b073874b125d29701-le64.cache-3
7f050c00b000-7f050c00c000 r--s 00000000 fd:00 3043405                    /var/cache/fontconfig/e61abf8156cc476151baa07d67337cae-le64.cache-3
7f050c00c000-7f050c010000 r--s 00000000 fd:00 3043410                    /var/cache/fontconfig/b67b32625a2bb51b023d3814a918f351-le64.cache-3
7f050c010000-7f050c011000 r--s 00000000 fd:00 3043408                    /var/cache/fontconfig/991510d2da7f7b2bf8468002aae90060-le64.cache-3
7f050c011000-7f050c013000 r--s 00000000 fd:00 3043252                    /var/cache/fontconfig/d3379abda271c4acd2ad0c01f565d0b0-le64.cache-3
7f050c013000-7f050c014000 r--s 00000000 fd:00 3043401                    /var/cache/fontconfig/b4d0b56f766d89640448751fcd18ec1e-le64.cache-3
7f050c014000-7f050c01e000 r--s 00000000 fd:00 3043403                    /var/cache/fontconfig/12b26b760a24f8b4feb03ad48a333a72-le64.cache-3
7f050c01e000-7f050c030000 r--s 00000000 fd:00 3032374                    /var/cache/fontconfig/74717c444f6fd72454fa9c9c0ee01ca7-le64.cache-3
7f050c030000-7f050c037000 r--s 00000000 fd:00 3028709                    /var/cache/fontconfig/928306c3ad40271d946e41014a49fc28-le64.cache-3
7f050c037000-7f050c03e000 r--s 00000000 fd:00 3028708                    /var/cache/fontconfig/fa1582dab13e7e8e44e5a9424d309f0e-le64.cache-3
7f050c03e000-7f050c043000 r--s 00000000 fd:00 3043420                    /var/cache/fontconfig/18db0204b1f108dd01663673626fcd3d-le64.cache-3
7f050c043000-7f050c047000 r--s 00000000 fd:00 3028706                    /var/cache/fontconfig/87f5e051180a7a75f16eb6fe7dbd3749-le64.cache-3
7f050c047000-7f050c050000 r--s 00000000 fd:00 3019427                    /var/cache/fontconfig/b79f3aaa7d385a141ab53ec885cc22a8-le64.cache-3
7f050c050000-7f050c053000 r--s 00000000 fd:00 3043402                    /var/cache/fontconfig/0b1bcc92b4d25cc154d77dafe3bceaa0-le64.cache-3
7f050c053000-7f050c055000 r--s 00000000 fd:00 3043249                    /var/cache/fontconfig/2e1514a9fdd499050989183bb65136db-le64.cache-3
7f050c055000-7f050c058000 r--s 00000000 fd:00 3043248                    /var/cache/fontconfig/5c755b2f27115486aa6359c84dd3cbda-le64.cache-3
7f050c058000-7f050c059000 r--s 00000000 fd:00 3043409                    /var/cache/fontconfig/b966c23d19cce9e9a98d55765cf2a0c7-le64.cache-3
7f050c059000-7f050c05b000 r--s 00000000 fd:00 3043250                    /var/cache/fontconfig/3f821257dd33660ba7bbb45c32deb84c-le64.cache-3
7f050c05b000-7f050c05d000 r--s 00000000 fd:00 3043415                    /var/cache/fontconfig/830f035fa84a65ce80e050178dbb630d-le64.cache-3
7f050c05d000-7f050c05e000 r--s 00000000 fd:00 3043251                    /var/cache/fontconfig/81a173283b451552b599cfaafd6236bd-le64.cache-3
7f050c05e000-7f050c05f000 r--s 00000000 fd:00 3043412                    /var/cache/fontconfig/ac68f755438cc3dc5a526084839fc7ca-le64.cache-3
7f050c05f000-7f050c060000 r--s 00000000 fd:00 3043358                    /var/cache/fontconfig/6cfc7d49b27ba7d3eb71ab86e04def2c-le64.cache-3
7f050c060000-7f050c061000 r--s 00000000 fd:00 3043417                    /var/cache/fontconfig/46d51d90fe9d963f6f4186edb936a931-le64.cache-3
7f050c061000-7f050c062000 r--s 00000000 fd:00 3043416                    /var/cache/fontconfig/b887eea8f1b96e1d899b44ed6681fc27-le64.cache-3
7f050c062000-7f050c063000 r--s 00000000 fd:00 3043414                    /var/cache/fontconfig/860639f272b8b4b3094f9e399e41bccd-le64.cache-3
7f050c063000-7f050c064000 r--s 00000000 fd:00 3043413                    /var/cache/fontconfig/211368abcb0ff835c229ff05c9ec01dc-le64.cache-3
7f050c064000-7f050c065000 r--s 00000000 fd:00 3043418                    /var/cache/fontconfig/c46020d7221988a13df853d2b46304fc-le64.cache-3
7f050c065000-7f050c066000 r--s 00000000 fd:00 3043407                    /var/cache/fontconfig/df893b4576ad6107f9397134092c4059-le64.cache-3
7f050c066000-7f050c067000 r--s 00000000 fd:00 3043411                    /var/cache/fontconfig/900402270e15d763a6e008bb2d4c7686-le64.cache-3
7f050c067000-7f050c068000 r--s 00000000 fd:00 3043406                    /var/cache/fontconfig/47f48679023f44a4d1e44699a69464f6-le64.cache-3
7f050c068000-7f050c069000 r--s 00000000 fd:00 3043404                    /var/cache/fontconfig/2881ed3fd21ca306ddad6f9b0dd3189f-le64.cache-3
7f050c069000-7f050c06a000 r--s 00000000 fd:00 3043400                    /var/cache/fontconfig/3c3fb04d32a5211b073874b125d29701-le64.cache-3
7f050c06a000-7f050c06b000 r--s 00000000 fd:00 3043405                    /var/cache/fontconfig/e61abf8156cc476151baa07d67337cae-le64.cache-3
7f050c06b000-7f050c06f000 r--s 00000000 fd:00 3043410                    /var/cache/fontconfig/b67b32625a2bb51b023d3814a918f351-le64.cache-3
7f050c06f000-7f050c070000 r--s 00000000 fd:00 3043408                    /var/cache/fontconfig/991510d2da7f7b2bf8468002aae90060-le64.cache-3
7f050c070000-7f050c072000 r--s 00000000 fd:00 3043252                    /var/cache/fontconfig/d3379abda271c4acd2ad0c01f565d0b0-le64.cache-3
7f050c072000-7f050c073000 r--s 00000000 fd:00 3043401                    /var/cache/fontconfig/b4d0b56f766d89640448751fcd18ec1e-le64.cache-3
7f050c073000-7f050c07d000 r--s 00000000 fd:00 3043403                    /var/cache/fontconfig/12b26b760a24f8b4feb03ad48a333a72-le64.cache-3
7f050c07d000-7f050c08f000 r--s 00000000 fd:00 3032374                    /var/cache/fontconfig/74717c444f6fd72454fa9c9c0ee01ca7-le64.cache-3
7f050c08f000-7f050c167000 rw-p 00000000 00:00 0 
7f050c167000-7f050c2fd000 r--s 03906000 fd:00 3033077                    /usr/lib/jvm/java-1.6.0-openjdk-1.6.0.0.x86_64/jre/lib/rt.jar
7f050c2fd000-7f050c2fe000 ---p 00000000 00:00 0 
7f050c2fe000-7f050c3fe000 rw-p 00000000 00:00 0 
7f050c3fe000-7f050c3ff000 ---p 00000000 00:00 0 
7f050c3ff000-7f050c4ff000 rw-p 00000000 00:00 0 
7f050c4ff000-7f050c500000 ---p 00000000 00:00 0 
7f050c500000-7f050c600000 rw-p 00000000 00:00 0 
7f050c600000-7f050c601000 ---p 00000000 00:00 0 
7f050c601000-7f050c701000 rw-p 00000000 00:00 0 
7f050c701000-7f050c70c000 rwxp 00000000 00:00 0 
7f050c70c000-7f050c755000 rwxp 00000000 00:00 0 
7f050c755000-7f050c769000 rwxp 00000000 00:00 0 
7f050c769000-7f050c88b000 rwxp 00000000 00:00 0 
7f050c88b000-7f050c896000 rwxp 00000000 00:00 0 
7f050c896000-7f050c8df000 rwxp 00000000 00:00 0 
7f050c8df000-7f050c8f3000 rwxp 00000000 00:00 0 
7f050c8f3000-7f050ca14000 rwxp 00000000 00:00 0 
7f050ca14000-7f050ca1e000 rwxp 00000000 00:00 0 
7f050ca1e000-7f050caaf000 rwxp 00000000 00:00 0 
7f050caaf000-7f050caba000 rwxp 00000000 00:00 0 
7f050caba000-7f050cb70000 rwxp 00000000 00:00 0 
7f050cb70000-7f050cb77000 r-xp 00000000 fd:00 3033009                    /usr/lib/jvm/java-1.6.0-openjdk-1.6.0.0.x86_64/jre/lib/amd64/libzip.so
7f050cb77000-7f050cd76000 ---p 00007000 fd:00 3033009                    /usr/lib/jvm/java-1.6.0-openjdk-1.6.0.0.x86_64/jre/lib/amd64/libzip.so
7f050cd76000-7f050cd77000 rw-p 00006000 fd:00 3033009                    /usr/lib/jvm/java-1.6.0-openjdk-1.6.0.0.x86_64/jre/lib/amd64/libzip.so
7f050cd77000-7f050cd81000 r-xp 00000000 fd:00 1441826                    /lib64/libnss_nis-2.12.so
7f050cd81000-7f050cf80000 ---p 0000a000 fd:00 1441826                    /lib64/libnss_nis-2.12.so
7f050cf80000-7f050cf81000 r--p 00009000 fd:00 1441826                    /lib64/libnss_nis-2.12.so
7f050cf81000-7f050cf82000 rw-p 0000a000 fd:00 1441826                    /lib64/libnss_nis-2.12.so
7f050cf82000-7f050cf8e000 r-xp 00000000 fd:00 1441822                    /lib64/libnss_files-2.12.so
7f050cf8e000-7f050d18d000 ---p 0000c000 fd:00 1441822                    /lib64/libnss_files-2.12.so
7f050d18d000-7f050d18e000 r--p 0000b000 fd:00 1441822                    /lib64/libnss_files-2.12.so
7f050d18e000-7f050d18f000 rw-p 0000c000 fd:00 1441822                    /lib64/libnss_files-2.12.so
7f050d18f000-7f050d190000 r--s 00000000 fd:00 3043399                    /var/cache/fontconfig/1248881498ac025e45c3042f6afe9284-le64.cache-3
7f050d190000-7f050d191000 r--s 00000000 fd:00 3043365                    /var/cache/fontconfig/d04038e664b0033ae700a78c51f179d3-le64.cache-3
7f050d191000-7f050d198000 r--s 00000000 fd:00 3028709                    /var/cache/fontconfig/928306c3ad40271d946e41014a49fc28-le64.cache-3
7f050d198000-7f050d1c0000 rw-p 00000000 00:00 0 
7f050d1c0000-7f050d1c8000 r-xp 00000000 fd:00 3033011                    /usr/lib/jvm/java-1.6.0-openjdk-1.6.0.0.x86_64/jre/lib/amd64/native_threads/libhpi.so
7f050d1c8000-7f050d3c7000 ---p 00008000 fd:00 3033011                    /usr/lib/jvm/java-1.6.0-openjdk-1.6.0.0.x86_64/jre/lib/amd64/native_threads/libhpi.so
7f050d3c7000-7f050d3c8000 rw-p 00007000 fd:00 3033011                    /usr/lib/jvm/java-1.6.0-openjdk-1.6.0.0.x86_64/jre/lib/amd64/native_threads/libhpi.so
7f050d3c8000-7f050d3c9000 rw-p 00000000 00:00 0 
7f050d3c9000-7f050d3f4000 r-xp 00000000 fd:00 3032989                    /usr/lib/jvm/java-1.6.0-openjdk-1.6.0.0.x86_64/jre/lib/amd64/libjava.so
7f050d3f4000-7f050d5f4000 ---p 0002b000 fd:00 3032989                    /usr/lib/jvm/java-1.6.0-openjdk-1.6.0.0.x86_64/jre/lib/amd64/libjava.so
7f050d5f4000-7f050d5f8000 rw-p 0002b000 fd:00 3032989                    /usr/lib/jvm/java-1.6.0-openjdk-1.6.0.0.x86_64/jre/lib/amd64/libjava.so
7f050d5f8000-7f050d606000 r-xp 00000000 fd:00 3033008                    /usr/lib/jvm/java-1.6.0-openjdk-1.6.0.0.x86_64/jre/lib/amd64/libverify.so
7f050d606000-7f050d805000 ---p 0000e000 fd:00 3033008                    /usr/lib/jvm/java-1.6.0-openjdk-1.6.0.0.x86_64/jre/lib/amd64/libverify.so
7f050d805000-7f050d807000 rw-p 0000d000 fd:00 3033008                    /usr/lib/jvm/java-1.6.0-openjdk-1.6.0.0.x86_64/jre/lib/amd64/libverify.so
7f050d807000-7f050d80a000 ---p 00000000 00:00 0 
7f050d80a000-7f050d908000 rw-p 00000000 00:00 0 
7f050d908000-7f050e0b4000 r-xp 00000000 fd:00 3033015                    /usr/lib/jvm/java-1.6.0-openjdk-1.6.0.0.x86_64/jre/lib/amd64/server/libjvm.so
7f050e0b4000-7f050e2b4000 ---p 007ac000 fd:00 3033015                    /usr/lib/jvm/java-1.6.0-openjdk-1.6.0.0.x86_64/jre/lib/amd64/server/libjvm.so
7f050e2b4000-7f050e342000 rw-p 007ac000 fd:00 3033015                    /usr/lib/jvm/java-1.6.0-openjdk-1.6.0.0.x86_64/jre/lib/amd64/server/libjvm.so
7f050e342000-7f050e383000 rw-p 00000000 00:00 0 
7f050e383000-7f050e386000 r--s 00000000 fd:00 3043364                    /var/cache/fontconfig/beeeeb3dfe132a8a0633a017c99ce0c0-le64.cache-3
7f050e386000-7f050e38d000 r--s 00000000 fd:00 3028708                    /var/cache/fontconfig/fa1582dab13e7e8e44e5a9424d309f0e-le64.cache-3
7f050e38d000-7f050e392000 r--s 00000000 fd:00 3043420                    /var/cache/fontconfig/18db0204b1f108dd01663673626fcd3d-le64.cache-3
7f050e392000-7f050e393000 r--s 00000000 fd:00 3043399                    /var/cache/fontconfig/1248881498ac025e45c3042f6afe9284-le64.cache-3
7f050e393000-7f050e394000 r--s 00000000 fd:00 3043365                    /var/cache/fontconfig/d04038e664b0033ae700a78c51f179d3-le64.cache-3
7f050e394000-7f050e397000 r--s 00000000 fd:00 3043364                    /var/cache/fontconfig/beeeeb3dfe132a8a0633a017c99ce0c0-le64.cache-3
7f050e397000-7f050e39e000 r--s 000fe000 fd:00 3033075                    /usr/lib/jvm/java-1.6.0-openjdk-1.6.0.0.x86_64/jre/lib/resources.jar
7f050e39e000-7f050e3a1000 r--s 0000f000 fd:00 3033035                    /usr/lib/jvm/java-1.6.0-openjdk-1.6.0.0.x86_64/jre/lib/ext/pulse-java.jar
7f050e3a1000-7f050e3aa000 r--s 00065000 fd:00 3033032                    /usr/lib/jvm/java-1.6.0-openjdk-1.6.0.0.x86_64/jre/lib/ext/gnome-java-bridge.jar
7f050e3aa000-7f050e3b2000 rw-s 00000000 fd:00 2228513                    /tmp/hsperfdata_BG20/4161
7f050e3b2000-7f050e3b3000 rw-p 00000000 00:00 0 
7f050e3b3000-7f050e3b4000 r--p 00000000 00:00 0 
7f050e3b4000-7f050e3b5000 rw-p 00000000 00:00 0 
7fff481b1000-7fff481c6000 rw-p 00000000 00:00 0                          [stack]
7fff481ff000-7fff48200000 r-xp 00000000 00:00 0                          [vdso]
ffffffffff600000-ffffffffff601000 r-xp 00000000 00:00 0                  [vsyscall]

VM Arguments:
java_command: aboutus
Launcher Type: SUN_STANDARD

Environment Variables:
JAVA_HOME=/var/jdk
CLASSPATH=:/projects/postgresql-8.2dev-503.jdbc3.jar:/projects/mysql-connector-java-5.1.6.jar:/exports/BG20/tomcat/lib/servlet-api.jar:/exports/BG20/tomcat/lib/postgresql-8.2dev-503.jdbc3.jar:/exports/BG20/tomcat/lib/mysql-connector-java-5.1.6.jar:/exports/BG20:/projects/postgresql-8.2dev-503.jdbc3.jar:/projects/mysql-connector-java-5.1.6.jar:/exports/BG20/tomcat/lib/servlet-api.jar:/exports/BG20/tomcat/lib/postgresql-8.2dev-503.jdbc3.jar:/exports/BG20/tomcat/lib/mysql-connector-java-5.1.6.jar:/exports/BG20
PATH=/usr/lib64/qt-3.3/bin:/usr/kerberos/sbin:/usr/kerberos/bin:/usr/local/bin:/usr/bin:/bin:/usr/local/sbin:/usr/sbin:/sbin:/var/jdk/bin:/exports/BG20/bin:/var/jdk/bin:/exports/BG20/bin
USERNAME=BG20
LD_LIBRARY_PATH=/usr/lib/jvm/java-1.6.0-openjdk-1.6.0.0.x86_64/jre/lib/amd64/server:/usr/lib/jvm/java-1.6.0-openjdk-1.6.0.0.x86_64/jre/lib/amd64:/usr/lib/jvm/java-1.6.0-openjdk-1.6.0.0.x86_64/jre/../lib/amd64
SHELL=/bin/bash
DISPLAY=:1.0

Signal Handlers:
SIGSEGV: [libjvm.so+0x64f8e0], sa_mask[0]=0x7ffbfeff, sa_flags=0x10000004
SIGBUS: [libjvm.so+0x64f8e0], sa_mask[0]=0x7ffbfeff, sa_flags=0x10000004
SIGFPE: [libjvm.so+0x531ca0], sa_mask[0]=0x7ffbfeff, sa_flags=0x10000004
SIGPIPE: [libjvm.so+0x531ca0], sa_mask[0]=0x7ffbfeff, sa_flags=0x10000004
SIGXFSZ: [libjvm.so+0x531ca0], sa_mask[0]=0x7ffbfeff, sa_flags=0x10000004
SIGILL: [libjvm.so+0x531ca0], sa_mask[0]=0x7ffbfeff, sa_flags=0x10000004
SIGUSR1: SIG_DFL, sa_mask[0]=0x00000000, sa_flags=0x00000000
SIGUSR2: [libjvm.so+0x531450], sa_mask[0]=0x00000000, sa_flags=0x10000004
SIGHUP: [libjvm.so+0x533880], sa_mask[0]=0x7ffbfeff, sa_flags=0x10000004
SIGINT: [libjvm.so+0x533880], sa_mask[0]=0x7ffbfeff, sa_flags=0x10000004
SIGTERM: [libjvm.so+0x533880], sa_mask[0]=0x7ffbfeff, sa_flags=0x10000004
SIGQUIT: [libjvm.so+0x533880], sa_mask[0]=0x7ffbfeff, sa_flags=0x10000004


---------------  S Y S T E M  ---------------

OS:Red Hat Enterprise Linux Server release 6.0 (Santiago)

uname:Linux 2.6.32-71.el6.x86_64 #1 SMP Wed Sep 1 01:33:01 EDT 2010 x86_64
libc:glibc 2.12 NPTL 2.12 
rlimit: STACK 10240k, CORE 0k, NPROC 1024, NOFILE 1024, AS infinity
load average:0.00 0.06 0.07

CPU:total 4 (8 cores per cpu, 2 threads per core) family 6 model 60 stepping 3, cmov, cx8, fxsr, mmx, sse, sse2, sse3, ssse3, sse4.1, sse4.2, ht

Memory: 4k page, physical 3792956k(2788352k free), swap 6029304k(6029304k free)

vm_info: OpenJDK 64-Bit Server VM (14.0-b16) for linux-amd64 JRE (1.6.0_17-b17), built on Jul 29 2010 16:58:21 by "mockbuild" with gcc 4.4.4 20100726 (Red Hat 4.4.4-13)

time: Wed Jan  3 16:50:35 2018
elapsed time: 0 seconds

